2019-04-18 21:06:47 [main] INFO  cn.edu.bupt.demo.DemoApplication - "Starting DemoApplication on DESKTOP-B1B2R43 with PID 6376 (C:\Users\hzq\Desktop\demo\target\classes started by hzq in C:\Users\hzq\Desktop\demo)"
2019-04-18 21:06:47 [main] INFO  cn.edu.bupt.demo.DemoApplication - "No active profile set, falling back to default profiles: default"
2019-04-18 21:06:47 [main] INFO  o.s.b.w.s.c.AnnotationConfigServletWebServerApplicationContext - "Refreshing org.springframework.boot.web.servlet.context.AnnotationConfigServletWebServerApplicationContext@7eac9008: startup date [Thu Apr 18 21:06:47 CST 2019]; root of context hierarchy"
2019-04-18 21:06:48 [main] INFO  o.s.b.w.e.tomcat.TomcatWebServer - "Tomcat initialized with port(s): 8100 (http)"
2019-04-18 21:06:48 [main] INFO  o.a.coyote.http11.Http11NioProtocol - "Initializing ProtocolHandler ["http-nio-8100"]"
2019-04-18 21:06:48 [main] INFO  o.a.catalina.core.StandardService - "Starting service [Tomcat]"
2019-04-18 21:06:48 [main] INFO  o.a.catalina.core.StandardEngine - "Starting Servlet Engine: Apache Tomcat/8.5.34"
2019-04-18 21:06:48 [localhost-startStop-1] INFO  o.a.c.core.AprLifecycleListener - "The APR based Apache Tomcat Native library which allows optimal performance in production environments was not found on the java.library.path: [C:\Program Files\Java\jdk1.8.0_191\bin;C:\Windows\Sun\Java\bin;C:\Windows\system32;C:\Windows;C:\Program Files (x86)\Common Files\Oracle\Java\javapath;C:\Windows\system32;C:\Windows;C:\Windows\System32\Wbem;C:\Windows\System32\WindowsPowerShell\v1.0\;C:\Windows\System32\OpenSSH\;C:\Program Files\Java\jdk1.8.0_191\bin;C:\Program Files\Java\jdk1.8.0_191\jre\bin;D:\sqlite;D:\Git\cmd;C:\Users\hzq\AppData\Local\Microsoft\WindowsApps;;.]"
2019-04-18 21:06:49 [localhost-startStop-1] INFO  o.a.c.c.C.[Tomcat].[localhost].[/] - "Initializing Spring embedded WebApplicationContext"
2019-04-18 21:06:49 [localhost-startStop-1] INFO  o.s.web.context.ContextLoader - "Root WebApplicationContext: initialization completed in 1208 ms"
2019-04-18 21:06:49 [localhost-startStop-1] INFO  o.s.b.w.s.ServletRegistrationBean - "Servlet dispatcherServlet mapped to [/]"
2019-04-18 21:06:49 [localhost-startStop-1] INFO  o.s.b.w.s.FilterRegistrationBean - "Mapping filter: 'characterEncodingFilter' to: [/*]"
2019-04-18 21:06:49 [localhost-startStop-1] INFO  o.s.b.w.s.FilterRegistrationBean - "Mapping filter: 'hiddenHttpMethodFilter' to: [/*]"
2019-04-18 21:06:49 [localhost-startStop-1] INFO  o.s.b.w.s.FilterRegistrationBean - "Mapping filter: 'httpPutFormContentFilter' to: [/*]"
2019-04-18 21:06:49 [localhost-startStop-1] INFO  o.s.b.w.s.FilterRegistrationBean - "Mapping filter: 'requestContextFilter' to: [/*]"
2019-04-18 21:06:49 [main] INFO  o.s.w.s.h.SimpleUrlHandlerMapping - "Mapped URL path [/**/favicon.ico] onto handler of type [class org.springframework.web.servlet.resource.ResourceHttpRequestHandler]"
2019-04-18 21:06:49 [main] INFO  o.s.w.s.m.m.a.RequestMappingHandlerAdapter - "Looking for @ControllerAdvice: org.springframework.boot.web.servlet.context.AnnotationConfigServletWebServerApplicationContext@7eac9008: startup date [Thu Apr 18 21:06:47 CST 2019]; root of context hierarchy"
2019-04-18 21:06:49 [main] INFO  o.s.w.s.m.m.a.RequestMappingHandlerMapping - "Mapped "{[/api/v1/info/uploadFile],methods=[POST]}" onto public java.lang.String cn.edu.bupt.demo.controller.DocumentsController.uploadFile(org.springframework.web.multipart.MultipartFile,java.lang.Integer,java.lang.Integer) throws java.lang.Exception"
2019-04-18 21:06:49 [main] INFO  o.s.w.s.m.m.a.RequestMappingHandlerMapping - "Mapped "{[/api/v1/info/download/{id}/{type}/{fileName}/{fileType}],methods=[GET]}" onto public void cn.edu.bupt.demo.controller.DocumentsController.downloadFile(java.lang.Integer,java.lang.Integer,java.lang.String,java.lang.String,javax.servlet.http.HttpServletResponse,javax.servlet.http.HttpServletRequest) throws java.io.IOException"
2019-04-18 21:06:49 [main] INFO  o.s.w.s.m.m.a.RequestMappingHandlerMapping - "Mapped "{[/api/v1/info/showFile/{id}/{type}],methods=[GET]}" onto public java.lang.String cn.edu.bupt.demo.controller.DocumentsController.getAllFile(java.lang.Integer,java.lang.Integer) throws java.io.IOException"
2019-04-18 21:06:49 [main] INFO  o.s.w.s.m.m.a.RequestMappingHandlerMapping - "Mapped "{[/api/v1/info/delete/{id}/{type}/{fileName}/{fileType}],methods=[DELETE]}" onto public void cn.edu.bupt.demo.controller.DocumentsController.deleteFile(java.lang.Integer,java.lang.Integer,java.lang.String,java.lang.String) throws java.io.UnsupportedEncodingException"
2019-04-18 21:06:49 [main] INFO  o.s.w.s.m.m.a.RequestMappingHandlerMapping - "Mapped "{[/api/v1/info/emergency],methods=[PUT],produces=[text/html;charset=UTF-8]}" onto public java.lang.String cn.edu.bupt.demo.controller.EmergencyPlanController.updateEmergencyPlan(java.lang.String) throws java.lang.Exception"
2019-04-18 21:06:49 [main] INFO  o.s.w.s.m.m.a.RequestMappingHandlerMapping - "Mapped "{[/api/v1/info/emergency],methods=[POST],produces=[text/html;charset=UTF-8]}" onto public java.lang.String cn.edu.bupt.demo.controller.EmergencyPlanController.createEmergencyPlan(java.lang.String) throws java.lang.Exception"
2019-04-18 21:06:49 [main] INFO  o.s.w.s.m.m.a.RequestMappingHandlerMapping - "Mapped "{[/api/v1/info/emergencyByPage],methods=[GET],params=[limit && page],produces=[text/html;charset=UTF-8]}" onto public java.lang.String cn.edu.bupt.demo.controller.EmergencyPlanController.getPlanByPage(int,int) throws java.lang.Exception"
2019-04-18 21:06:49 [main] INFO  o.s.w.s.m.m.a.RequestMappingHandlerMapping - "Mapped "{[/api/v1/info/emergencyByLevel],methods=[GET],params=[level],produces=[text/html;charset=UTF-8]}" onto public java.lang.String cn.edu.bupt.demo.controller.EmergencyPlanController.getPlanByLevel(java.lang.Integer) throws java.lang.Exception"
2019-04-18 21:06:49 [main] INFO  o.s.w.s.m.m.a.RequestMappingHandlerMapping - "Mapped "{[/api/v1/info/emergencyBySigner],methods=[GET],params=[signer],produces=[text/html;charset=UTF-8]}" onto public java.lang.String cn.edu.bupt.demo.controller.EmergencyPlanController.getPlanBySigner(java.lang.String) throws java.lang.Exception"
2019-04-18 21:06:49 [main] INFO  o.s.w.s.m.m.a.RequestMappingHandlerMapping - "Mapped "{[/api/v1/info/emergencyALL],methods=[GET],produces=[text/html;charset=UTF-8]}" onto public java.lang.String cn.edu.bupt.demo.controller.EmergencyPlanController.getAllPlan() throws java.lang.Exception"
2019-04-18 21:06:49 [main] INFO  o.s.w.s.m.m.a.RequestMappingHandlerMapping - "Mapped "{[/api/v1/info/emergencyById],methods=[GET],params=[emergencyId],produces=[text/html;charset=UTF-8]}" onto public java.lang.String cn.edu.bupt.demo.controller.EmergencyPlanController.getPlanById(java.lang.Integer) throws java.lang.Exception"
2019-04-18 21:06:49 [main] INFO  o.s.w.s.m.m.a.RequestMappingHandlerMapping - "Mapped "{[/api/v1/info/emergencyPages],methods=[GET],params=[limit]}" onto public java.lang.Integer cn.edu.bupt.demo.controller.EmergencyPlanController.getPlanPages(int) throws java.lang.Exception"
2019-04-18 21:06:49 [main] INFO  o.s.w.s.m.m.a.RequestMappingHandlerMapping - "Mapped "{[/api/v1/info/emergencyByName],methods=[GET],params=[name],produces=[text/html;charset=UTF-8]}" onto public java.lang.String cn.edu.bupt.demo.controller.EmergencyPlanController.getPlanByName(java.lang.String) throws java.lang.Exception"
2019-04-18 21:06:49 [main] INFO  o.s.w.s.m.m.a.RequestMappingHandlerMapping - "Mapped "{[/api/v1/info/emergency],methods=[DELETE],params=[id]}" onto public void cn.edu.bupt.demo.controller.EmergencyPlanController.deletePlanById(java.lang.Integer)"
2019-04-18 21:06:49 [main] INFO  o.s.w.s.m.m.a.RequestMappingHandlerMapping - "Mapped "{[/api/v1/info/emergencyCount],methods=[GET]}" onto public java.lang.Integer cn.edu.bupt.demo.controller.EmergencyPlanController.getEPlanCount() throws java.lang.Exception"
2019-04-18 21:06:49 [main] INFO  o.s.w.s.m.m.a.RequestMappingHandlerMapping - "Mapped "{[/api/v1/info/entranceWorkById],methods=[GET],params=[entranceId],produces=[text/html;charset=UTF-8]}" onto public java.lang.String cn.edu.bupt.demo.controller.EntranceWorkController.getEntranceWorkById(java.lang.Integer) throws java.lang.Exception"
2019-04-18 21:06:49 [main] INFO  o.s.w.s.m.m.a.RequestMappingHandlerMapping - "Mapped "{[/api/v1/info/workCountByRange],methods=[GET],params=[range]}" onto public java.lang.Integer cn.edu.bupt.demo.controller.EntranceWorkController.getWorkCountByRange(java.lang.String) throws java.lang.Exception"
2019-04-18 21:06:49 [main] INFO  o.s.w.s.m.m.a.RequestMappingHandlerMapping - "Mapped "{[/api/v1/info/entranceWorkByPage],methods=[GET],params=[limit && page],produces=[text/html;charset=UTF-8]}" onto public java.lang.String cn.edu.bupt.demo.controller.EntranceWorkController.getEntranceWorkByPage(int,int) throws java.lang.Exception"
2019-04-18 21:06:49 [main] INFO  o.s.w.s.m.m.a.RequestMappingHandlerMapping - "Mapped "{[/api/v1/info/entranceWorkByRange],methods=[GET],params=[range && limit && page],produces=[text/html;charset=UTF-8]}" onto public java.lang.String cn.edu.bupt.demo.controller.EntranceWorkController.getEntranceWorkByRange(java.lang.String,int,int) throws java.lang.Exception"
2019-04-18 21:06:49 [main] INFO  o.s.w.s.m.m.a.RequestMappingHandlerMapping - "Mapped "{[/api/v1/info/entranceWork],methods=[PUT],produces=[text/html;charset=UTF-8]}" onto public java.lang.String cn.edu.bupt.demo.controller.EntranceWorkController.updateEntranceWork(java.lang.String) throws java.lang.Exception"
2019-04-18 21:06:49 [main] INFO  o.s.w.s.m.m.a.RequestMappingHandlerMapping - "Mapped "{[/api/v1/info/entranceWork],methods=[GET],produces=[text/html;charset=UTF-8]}" onto public java.lang.String cn.edu.bupt.demo.controller.EntranceWorkController.getAllEntranceWork() throws java.lang.Exception"
2019-04-18 21:06:49 [main] INFO  o.s.w.s.m.m.a.RequestMappingHandlerMapping - "Mapped "{[/api/v1/info/entranceWorkPages],methods=[GET],params=[limit]}" onto public java.lang.Integer cn.edu.bupt.demo.controller.EntranceWorkController.getEntranceWorkPages(int) throws java.lang.Exception"
2019-04-18 21:06:49 [main] INFO  o.s.w.s.m.m.a.RequestMappingHandlerMapping - "Mapped "{[/api/v1/info/entranceWorkCount],methods=[GET]}" onto public java.lang.Integer cn.edu.bupt.demo.controller.EntranceWorkController.getEntranceWorkCount() throws java.lang.Exception"
2019-04-18 21:06:49 [main] INFO  o.s.w.s.m.m.a.RequestMappingHandlerMapping - "Mapped "{[/api/v1/info/entranceWork],methods=[POST],produces=[text/html;charset=UTF-8]}" onto public java.lang.String cn.edu.bupt.demo.controller.EntranceWorkController.createEntranceWork(java.lang.String) throws java.lang.Exception"
2019-04-18 21:06:49 [main] INFO  o.s.w.s.m.m.a.RequestMappingHandlerMapping - "Mapped "{[/api/v1/info/entranceWorkEvaluation],methods=[PUT],produces=[text/html;charset=UTF-8]}" onto public java.lang.String cn.edu.bupt.demo.controller.EntranceWorkController.updateEvaluation(java.lang.String) throws java.lang.Exception"
2019-04-18 21:06:49 [main] INFO  o.s.w.s.m.m.a.RequestMappingHandlerMapping - "Mapped "{[/api/v1/info/entranceWorkById],methods=[DELETE],params=[WorkId]}" onto public void cn.edu.bupt.demo.controller.EntranceWorkController.deleteWorkById(java.lang.Integer)"
2019-04-18 21:06:49 [main] INFO  o.s.w.s.m.m.a.RequestMappingHandlerMapping - "Mapped "{[/api/v1/info/entranceWorkByDate],methods=[DELETE],params=[date]}" onto public void cn.edu.bupt.demo.controller.EntranceWorkController.deleteWorkByDate(java.lang.Long)"
2019-04-18 21:06:49 [main] INFO  o.s.w.s.m.m.a.RequestMappingHandlerMapping - "Mapped "{[/api/v1/info/equis],methods=[GET],params=[location],produces=[text/html;charset=UTF-8]}" onto public java.lang.String cn.edu.bupt.demo.controller.EquisController.getEquisByLocation(java.lang.String) throws java.lang.Exception"
2019-04-18 21:06:49 [main] INFO  o.s.w.s.m.m.a.RequestMappingHandlerMapping - "Mapped "{[/api/v1/info/equis],methods=[GET],params=[affiliation],produces=[text/html;charset=UTF-8]}" onto public java.lang.String cn.edu.bupt.demo.controller.EquisController.getEquisByAffiliation(java.lang.String) throws java.lang.Exception"
2019-04-18 21:06:49 [main] INFO  o.s.w.s.m.m.a.RequestMappingHandlerMapping - "Mapped "{[/api/v1/info/equis],methods=[DELETE],params=[id]}" onto public void cn.edu.bupt.demo.controller.EquisController.deletePlanById(java.lang.Integer)"
2019-04-18 21:06:49 [main] INFO  o.s.w.s.m.m.a.RequestMappingHandlerMapping - "Mapped "{[/api/v1/info/equisByPage],methods=[GET],params=[limit && page],produces=[text/html;charset=UTF-8]}" onto public java.lang.String cn.edu.bupt.demo.controller.EquisController.getEquisByPage(int,int) throws java.lang.Exception"
2019-04-18 21:06:49 [main] INFO  o.s.w.s.m.m.a.RequestMappingHandlerMapping - "Mapped "{[/api/v1/info/equisCount],methods=[GET]}" onto public java.lang.Integer cn.edu.bupt.demo.controller.EquisController.getEquisCount() throws java.lang.Exception"
2019-04-18 21:06:49 [main] INFO  o.s.w.s.m.m.a.RequestMappingHandlerMapping - "Mapped "{[/api/v1/info/equis],methods=[POST],produces=[text/html;charset=UTF-8]}" onto public java.lang.String cn.edu.bupt.demo.controller.EquisController.createEquis(java.lang.String) throws java.lang.Exception"
2019-04-18 21:06:49 [main] INFO  o.s.w.s.m.m.a.RequestMappingHandlerMapping - "Mapped "{[/api/v1/info/equis],methods=[GET],params=[equisId],produces=[text/html;charset=UTF-8]}" onto public java.lang.String cn.edu.bupt.demo.controller.EquisController.getEquisById(java.lang.Integer) throws java.lang.Exception"
2019-04-18 21:06:49 [main] INFO  o.s.w.s.m.m.a.RequestMappingHandlerMapping - "Mapped "{[/api/v1/info/equis],methods=[GET],params=[equisName],produces=[text/html;charset=UTF-8]}" onto public java.lang.String cn.edu.bupt.demo.controller.EquisController.getEquisByName(java.lang.String) throws java.lang.Exception"
2019-04-18 21:06:49 [main] INFO  o.s.w.s.m.m.a.RequestMappingHandlerMapping - "Mapped "{[/api/v1/info/equis],methods=[PUT],produces=[text/html;charset=UTF-8]}" onto public java.lang.String cn.edu.bupt.demo.controller.EquisController.updateEquis(java.lang.String) throws java.lang.Exception"
2019-04-18 21:06:49 [main] INFO  o.s.w.s.m.m.a.RequestMappingHandlerMapping - "Mapped "{[/api/v1/info/equisPage],methods=[GET],params=[limit]}" onto public java.lang.Integer cn.edu.bupt.demo.controller.EquisController.getEquisPages(int) throws java.lang.Exception"
2019-04-18 21:06:49 [main] INFO  o.s.w.s.m.m.a.RequestMappingHandlerMapping - "Mapped "{[/api/v1/info/equisALL],methods=[GET],produces=[text/html;charset=UTF-8]}" onto public java.lang.String cn.edu.bupt.demo.controller.EquisController.getAllEquis() throws java.lang.Exception"
2019-04-18 21:06:49 [main] INFO  o.s.w.s.m.m.a.RequestMappingHandlerMapping - "Mapped "{[/api/v1/info/allDevice],methods=[GET]}" onto public java.lang.String cn.edu.bupt.demo.controller.HTTPController.findAllDevice() throws java.lang.Exception"
2019-04-18 21:06:49 [main] INFO  o.s.w.s.m.m.a.RequestMappingHandlerMapping - "Mapped "{[/api/v1/info/inspectionById],methods=[GET],params=[reportId],produces=[text/html;charset=UTF-8]}" onto public java.lang.String cn.edu.bupt.demo.controller.InspectionController.getInspectionById(java.lang.Integer) throws java.lang.Exception"
2019-04-18 21:06:49 [main] INFO  o.s.w.s.m.m.a.RequestMappingHandlerMapping - "Mapped "{[/api/v1/info/inspectionByDutyPerson],methods=[GET],params=[dutyPerson],produces=[text/html;charset=UTF-8]}" onto public java.lang.String cn.edu.bupt.demo.controller.InspectionController.getInspectionByDutyPerson(java.lang.String) throws java.lang.Exception"
2019-04-18 21:06:49 [main] INFO  o.s.w.s.m.m.a.RequestMappingHandlerMapping - "Mapped "{[/api/v1/info/inspectionPerson],methods=[DELETE],params=[inspectionPerson]}" onto public void cn.edu.bupt.demo.controller.InspectionController.deleteReportByInspectionPerson(java.lang.String)"
2019-04-18 21:06:49 [main] INFO  o.s.w.s.m.m.a.RequestMappingHandlerMapping - "Mapped "{[/api/v1/info/inspection],methods=[PUT],produces=[text/html;charset=UTF-8]}" onto public java.lang.String cn.edu.bupt.demo.controller.InspectionController.updateInspectionReport(java.lang.String) throws java.lang.Exception"
2019-04-18 21:06:49 [main] INFO  o.s.w.s.m.m.a.RequestMappingHandlerMapping - "Mapped "{[/api/v1/info/inspectionByCalendarDate],methods=[GET],params=[calendar_date && limit && page],produces=[text/html;charset=UTF-8]}" onto public java.lang.String cn.edu.bupt.demo.controller.InspectionController.getInspectionByCalendarDate(java.lang.Long,int,int) throws java.lang.Exception"
2019-04-18 21:06:49 [main] INFO  o.s.w.s.m.m.a.RequestMappingHandlerMapping - "Mapped "{[/api/v1/info/inspectionByInspectionPerson],methods=[GET],params=[inspectionPerson],produces=[text/html;charset=UTF-8]}" onto public java.lang.String cn.edu.bupt.demo.controller.InspectionController.getInspectionByInspectionPerson(java.lang.String) throws java.lang.Exception"
2019-04-18 21:06:49 [main] INFO  o.s.w.s.m.m.a.RequestMappingHandlerMapping - "Mapped "{[/api/v1/info/inspection],methods=[POST],produces=[text/html;charset=UTF-8]}" onto public java.lang.String cn.edu.bupt.demo.controller.InspectionController.createInspectionReport(java.lang.String) throws java.lang.Exception"
2019-04-18 21:06:49 [main] INFO  o.s.w.s.m.m.a.RequestMappingHandlerMapping - "Mapped "{[/api/v1/info/inspection/upload],methods=[POST]}" onto public java.lang.String cn.edu.bupt.demo.controller.InspectionController.uploadFile(org.springframework.web.multipart.MultipartFile,java.lang.String,java.lang.Integer) throws java.lang.Exception"
2019-04-18 21:06:49 [main] INFO  o.s.w.s.m.m.a.RequestMappingHandlerMapping - "Mapped "{[/api/v1/info/inspection/delete/{id}/{type}/{fileName}/{fileType}],methods=[DELETE]}" onto public void cn.edu.bupt.demo.controller.InspectionController.deleteFile(java.lang.Integer,java.lang.String,java.lang.String,java.lang.String) throws java.io.UnsupportedEncodingException"
2019-04-18 21:06:49 [main] INFO  o.s.w.s.m.m.a.RequestMappingHandlerMapping - "Mapped "{[/api/v1/info/allReport],methods=[GET]}" onto public java.lang.String cn.edu.bupt.demo.controller.InspectionController.findAllReport() throws java.lang.Exception"
2019-04-18 21:06:49 [main] INFO  o.s.w.s.m.m.a.RequestMappingHandlerMapping - "Mapped "{[/api/v1/info/inspectionOfDay],methods=[GET],params=[date]}" onto public java.lang.Integer cn.edu.bupt.demo.controller.InspectionController.getDayCount(java.lang.Long) throws java.lang.Exception"
2019-04-18 21:06:49 [main] INFO  o.s.w.s.m.m.a.RequestMappingHandlerMapping - "Mapped "{[/api/v1/info/inspectionId],methods=[DELETE],params=[inspectionId]}" onto public void cn.edu.bupt.demo.controller.InspectionController.deleteReportById(java.lang.Integer)"
2019-04-18 21:06:49 [main] INFO  o.s.w.s.m.m.a.RequestMappingHandlerMapping - "Mapped "{[/api/v1/info/inspection],methods=[GET]}" onto public java.lang.Integer cn.edu.bupt.demo.controller.InspectionController.getAllCount() throws java.lang.Exception"
2019-04-18 21:06:49 [main] INFO  o.s.w.s.m.m.a.RequestMappingHandlerMapping - "Mapped "{[/api/v1/info/staffCount],methods=[GET]}" onto public java.lang.Integer cn.edu.bupt.demo.controller.StaffController.staffCountById() throws java.lang.Exception"
2019-04-18 21:06:49 [main] INFO  o.s.w.s.m.m.a.RequestMappingHandlerMapping - "Mapped "{[/api/v1/info/staffById],methods=[GET],params=[staffId],produces=[text/html;charset=UTF-8]}" onto public java.lang.String cn.edu.bupt.demo.controller.StaffController.getStaffById(java.lang.Integer) throws java.lang.Exception"
2019-04-18 21:06:49 [main] INFO  o.s.w.s.m.m.a.RequestMappingHandlerMapping - "Mapped "{[/api/v1/info/staff],methods=[PUT],produces=[text/html;charset=UTF-8]}" onto public java.lang.String cn.edu.bupt.demo.controller.StaffController.updateStaff(java.lang.String) throws java.lang.Exception"
2019-04-18 21:06:49 [main] INFO  o.s.w.s.m.m.a.RequestMappingHandlerMapping - "Mapped "{[/api/v1/info/allStaff],methods=[GET]}" onto public java.lang.String cn.edu.bupt.demo.controller.StaffController.findAllStaff() throws java.lang.Exception"
2019-04-18 21:06:49 [main] INFO  o.s.w.s.m.m.a.RequestMappingHandlerMapping - "Mapped "{[/api/v1/info/staff],methods=[POST],produces=[text/html;charset=UTF-8]}" onto public java.lang.String cn.edu.bupt.demo.controller.StaffController.createStaff(java.lang.String) throws java.lang.Exception"
2019-04-18 21:06:49 [main] INFO  o.s.w.s.m.m.a.RequestMappingHandlerMapping - "Mapped "{[/api/v1/info/staffName],methods=[GET],params=[staffId],produces=[text/html;charset=UTF-8]}" onto public java.lang.String cn.edu.bupt.demo.controller.StaffController.findStaffName(java.lang.Integer) throws java.lang.Exception"
2019-04-18 21:06:49 [main] INFO  o.s.w.s.m.m.a.RequestMappingHandlerMapping - "Mapped "{[/api/v1/info/staffByName],methods=[GET],params=[staffName],produces=[text/html;charset=UTF-8]}" onto public java.lang.String cn.edu.bupt.demo.controller.StaffController.getStaffByName(java.lang.String) throws java.lang.Exception"
2019-04-18 21:06:49 [main] INFO  o.s.w.s.m.m.a.RequestMappingHandlerMapping - "Mapped "{[/api/v1/info/staffId],methods=[DELETE],params=[staffId]}" onto public void cn.edu.bupt.demo.controller.StaffController.deleteStaffById(java.lang.Integer)"
2019-04-18 21:06:49 [main] INFO  o.s.w.s.m.m.a.RequestMappingHandlerMapping - "Mapped "{[/api/v1/info/staffName],methods=[DELETE],params=[staffName]}" onto public void cn.edu.bupt.demo.controller.StaffController.deleteStaffById(java.lang.String)"
2019-04-18 21:06:49 [main] INFO  o.s.w.s.m.m.a.RequestMappingHandlerMapping - "Mapped "{[/api/v1/info/supplies],methods=[GET],params=[location],produces=[text/html;charset=UTF-8]}" onto public java.lang.String cn.edu.bupt.demo.controller.SuppliesController.getSupplyByLocation(java.lang.String) throws java.lang.Exception"
2019-04-18 21:06:49 [main] INFO  o.s.w.s.m.m.a.RequestMappingHandlerMapping - "Mapped "{[/api/v1/info/suppliesByPage],methods=[GET],params=[limit && page],produces=[text/html;charset=UTF-8]}" onto public java.lang.String cn.edu.bupt.demo.controller.SuppliesController.getSuppliesByPage(int,int) throws java.lang.Exception"
2019-04-18 21:06:49 [main] INFO  o.s.w.s.m.m.a.RequestMappingHandlerMapping - "Mapped "{[/api/v1/info/supplies],methods=[GET],params=[affiliation],produces=[text/html;charset=UTF-8]}" onto public java.lang.String cn.edu.bupt.demo.controller.SuppliesController.getSupplyByAffiliation(java.lang.String) throws java.lang.Exception"
2019-04-18 21:06:49 [main] INFO  o.s.w.s.m.m.a.RequestMappingHandlerMapping - "Mapped "{[/api/v1/info/supplies],methods=[DELETE],params=[id]}" onto public void cn.edu.bupt.demo.controller.SuppliesController.deletePlanById(java.lang.Integer)"
2019-04-18 21:06:49 [main] INFO  o.s.w.s.m.m.a.RequestMappingHandlerMapping - "Mapped "{[/api/v1/info/supplies],methods=[POST],produces=[text/html;charset=UTF-8]}" onto public java.lang.String cn.edu.bupt.demo.controller.SuppliesController.createSupply(java.lang.String) throws java.lang.Exception"
2019-04-18 21:06:49 [main] INFO  o.s.w.s.m.m.a.RequestMappingHandlerMapping - "Mapped "{[/api/v1/info/suppliesCount],methods=[GET]}" onto public java.lang.Integer cn.edu.bupt.demo.controller.SuppliesController.getSuppliesCount() throws java.lang.Exception"
2019-04-18 21:06:49 [main] INFO  o.s.w.s.m.m.a.RequestMappingHandlerMapping - "Mapped "{[/api/v1/info/supplies],methods=[PUT],produces=[text/html;charset=UTF-8]}" onto public java.lang.String cn.edu.bupt.demo.controller.SuppliesController.updateSupply(java.lang.String) throws java.lang.Exception"
2019-04-18 21:06:49 [main] INFO  o.s.w.s.m.m.a.RequestMappingHandlerMapping - "Mapped "{[/api/v1/info/suppliesALL],methods=[GET],produces=[text/html;charset=UTF-8]}" onto public java.lang.String cn.edu.bupt.demo.controller.SuppliesController.getAllSupplies() throws java.lang.Exception"
2019-04-18 21:06:49 [main] INFO  o.s.w.s.m.m.a.RequestMappingHandlerMapping - "Mapped "{[/api/v1/info/supplies],methods=[GET],params=[supplyId],produces=[text/html;charset=UTF-8]}" onto public java.lang.String cn.edu.bupt.demo.controller.SuppliesController.getSupplyById(java.lang.Integer) throws java.lang.Exception"
2019-04-18 21:06:49 [main] INFO  o.s.w.s.m.m.a.RequestMappingHandlerMapping - "Mapped "{[/api/v1/info/supplies],methods=[GET],params=[supplyName],produces=[text/html;charset=UTF-8]}" onto public java.lang.String cn.edu.bupt.demo.controller.SuppliesController.getSupplyByName(java.lang.String) throws java.lang.Exception"
2019-04-18 21:06:49 [main] INFO  o.s.w.s.m.m.a.RequestMappingHandlerMapping - "Mapped "{[/api/v1/info/suppliesPage],methods=[GET],params=[limit]}" onto public java.lang.Integer cn.edu.bupt.demo.controller.SuppliesController.getSuppliesPages(int) throws java.lang.Exception"
2019-04-18 21:06:49 [main] INFO  o.s.w.s.m.m.a.RequestMappingHandlerMapping - "Mapped "{[/api/v1/info/team],methods=[GET],params=[affiliation],produces=[text/html;charset=UTF-8]}" onto public java.lang.String cn.edu.bupt.demo.controller.TeamController.getTeamByAffiliation(java.lang.String) throws java.lang.Exception"
2019-04-18 21:06:49 [main] INFO  o.s.w.s.m.m.a.RequestMappingHandlerMapping - "Mapped "{[/api/v1/info/team],methods=[GET],params=[location],produces=[text/html;charset=UTF-8]}" onto public java.lang.String cn.edu.bupt.demo.controller.TeamController.getTeamByLocation(java.lang.String) throws java.lang.Exception"
2019-04-18 21:06:49 [main] INFO  o.s.w.s.m.m.a.RequestMappingHandlerMapping - "Mapped "{[/api/v1/info/team],methods=[DELETE],params=[id]}" onto public void cn.edu.bupt.demo.controller.TeamController.deletePlanById(java.lang.Integer)"
2019-04-18 21:06:49 [main] INFO  o.s.w.s.m.m.a.RequestMappingHandlerMapping - "Mapped "{[/api/v1/info/team],methods=[GET],params=[teamName],produces=[text/html;charset=UTF-8]}" onto public java.lang.String cn.edu.bupt.demo.controller.TeamController.getTeamByName(java.lang.String) throws java.lang.Exception"
2019-04-18 21:06:49 [main] INFO  o.s.w.s.m.m.a.RequestMappingHandlerMapping - "Mapped "{[/api/v1/info/teamCount],methods=[GET]}" onto public java.lang.Integer cn.edu.bupt.demo.controller.TeamController.getTeamCount() throws java.lang.Exception"
2019-04-18 21:06:49 [main] INFO  o.s.w.s.m.m.a.RequestMappingHandlerMapping - "Mapped "{[/api/v1/info/team],methods=[POST],produces=[text/html;charset=UTF-8]}" onto public java.lang.String cn.edu.bupt.demo.controller.TeamController.createTeam(java.lang.String) throws java.lang.Exception"
2019-04-18 21:06:49 [main] INFO  o.s.w.s.m.m.a.RequestMappingHandlerMapping - "Mapped "{[/api/v1/info/teamByPage],methods=[GET],params=[limit && page],produces=[text/html;charset=UTF-8]}" onto public java.lang.String cn.edu.bupt.demo.controller.TeamController.getTeamByPage(int,int) throws java.lang.Exception"
2019-04-18 21:06:49 [main] INFO  o.s.w.s.m.m.a.RequestMappingHandlerMapping - "Mapped "{[/api/v1/info/teamPage],methods=[GET],params=[limit]}" onto public java.lang.Integer cn.edu.bupt.demo.controller.TeamController.getTeamPages(int) throws java.lang.Exception"
2019-04-18 21:06:49 [main] INFO  o.s.w.s.m.m.a.RequestMappingHandlerMapping - "Mapped "{[/api/v1/info/team],methods=[GET],params=[teamId],produces=[text/html;charset=UTF-8]}" onto public java.lang.String cn.edu.bupt.demo.controller.TeamController.getTeamById(java.lang.Integer) throws java.lang.Exception"
2019-04-18 21:06:49 [main] INFO  o.s.w.s.m.m.a.RequestMappingHandlerMapping - "Mapped "{[/api/v1/info/teamALL],methods=[GET],produces=[text/html;charset=UTF-8]}" onto public java.lang.String cn.edu.bupt.demo.controller.TeamController.getAllTeam() throws java.lang.Exception"
2019-04-18 21:06:49 [main] INFO  o.s.w.s.m.m.a.RequestMappingHandlerMapping - "Mapped "{[/api/v1/info/team],methods=[PUT],produces=[text/html;charset=UTF-8]}" onto public java.lang.String cn.edu.bupt.demo.controller.TeamController.updateTeam(java.lang.String) throws java.lang.Exception"
2019-04-18 21:06:49 [main] INFO  o.s.w.s.m.m.a.RequestMappingHandlerMapping - "Mapped "{[/error]}" onto public org.springframework.http.ResponseEntity<java.util.Map<java.lang.String, java.lang.Object>> org.springframework.boot.autoconfigure.web.servlet.error.BasicErrorController.error(javax.servlet.http.HttpServletRequest)"
2019-04-18 21:06:49 [main] INFO  o.s.w.s.m.m.a.RequestMappingHandlerMapping - "Mapped "{[/error],produces=[text/html]}" onto public org.springframework.web.servlet.ModelAndView org.springframework.boot.autoconfigure.web.servlet.error.BasicErrorController.errorHtml(javax.servlet.http.HttpServletRequest,javax.servlet.http.HttpServletResponse)"
2019-04-18 21:06:49 [main] INFO  o.s.w.s.h.SimpleUrlHandlerMapping - "Mapped URL path [/webjars/**] onto handler of type [class org.springframework.web.servlet.resource.ResourceHttpRequestHandler]"
2019-04-18 21:06:49 [main] INFO  o.s.w.s.h.SimpleUrlHandlerMapping - "Mapped URL path [/**] onto handler of type [class org.springframework.web.servlet.resource.ResourceHttpRequestHandler]"
2019-04-18 21:06:49 [main] INFO  o.s.w.s.h.SimpleUrlHandlerMapping - "Mapped URL path [/static/**] onto handler of type [class org.springframework.web.servlet.resource.ResourceHttpRequestHandler]"
2019-04-18 21:06:49 [main] INFO  o.s.w.s.h.SimpleUrlHandlerMapping - "Mapped URL path [/file/**] onto handler of type [class org.springframework.web.servlet.resource.ResourceHttpRequestHandler]"
2019-04-18 21:06:50 [main] INFO  o.s.j.e.a.AnnotationMBeanExporter - "Registering beans for JMX exposure on startup"
2019-04-18 21:06:50 [main] INFO  o.s.j.e.a.AnnotationMBeanExporter - "Bean with name 'dataSource' has been autodetected for JMX exposure"
2019-04-18 21:06:50 [main] INFO  o.s.j.e.a.AnnotationMBeanExporter - "Located MBean 'dataSource': registering with JMX server as MBean [com.zaxxer.hikari:name=dataSource,type=HikariDataSource]"
2019-04-18 21:06:50 [main] INFO  o.a.coyote.http11.Http11NioProtocol - "Starting ProtocolHandler ["http-nio-8100"]"
2019-04-18 21:06:50 [main] INFO  o.a.tomcat.util.net.NioSelectorPool - "Using a shared selector for servlet write/read"
2019-04-18 21:06:50 [main] INFO  o.s.b.w.e.tomcat.TomcatWebServer - "Tomcat started on port(s): 8100 (http) with context path ''"
2019-04-18 21:06:50 [main] INFO  cn.edu.bupt.demo.DemoApplication - "Started DemoApplication in 2.645 seconds (JVM running for 3.921)"
2019-04-18 21:09:26 [http-nio-8100-exec-4] INFO  o.a.c.c.C.[Tomcat].[localhost].[/] - "Initializing Spring FrameworkServlet 'dispatcherServlet'"
2019-04-18 21:09:26 [http-nio-8100-exec-4] INFO  o.s.web.servlet.DispatcherServlet - "FrameworkServlet 'dispatcherServlet': initialization started"
2019-04-18 21:09:26 [http-nio-8100-exec-4] INFO  o.s.web.servlet.DispatcherServlet - "FrameworkServlet 'dispatcherServlet': initialization completed in 18 ms"
2019-04-18 21:09:26 [http-nio-8100-exec-4] ERROR o.a.c.c.C.[.[.[.[dispatcherServlet] - "Servlet.service() for servlet [dispatcherServlet] in context with path [] threw exception [Request processing failed; nested exception is java.lang.NullPointerException] with root cause"
java.lang.NullPointerException: null
	at cn.edu.bupt.demo.controller.TeamController.Json2Team(TeamController.java:117)
	at cn.edu.bupt.demo.controller.TeamController.createTeam(TeamController.java:104)
	at sun.reflect.NativeMethodAccessorImpl.invoke0(Native Method)
	at sun.reflect.NativeMethodAccessorImpl.invoke(NativeMethodAccessorImpl.java:62)
	at sun.reflect.DelegatingMethodAccessorImpl.invoke(DelegatingMethodAccessorImpl.java:43)
	at java.lang.reflect.Method.invoke(Method.java:498)
	at org.springframework.web.method.support.InvocableHandlerMethod.doInvoke(InvocableHandlerMethod.java:209)
	at org.springframework.web.method.support.InvocableHandlerMethod.invokeForRequest(InvocableHandlerMethod.java:136)
	at org.springframework.web.servlet.mvc.method.annotation.ServletInvocableHandlerMethod.invokeAndHandle(ServletInvocableHandlerMethod.java:102)
	at org.springframework.web.servlet.mvc.method.annotation.RequestMappingHandlerAdapter.invokeHandlerMethod(RequestMappingHandlerAdapter.java:891)
	at org.springframework.web.servlet.mvc.method.annotation.RequestMappingHandlerAdapter.handleInternal(RequestMappingHandlerAdapter.java:797)
	at org.springframework.web.servlet.mvc.method.AbstractHandlerMethodAdapter.handle(AbstractHandlerMethodAdapter.java:87)
	at org.springframework.web.servlet.DispatcherServlet.doDispatch(DispatcherServlet.java:991)
	at org.springframework.web.servlet.DispatcherServlet.doService(DispatcherServlet.java:925)
	at org.springframework.web.servlet.FrameworkServlet.processRequest(FrameworkServlet.java:974)
	at org.springframework.web.servlet.FrameworkServlet.doPost(FrameworkServlet.java:877)
	at javax.servlet.http.HttpServlet.service(HttpServlet.java:661)
	at org.springframework.web.servlet.FrameworkServlet.service(FrameworkServlet.java:851)
	at javax.servlet.http.HttpServlet.service(HttpServlet.java:742)
	at org.apache.catalina.core.ApplicationFilterChain.internalDoFilter(ApplicationFilterChain.java:231)
	at org.apache.catalina.core.ApplicationFilterChain.doFilter(ApplicationFilterChain.java:166)
	at org.apache.tomcat.websocket.server.WsFilter.doFilter(WsFilter.java:52)
	at org.apache.catalina.core.ApplicationFilterChain.internalDoFilter(ApplicationFilterChain.java:193)
	at org.apache.catalina.core.ApplicationFilterChain.doFilter(ApplicationFilterChain.java:166)
	at org.springframework.web.filter.RequestContextFilter.doFilterInternal(RequestContextFilter.java:99)
	at org.springframework.web.filter.OncePerRequestFilter.doFilter(OncePerRequestFilter.java:107)
	at org.apache.catalina.core.ApplicationFilterChain.internalDoFilter(ApplicationFilterChain.java:193)
	at org.apache.catalina.core.ApplicationFilterChain.doFilter(ApplicationFilterChain.java:166)
	at org.springframework.web.filter.HttpPutFormContentFilter.doFilterInternal(HttpPutFormContentFilter.java:109)
	at org.springframework.web.filter.OncePerRequestFilter.doFilter(OncePerRequestFilter.java:107)
	at org.apache.catalina.core.ApplicationFilterChain.internalDoFilter(ApplicationFilterChain.java:193)
	at org.apache.catalina.core.ApplicationFilterChain.doFilter(ApplicationFilterChain.java:166)
	at org.springframework.web.filter.HiddenHttpMethodFilter.doFilterInternal(HiddenHttpMethodFilter.java:81)
	at org.springframework.web.filter.OncePerRequestFilter.doFilter(OncePerRequestFilter.java:107)
	at org.apache.catalina.core.ApplicationFilterChain.internalDoFilter(ApplicationFilterChain.java:193)
	at org.apache.catalina.core.ApplicationFilterChain.doFilter(ApplicationFilterChain.java:166)
	at org.springframework.web.filter.CharacterEncodingFilter.doFilterInternal(CharacterEncodingFilter.java:200)
	at org.springframework.web.filter.OncePerRequestFilter.doFilter(OncePerRequestFilter.java:107)
	at org.apache.catalina.core.ApplicationFilterChain.internalDoFilter(ApplicationFilterChain.java:193)
	at org.apache.catalina.core.ApplicationFilterChain.doFilter(ApplicationFilterChain.java:166)
	at org.apache.catalina.core.StandardWrapperValve.invoke(StandardWrapperValve.java:198)
	at org.apache.catalina.core.StandardContextValve.invoke(StandardContextValve.java:96)
	at org.apache.catalina.authenticator.AuthenticatorBase.invoke(AuthenticatorBase.java:493)
	at org.apache.catalina.core.StandardHostValve.invoke(StandardHostValve.java:140)
	at org.apache.catalina.valves.ErrorReportValve.invoke(ErrorReportValve.java:81)
	at org.apache.catalina.core.StandardEngineValve.invoke(StandardEngineValve.java:87)
	at org.apache.catalina.connector.CoyoteAdapter.service(CoyoteAdapter.java:342)
	at org.apache.coyote.http11.Http11Processor.service(Http11Processor.java:800)
	at org.apache.coyote.AbstractProcessorLight.process(AbstractProcessorLight.java:66)
	at org.apache.coyote.AbstractProtocol$ConnectionHandler.process(AbstractProtocol.java:806)
	at org.apache.tomcat.util.net.NioEndpoint$SocketProcessor.doRun(NioEndpoint.java:1498)
	at org.apache.tomcat.util.net.SocketProcessorBase.run(SocketProcessorBase.java:49)
	at java.util.concurrent.ThreadPoolExecutor.runWorker(ThreadPoolExecutor.java:1149)
	at java.util.concurrent.ThreadPoolExecutor$Worker.run(ThreadPoolExecutor.java:624)
	at org.apache.tomcat.util.threads.TaskThread$WrappingRunnable.run(TaskThread.java:61)
	at java.lang.Thread.run(Thread.java:748)
2019-04-18 21:09:26 [http-nio-8100-exec-4] WARN  o.s.w.s.m.s.DefaultHandlerExceptionResolver - "Resolved [org.springframework.web.HttpMediaTypeNotAcceptableException: Could not find acceptable representation]"
2019-04-18 21:09:50 [http-nio-8100-exec-3] WARN  o.s.w.s.m.s.DefaultHandlerExceptionResolver - "Resolved [org.springframework.web.HttpRequestMethodNotSupportedException: Request method 'POST' not supported]"
2019-04-18 21:09:57 [http-nio-8100-exec-8] INFO  com.zaxxer.hikari.HikariDataSource - "HikariPool-1 - Starting..."
2019-04-18 21:09:57 [http-nio-8100-exec-8] INFO  com.zaxxer.hikari.HikariDataSource - "HikariPool-1 - Start completed."
2019-04-18 21:15:13 [http-nio-8100-exec-7] ERROR o.a.c.c.C.[.[.[.[dispatcherServlet] - "Servlet.service() for servlet [dispatcherServlet] in context with path [] threw exception [Request processing failed; nested exception is java.lang.NullPointerException] with root cause"
java.lang.NullPointerException: null
	at cn.edu.bupt.demo.controller.TeamController.Json2Team(TeamController.java:117)
	at cn.edu.bupt.demo.controller.TeamController.createTeam(TeamController.java:104)
	at sun.reflect.NativeMethodAccessorImpl.invoke0(Native Method)
	at sun.reflect.NativeMethodAccessorImpl.invoke(NativeMethodAccessorImpl.java:62)
	at sun.reflect.DelegatingMethodAccessorImpl.invoke(DelegatingMethodAccessorImpl.java:43)
	at java.lang.reflect.Method.invoke(Method.java:498)
	at org.springframework.web.method.support.InvocableHandlerMethod.doInvoke(InvocableHandlerMethod.java:209)
	at org.springframework.web.method.support.InvocableHandlerMethod.invokeForRequest(InvocableHandlerMethod.java:136)
	at org.springframework.web.servlet.mvc.method.annotation.ServletInvocableHandlerMethod.invokeAndHandle(ServletInvocableHandlerMethod.java:102)
	at org.springframework.web.servlet.mvc.method.annotation.RequestMappingHandlerAdapter.invokeHandlerMethod(RequestMappingHandlerAdapter.java:891)
	at org.springframework.web.servlet.mvc.method.annotation.RequestMappingHandlerAdapter.handleInternal(RequestMappingHandlerAdapter.java:797)
	at org.springframework.web.servlet.mvc.method.AbstractHandlerMethodAdapter.handle(AbstractHandlerMethodAdapter.java:87)
	at org.springframework.web.servlet.DispatcherServlet.doDispatch(DispatcherServlet.java:991)
	at org.springframework.web.servlet.DispatcherServlet.doService(DispatcherServlet.java:925)
	at org.springframework.web.servlet.FrameworkServlet.processRequest(FrameworkServlet.java:974)
	at org.springframework.web.servlet.FrameworkServlet.doPost(FrameworkServlet.java:877)
	at javax.servlet.http.HttpServlet.service(HttpServlet.java:661)
	at org.springframework.web.servlet.FrameworkServlet.service(FrameworkServlet.java:851)
	at javax.servlet.http.HttpServlet.service(HttpServlet.java:742)
	at org.apache.catalina.core.ApplicationFilterChain.internalDoFilter(ApplicationFilterChain.java:231)
	at org.apache.catalina.core.ApplicationFilterChain.doFilter(ApplicationFilterChain.java:166)
	at org.apache.tomcat.websocket.server.WsFilter.doFilter(WsFilter.java:52)
	at org.apache.catalina.core.ApplicationFilterChain.internalDoFilter(ApplicationFilterChain.java:193)
	at org.apache.catalina.core.ApplicationFilterChain.doFilter(ApplicationFilterChain.java:166)
	at org.springframework.web.filter.RequestContextFilter.doFilterInternal(RequestContextFilter.java:99)
	at org.springframework.web.filter.OncePerRequestFilter.doFilter(OncePerRequestFilter.java:107)
	at org.apache.catalina.core.ApplicationFilterChain.internalDoFilter(ApplicationFilterChain.java:193)
	at org.apache.catalina.core.ApplicationFilterChain.doFilter(ApplicationFilterChain.java:166)
	at org.springframework.web.filter.HttpPutFormContentFilter.doFilterInternal(HttpPutFormContentFilter.java:109)
	at org.springframework.web.filter.OncePerRequestFilter.doFilter(OncePerRequestFilter.java:107)
	at org.apache.catalina.core.ApplicationFilterChain.internalDoFilter(ApplicationFilterChain.java:193)
	at org.apache.catalina.core.ApplicationFilterChain.doFilter(ApplicationFilterChain.java:166)
	at org.springframework.web.filter.HiddenHttpMethodFilter.doFilterInternal(HiddenHttpMethodFilter.java:81)
	at org.springframework.web.filter.OncePerRequestFilter.doFilter(OncePerRequestFilter.java:107)
	at org.apache.catalina.core.ApplicationFilterChain.internalDoFilter(ApplicationFilterChain.java:193)
	at org.apache.catalina.core.ApplicationFilterChain.doFilter(ApplicationFilterChain.java:166)
	at org.springframework.web.filter.CharacterEncodingFilter.doFilterInternal(CharacterEncodingFilter.java:200)
	at org.springframework.web.filter.OncePerRequestFilter.doFilter(OncePerRequestFilter.java:107)
	at org.apache.catalina.core.ApplicationFilterChain.internalDoFilter(ApplicationFilterChain.java:193)
	at org.apache.catalina.core.ApplicationFilterChain.doFilter(ApplicationFilterChain.java:166)
	at org.apache.catalina.core.StandardWrapperValve.invoke(StandardWrapperValve.java:198)
	at org.apache.catalina.core.StandardContextValve.invoke(StandardContextValve.java:96)
	at org.apache.catalina.authenticator.AuthenticatorBase.invoke(AuthenticatorBase.java:493)
	at org.apache.catalina.core.StandardHostValve.invoke(StandardHostValve.java:140)
	at org.apache.catalina.valves.ErrorReportValve.invoke(ErrorReportValve.java:81)
	at org.apache.catalina.core.StandardEngineValve.invoke(StandardEngineValve.java:87)
	at org.apache.catalina.connector.CoyoteAdapter.service(CoyoteAdapter.java:342)
	at org.apache.coyote.http11.Http11Processor.service(Http11Processor.java:800)
	at org.apache.coyote.AbstractProcessorLight.process(AbstractProcessorLight.java:66)
	at org.apache.coyote.AbstractProtocol$ConnectionHandler.process(AbstractProtocol.java:806)
	at org.apache.tomcat.util.net.NioEndpoint$SocketProcessor.doRun(NioEndpoint.java:1498)
	at org.apache.tomcat.util.net.SocketProcessorBase.run(SocketProcessorBase.java:49)
	at java.util.concurrent.ThreadPoolExecutor.runWorker(ThreadPoolExecutor.java:1149)
	at java.util.concurrent.ThreadPoolExecutor$Worker.run(ThreadPoolExecutor.java:624)
	at org.apache.tomcat.util.threads.TaskThread$WrappingRunnable.run(TaskThread.java:61)
	at java.lang.Thread.run(Thread.java:748)
2019-04-18 21:15:13 [http-nio-8100-exec-7] WARN  o.s.w.s.m.s.DefaultHandlerExceptionResolver - "Resolved [org.springframework.web.HttpMediaTypeNotAcceptableException: Could not find acceptable representation]"
2019-04-18 21:15:44 [http-nio-8100-exec-2] ERROR o.a.c.c.C.[.[.[.[dispatcherServlet] - "Servlet.service() for servlet [dispatcherServlet] in context with path [] threw exception [Request processing failed; nested exception is java.lang.NullPointerException] with root cause"
java.lang.NullPointerException: null
	at cn.edu.bupt.demo.controller.TeamController.Json2Team(TeamController.java:117)
	at cn.edu.bupt.demo.controller.TeamController.createTeam(TeamController.java:104)
	at sun.reflect.NativeMethodAccessorImpl.invoke0(Native Method)
	at sun.reflect.NativeMethodAccessorImpl.invoke(NativeMethodAccessorImpl.java:62)
	at sun.reflect.DelegatingMethodAccessorImpl.invoke(DelegatingMethodAccessorImpl.java:43)
	at java.lang.reflect.Method.invoke(Method.java:498)
	at org.springframework.web.method.support.InvocableHandlerMethod.doInvoke(InvocableHandlerMethod.java:209)
	at org.springframework.web.method.support.InvocableHandlerMethod.invokeForRequest(InvocableHandlerMethod.java:136)
	at org.springframework.web.servlet.mvc.method.annotation.ServletInvocableHandlerMethod.invokeAndHandle(ServletInvocableHandlerMethod.java:102)
	at org.springframework.web.servlet.mvc.method.annotation.RequestMappingHandlerAdapter.invokeHandlerMethod(RequestMappingHandlerAdapter.java:891)
	at org.springframework.web.servlet.mvc.method.annotation.RequestMappingHandlerAdapter.handleInternal(RequestMappingHandlerAdapter.java:797)
	at org.springframework.web.servlet.mvc.method.AbstractHandlerMethodAdapter.handle(AbstractHandlerMethodAdapter.java:87)
	at org.springframework.web.servlet.DispatcherServlet.doDispatch(DispatcherServlet.java:991)
	at org.springframework.web.servlet.DispatcherServlet.doService(DispatcherServlet.java:925)
	at org.springframework.web.servlet.FrameworkServlet.processRequest(FrameworkServlet.java:974)
	at org.springframework.web.servlet.FrameworkServlet.doPost(FrameworkServlet.java:877)
	at javax.servlet.http.HttpServlet.service(HttpServlet.java:661)
	at org.springframework.web.servlet.FrameworkServlet.service(FrameworkServlet.java:851)
	at javax.servlet.http.HttpServlet.service(HttpServlet.java:742)
	at org.apache.catalina.core.ApplicationFilterChain.internalDoFilter(ApplicationFilterChain.java:231)
	at org.apache.catalina.core.ApplicationFilterChain.doFilter(ApplicationFilterChain.java:166)
	at org.apache.tomcat.websocket.server.WsFilter.doFilter(WsFilter.java:52)
	at org.apache.catalina.core.ApplicationFilterChain.internalDoFilter(ApplicationFilterChain.java:193)
	at org.apache.catalina.core.ApplicationFilterChain.doFilter(ApplicationFilterChain.java:166)
	at org.springframework.web.filter.RequestContextFilter.doFilterInternal(RequestContextFilter.java:99)
	at org.springframework.web.filter.OncePerRequestFilter.doFilter(OncePerRequestFilter.java:107)
	at org.apache.catalina.core.ApplicationFilterChain.internalDoFilter(ApplicationFilterChain.java:193)
	at org.apache.catalina.core.ApplicationFilterChain.doFilter(ApplicationFilterChain.java:166)
	at org.springframework.web.filter.HttpPutFormContentFilter.doFilterInternal(HttpPutFormContentFilter.java:109)
	at org.springframework.web.filter.OncePerRequestFilter.doFilter(OncePerRequestFilter.java:107)
	at org.apache.catalina.core.ApplicationFilterChain.internalDoFilter(ApplicationFilterChain.java:193)
	at org.apache.catalina.core.ApplicationFilterChain.doFilter(ApplicationFilterChain.java:166)
	at org.springframework.web.filter.HiddenHttpMethodFilter.doFilterInternal(HiddenHttpMethodFilter.java:81)
	at org.springframework.web.filter.OncePerRequestFilter.doFilter(OncePerRequestFilter.java:107)
	at org.apache.catalina.core.ApplicationFilterChain.internalDoFilter(ApplicationFilterChain.java:193)
	at org.apache.catalina.core.ApplicationFilterChain.doFilter(ApplicationFilterChain.java:166)
	at org.springframework.web.filter.CharacterEncodingFilter.doFilterInternal(CharacterEncodingFilter.java:200)
	at org.springframework.web.filter.OncePerRequestFilter.doFilter(OncePerRequestFilter.java:107)
	at org.apache.catalina.core.ApplicationFilterChain.internalDoFilter(ApplicationFilterChain.java:193)
	at org.apache.catalina.core.ApplicationFilterChain.doFilter(ApplicationFilterChain.java:166)
	at org.apache.catalina.core.StandardWrapperValve.invoke(StandardWrapperValve.java:198)
	at org.apache.catalina.core.StandardContextValve.invoke(StandardContextValve.java:96)
	at org.apache.catalina.authenticator.AuthenticatorBase.invoke(AuthenticatorBase.java:493)
	at org.apache.catalina.core.StandardHostValve.invoke(StandardHostValve.java:140)
	at org.apache.catalina.valves.ErrorReportValve.invoke(ErrorReportValve.java:81)
	at org.apache.catalina.core.StandardEngineValve.invoke(StandardEngineValve.java:87)
	at org.apache.catalina.connector.CoyoteAdapter.service(CoyoteAdapter.java:342)
	at org.apache.coyote.http11.Http11Processor.service(Http11Processor.java:800)
	at org.apache.coyote.AbstractProcessorLight.process(AbstractProcessorLight.java:66)
	at org.apache.coyote.AbstractProtocol$ConnectionHandler.process(AbstractProtocol.java:806)
	at org.apache.tomcat.util.net.NioEndpoint$SocketProcessor.doRun(NioEndpoint.java:1498)
	at org.apache.tomcat.util.net.SocketProcessorBase.run(SocketProcessorBase.java:49)
	at java.util.concurrent.ThreadPoolExecutor.runWorker(ThreadPoolExecutor.java:1149)
	at java.util.concurrent.ThreadPoolExecutor$Worker.run(ThreadPoolExecutor.java:624)
	at org.apache.tomcat.util.threads.TaskThread$WrappingRunnable.run(TaskThread.java:61)
	at java.lang.Thread.run(Thread.java:748)
2019-04-18 21:15:44 [http-nio-8100-exec-2] WARN  o.s.w.s.m.s.DefaultHandlerExceptionResolver - "Resolved [org.springframework.web.HttpMediaTypeNotAcceptableException: Could not find acceptable representation]"
