2018-10-23 16:02:48 [main] INFO  cn.edu.bupt.demo.DemoApplication - "Starting DemoApplication on EmmadeMacBook-Pro.local with PID 1504 (/Users/zy/IdeaProjects/demo/target/classes started by zy in /Users/zy/IdeaProjects/demo)"
2018-10-23 16:02:48 [main] INFO  cn.edu.bupt.demo.DemoApplication - "No active profile set, falling back to default profiles: default"
2018-10-23 16:02:48 [main] INFO  o.s.c.a.AnnotationConfigApplicationContext - "Refreshing org.springframework.context.annotation.AnnotationConfigApplicationContext@40a4337a: startup date [Tue Oct 23 16:02:48 CST 2018]; root of context hierarchy"
2018-10-23 16:02:48 [main] WARN  o.s.c.a.AnnotationConfigApplicationContext - "Exception encountered during context initialization - cancelling refresh attempt: org.springframework.beans.factory.UnsatisfiedDependencyException: Error creating bean with name 'staffController': Unsatisfied dependency expressed through field 'staffService'; nested exception is org.springframework.beans.factory.UnsatisfiedDependencyException: Error creating bean with name 'staffServiceImpl': Unsatisfied dependency expressed through field 'staffRepository'; nested exception is org.springframework.beans.factory.NoSuchBeanDefinitionException: No qualifying bean of type 'cn.edu.bupt.demo.dao.StaffNumber.StaffRepository' available: expected at least 1 bean which qualifies as autowire candidate. Dependency annotations: {@org.springframework.beans.factory.annotation.Autowired(required=true)}"
2018-10-23 16:02:48 [main] INFO  o.s.b.a.l.ConditionEvaluationReportLoggingListener - "

Error starting ApplicationContext. To display the conditions report re-run your application with 'debug' enabled."
2018-10-23 16:02:48 [main] ERROR o.s.b.d.LoggingFailureAnalysisReporter - "

***************************
APPLICATION FAILED TO START
***************************

Description:

Field staffRepository in cn.edu.bupt.demo.dao.StaffNumber.StaffServiceImpl required a bean of type 'cn.edu.bupt.demo.dao.StaffNumber.StaffRepository' that could not be found.


Action:

Consider defining a bean of type 'cn.edu.bupt.demo.dao.StaffNumber.StaffRepository' in your configuration.
"
2018-10-23 16:12:49 [main] INFO  cn.edu.bupt.demo.DemoApplication - "Starting DemoApplication on EmmadeMacBook-Pro.local with PID 1525 (/Users/zy/IdeaProjects/demo/target/classes started by zy in /Users/zy/IdeaProjects/demo)"
2018-10-23 16:12:49 [main] INFO  cn.edu.bupt.demo.DemoApplication - "No active profile set, falling back to default profiles: default"
2018-10-23 16:12:49 [main] INFO  o.s.core.annotation.AnnotationUtils - "Failed to introspect annotations on class cn.edu.bupt.demo.DemoApplication: java.lang.annotation.AnnotationFormatError: Invalid default: public abstract java.lang.Class org.mybatis.spring.annotation.MapperScan.factoryBean()"
2018-10-23 16:12:49 [main] ERROR o.s.boot.SpringApplication - "Application run failed"
java.lang.annotation.AnnotationFormatError: Invalid default: public abstract java.lang.Class org.mybatis.spring.annotation.MapperScan.factoryBean()
	at java.lang.reflect.Method.getDefaultValue(Method.java:612)
	at sun.reflect.annotation.AnnotationType.<init>(AnnotationType.java:128)
	at sun.reflect.annotation.AnnotationType.getInstance(AnnotationType.java:85)
	at sun.reflect.annotation.AnnotationParser.parseAnnotation2(AnnotationParser.java:266)
	at sun.reflect.annotation.AnnotationParser.parseAnnotations2(AnnotationParser.java:120)
	at sun.reflect.annotation.AnnotationParser.parseAnnotations(AnnotationParser.java:72)
	at java.lang.Class.createAnnotationData(Class.java:3521)
	at java.lang.Class.annotationData(Class.java:3510)
	at java.lang.Class.getAnnotations(Class.java:3446)
	at org.springframework.core.type.StandardAnnotationMetadata.<init>(StandardAnnotationMetadata.java:70)
	at org.springframework.beans.factory.annotation.AnnotatedGenericBeanDefinition.<init>(AnnotatedGenericBeanDefinition.java:58)
	at org.springframework.context.annotation.AnnotatedBeanDefinitionReader.doRegisterBean(AnnotatedBeanDefinitionReader.java:216)
	at org.springframework.context.annotation.AnnotatedBeanDefinitionReader.registerBean(AnnotatedBeanDefinitionReader.java:145)
	at org.springframework.context.annotation.AnnotatedBeanDefinitionReader.register(AnnotatedBeanDefinitionReader.java:135)
	at org.springframework.boot.BeanDefinitionLoader.load(BeanDefinitionLoader.java:158)
	at org.springframework.boot.BeanDefinitionLoader.load(BeanDefinitionLoader.java:135)
	at org.springframework.boot.BeanDefinitionLoader.load(BeanDefinitionLoader.java:127)
	at org.springframework.boot.SpringApplication.load(SpringApplication.java:722)
	at org.springframework.boot.SpringApplication.prepareContext(SpringApplication.java:407)
	at org.springframework.boot.SpringApplication.run(SpringApplication.java:331)
	at org.springframework.boot.SpringApplication.run(SpringApplication.java:1277)
	at org.springframework.boot.SpringApplication.run(SpringApplication.java:1265)
	at cn.edu.bupt.demo.DemoApplication.main(DemoApplication.java:12)
2018-10-23 16:19:23 [main] INFO  cn.edu.bupt.demo.DemoApplication - "Starting DemoApplication on EmmadeMacBook-Pro.local with PID 1554 (/Users/zy/IdeaProjects/demo/target/classes started by zy in /Users/zy/IdeaProjects/demo)"
2018-10-23 16:19:23 [main] INFO  cn.edu.bupt.demo.DemoApplication - "No active profile set, falling back to default profiles: default"
2018-10-23 16:19:23 [main] INFO  o.s.c.a.AnnotationConfigApplicationContext - "Refreshing org.springframework.context.annotation.AnnotationConfigApplicationContext@175c2241: startup date [Tue Oct 23 16:19:23 CST 2018]; root of context hierarchy"
2018-10-23 16:19:23 [main] WARN  o.s.c.a.AnnotationConfigApplicationContext - "Exception encountered during context initialization - cancelling refresh attempt: org.springframework.beans.factory.UnsatisfiedDependencyException: Error creating bean with name 'staffController': Unsatisfied dependency expressed through field 'staffService'; nested exception is org.springframework.beans.factory.UnsatisfiedDependencyException: Error creating bean with name 'staffServiceImpl': Unsatisfied dependency expressed through field 'staffRepository'; nested exception is org.springframework.beans.factory.NoSuchBeanDefinitionException: No qualifying bean of type 'cn.edu.bupt.demo.dao.StaffNumber.StaffRepository' available: expected at least 1 bean which qualifies as autowire candidate. Dependency annotations: {@org.springframework.beans.factory.annotation.Autowired(required=true)}"
2018-10-23 16:19:23 [main] INFO  o.s.b.a.l.ConditionEvaluationReportLoggingListener - "

Error starting ApplicationContext. To display the conditions report re-run your application with 'debug' enabled."
2018-10-23 16:19:23 [main] ERROR o.s.b.d.LoggingFailureAnalysisReporter - "

***************************
APPLICATION FAILED TO START
***************************

Description:

Field staffRepository in cn.edu.bupt.demo.dao.StaffNumber.StaffServiceImpl required a bean of type 'cn.edu.bupt.demo.dao.StaffNumber.StaffRepository' that could not be found.


Action:

Consider defining a bean of type 'cn.edu.bupt.demo.dao.StaffNumber.StaffRepository' in your configuration.
"
2018-10-23 16:21:18 [main] INFO  cn.edu.bupt.demo.DemoApplication - "Starting DemoApplication on EmmadeMacBook-Pro.local with PID 1559 (/Users/zy/IdeaProjects/demo/target/classes started by zy in /Users/zy/IdeaProjects/demo)"
2018-10-23 16:21:18 [main] INFO  cn.edu.bupt.demo.DemoApplication - "No active profile set, falling back to default profiles: default"
2018-10-23 16:21:18 [main] INFO  o.s.c.a.AnnotationConfigApplicationContext - "Refreshing org.springframework.context.annotation.AnnotationConfigApplicationContext@40005471: startup date [Tue Oct 23 16:21:18 CST 2018]; root of context hierarchy"
2018-10-23 16:21:18 [main] WARN  o.s.c.a.AnnotationConfigApplicationContext - "Exception encountered during context initialization - cancelling refresh attempt: org.springframework.beans.factory.UnsatisfiedDependencyException: Error creating bean with name 'staffController': Unsatisfied dependency expressed through field 'staffService'; nested exception is org.springframework.beans.factory.UnsatisfiedDependencyException: Error creating bean with name 'staffServiceImpl': Unsatisfied dependency expressed through field 'staffRepository'; nested exception is org.springframework.beans.factory.NoSuchBeanDefinitionException: No qualifying bean of type 'cn.edu.bupt.demo.dao.StaffNumber.StaffRepository' available: expected at least 1 bean which qualifies as autowire candidate. Dependency annotations: {@org.springframework.beans.factory.annotation.Autowired(required=true)}"
2018-10-23 16:21:18 [main] INFO  o.s.b.a.l.ConditionEvaluationReportLoggingListener - "

Error starting ApplicationContext. To display the conditions report re-run your application with 'debug' enabled."
2018-10-23 16:21:18 [main] ERROR o.s.b.d.LoggingFailureAnalysisReporter - "

***************************
APPLICATION FAILED TO START
***************************

Description:

Field staffRepository in cn.edu.bupt.demo.dao.StaffNumber.StaffServiceImpl required a bean of type 'cn.edu.bupt.demo.dao.StaffNumber.StaffRepository' that could not be found.


Action:

Consider defining a bean of type 'cn.edu.bupt.demo.dao.StaffNumber.StaffRepository' in your configuration.
"
2018-10-23 16:34:24 [main] INFO  cn.edu.bupt.demo.DemoApplication - "Starting DemoApplication on EmmadeMacBook-Pro.local with PID 1579 (/Users/zy/IdeaProjects/demo/target/classes started by zy in /Users/zy/IdeaProjects/demo)"
2018-10-23 16:34:24 [main] INFO  cn.edu.bupt.demo.DemoApplication - "No active profile set, falling back to default profiles: default"
2018-10-23 16:34:24 [main] INFO  o.s.core.annotation.AnnotationUtils - "Failed to introspect annotations on class cn.edu.bupt.demo.DemoApplication: java.lang.annotation.AnnotationFormatError: Invalid default: public abstract java.lang.Class org.mybatis.spring.annotation.MapperScan.factoryBean()"
2018-10-23 16:34:24 [main] ERROR o.s.boot.SpringApplication - "Application run failed"
java.lang.annotation.AnnotationFormatError: Invalid default: public abstract java.lang.Class org.mybatis.spring.annotation.MapperScan.factoryBean()
	at java.lang.reflect.Method.getDefaultValue(Method.java:612)
	at sun.reflect.annotation.AnnotationType.<init>(AnnotationType.java:128)
	at sun.reflect.annotation.AnnotationType.getInstance(AnnotationType.java:85)
	at sun.reflect.annotation.AnnotationParser.parseAnnotation2(AnnotationParser.java:266)
	at sun.reflect.annotation.AnnotationParser.parseAnnotations2(AnnotationParser.java:120)
	at sun.reflect.annotation.AnnotationParser.parseAnnotations(AnnotationParser.java:72)
	at java.lang.Class.createAnnotationData(Class.java:3521)
	at java.lang.Class.annotationData(Class.java:3510)
	at java.lang.Class.getAnnotations(Class.java:3446)
	at org.springframework.core.type.StandardAnnotationMetadata.<init>(StandardAnnotationMetadata.java:70)
	at org.springframework.beans.factory.annotation.AnnotatedGenericBeanDefinition.<init>(AnnotatedGenericBeanDefinition.java:58)
	at org.springframework.context.annotation.AnnotatedBeanDefinitionReader.doRegisterBean(AnnotatedBeanDefinitionReader.java:216)
	at org.springframework.context.annotation.AnnotatedBeanDefinitionReader.registerBean(AnnotatedBeanDefinitionReader.java:145)
	at org.springframework.context.annotation.AnnotatedBeanDefinitionReader.register(AnnotatedBeanDefinitionReader.java:135)
	at org.springframework.boot.BeanDefinitionLoader.load(BeanDefinitionLoader.java:158)
	at org.springframework.boot.BeanDefinitionLoader.load(BeanDefinitionLoader.java:135)
	at org.springframework.boot.BeanDefinitionLoader.load(BeanDefinitionLoader.java:127)
	at org.springframework.boot.SpringApplication.load(SpringApplication.java:722)
	at org.springframework.boot.SpringApplication.prepareContext(SpringApplication.java:407)
	at org.springframework.boot.SpringApplication.run(SpringApplication.java:331)
	at org.springframework.boot.SpringApplication.run(SpringApplication.java:1277)
	at org.springframework.boot.SpringApplication.run(SpringApplication.java:1265)
	at cn.edu.bupt.demo.DemoApplication.main(DemoApplication.java:12)
2018-10-23 16:43:32 [main] INFO  cn.edu.bupt.demo.DemoApplication - "Starting DemoApplication on EmmadeMacBook-Pro.local with PID 1607 (/Users/zy/IdeaProjects/demo/target/classes started by zy in /Users/zy/IdeaProjects/demo)"
2018-10-23 16:43:32 [main] INFO  cn.edu.bupt.demo.DemoApplication - "No active profile set, falling back to default profiles: default"
2018-10-23 16:43:32 [main] INFO  o.s.c.a.AnnotationConfigApplicationContext - "Refreshing org.springframework.context.annotation.AnnotationConfigApplicationContext@175c2241: startup date [Tue Oct 23 16:43:32 CST 2018]; root of context hierarchy"
2018-10-23 16:43:32 [main] WARN  o.s.c.a.AnnotationConfigApplicationContext - "Exception encountered during context initialization - cancelling refresh attempt: org.springframework.beans.factory.UnsatisfiedDependencyException: Error creating bean with name 'staffController': Unsatisfied dependency expressed through field 'staffService'; nested exception is org.springframework.beans.factory.UnsatisfiedDependencyException: Error creating bean with name 'staffServiceImpl': Unsatisfied dependency expressed through field 'staffRepository'; nested exception is org.springframework.beans.factory.NoSuchBeanDefinitionException: No qualifying bean of type 'cn.edu.bupt.demo.dao.StaffNumber.StaffRepository' available: expected at least 1 bean which qualifies as autowire candidate. Dependency annotations: {@org.springframework.beans.factory.annotation.Autowired(required=true)}"
2018-10-23 16:43:32 [main] INFO  o.s.b.a.l.ConditionEvaluationReportLoggingListener - "

Error starting ApplicationContext. To display the conditions report re-run your application with 'debug' enabled."
2018-10-23 16:43:32 [main] ERROR o.s.b.d.LoggingFailureAnalysisReporter - "

***************************
APPLICATION FAILED TO START
***************************

Description:

Field staffRepository in cn.edu.bupt.demo.dao.StaffNumber.StaffServiceImpl required a bean of type 'cn.edu.bupt.demo.dao.StaffNumber.StaffRepository' that could not be found.


Action:

Consider defining a bean of type 'cn.edu.bupt.demo.dao.StaffNumber.StaffRepository' in your configuration.
"
2018-10-23 16:47:14 [main] INFO  cn.edu.bupt.demo.DemoApplication - "Starting DemoApplication on EmmadeMacBook-Pro.local with PID 1634 (/Users/zy/IdeaProjects/demo/target/classes started by zy in /Users/zy/IdeaProjects/demo)"
2018-10-23 16:47:14 [main] INFO  cn.edu.bupt.demo.DemoApplication - "No active profile set, falling back to default profiles: default"
2018-10-23 16:47:14 [main] INFO  o.s.c.a.AnnotationConfigApplicationContext - "Refreshing org.springframework.context.annotation.AnnotationConfigApplicationContext@3c41ed1d: startup date [Tue Oct 23 16:47:14 CST 2018]; root of context hierarchy"
2018-10-23 16:47:14 [main] WARN  o.s.c.a.AnnotationConfigApplicationContext - "Exception encountered during context initialization - cancelling refresh attempt: org.springframework.beans.factory.UnsatisfiedDependencyException: Error creating bean with name 'staffController': Unsatisfied dependency expressed through field 'staffService'; nested exception is org.springframework.beans.factory.UnsatisfiedDependencyException: Error creating bean with name 'staffServiceImpl': Unsatisfied dependency expressed through field 'staffRepository'; nested exception is org.springframework.beans.factory.NoSuchBeanDefinitionException: No qualifying bean of type 'cn.edu.bupt.demo.dao.StaffNumber.StaffRepository' available: expected at least 1 bean which qualifies as autowire candidate. Dependency annotations: {@org.springframework.beans.factory.annotation.Autowired(required=true)}"
2018-10-23 16:47:14 [main] INFO  o.s.b.a.l.ConditionEvaluationReportLoggingListener - "

Error starting ApplicationContext. To display the conditions report re-run your application with 'debug' enabled."
2018-10-23 16:47:14 [main] ERROR o.s.b.d.LoggingFailureAnalysisReporter - "

***************************
APPLICATION FAILED TO START
***************************

Description:

Field staffRepository in cn.edu.bupt.demo.dao.StaffNumber.StaffServiceImpl required a bean of type 'cn.edu.bupt.demo.dao.StaffNumber.StaffRepository' that could not be found.


Action:

Consider defining a bean of type 'cn.edu.bupt.demo.dao.StaffNumber.StaffRepository' in your configuration.
"
2018-10-23 16:49:27 [main] INFO  cn.edu.bupt.demo.DemoApplication - "Starting DemoApplication on EmmadeMacBook-Pro.local with PID 1638 (/Users/zy/IdeaProjects/demo/target/classes started by zy in /Users/zy/IdeaProjects/demo)"
2018-10-23 16:49:27 [main] INFO  cn.edu.bupt.demo.DemoApplication - "No active profile set, falling back to default profiles: default"
2018-10-23 16:49:27 [main] INFO  o.s.c.a.AnnotationConfigApplicationContext - "Refreshing org.springframework.context.annotation.AnnotationConfigApplicationContext@3c41ed1d: startup date [Tue Oct 23 16:49:27 CST 2018]; root of context hierarchy"
2018-10-23 16:49:28 [main] WARN  o.s.c.a.AnnotationConfigApplicationContext - "Exception encountered during context initialization - cancelling refresh attempt: org.springframework.beans.factory.UnsatisfiedDependencyException: Error creating bean with name 'staffController': Unsatisfied dependency expressed through field 'staffService'; nested exception is org.springframework.beans.factory.UnsatisfiedDependencyException: Error creating bean with name 'staffServiceImpl': Unsatisfied dependency expressed through field 'staffRepository'; nested exception is org.springframework.beans.factory.NoSuchBeanDefinitionException: No qualifying bean of type 'cn.edu.bupt.demo.dao.StaffNumber.StaffRepository' available: expected at least 1 bean which qualifies as autowire candidate. Dependency annotations: {@org.springframework.beans.factory.annotation.Autowired(required=true)}"
2018-10-23 16:49:28 [main] INFO  o.s.b.a.l.ConditionEvaluationReportLoggingListener - "

Error starting ApplicationContext. To display the conditions report re-run your application with 'debug' enabled."
2018-10-23 16:49:28 [main] ERROR o.s.b.d.LoggingFailureAnalysisReporter - "

***************************
APPLICATION FAILED TO START
***************************

Description:

Field staffRepository in cn.edu.bupt.demo.dao.StaffNumber.StaffServiceImpl required a bean of type 'cn.edu.bupt.demo.dao.StaffNumber.StaffRepository' that could not be found.


Action:

Consider defining a bean of type 'cn.edu.bupt.demo.dao.StaffNumber.StaffRepository' in your configuration.
"
2018-10-23 16:51:12 [main] INFO  cn.edu.bupt.demo.DemoApplication - "Starting DemoApplication on EmmadeMacBook-Pro.local with PID 1643 (/Users/zy/IdeaProjects/demo/target/classes started by zy in /Users/zy/IdeaProjects/demo)"
2018-10-23 16:51:12 [main] INFO  cn.edu.bupt.demo.DemoApplication - "No active profile set, falling back to default profiles: default"
2018-10-23 16:51:12 [main] INFO  o.s.core.annotation.AnnotationUtils - "Failed to introspect annotations on class cn.edu.bupt.demo.DemoApplication: java.lang.annotation.AnnotationFormatError: Invalid default: public abstract java.lang.Class org.mybatis.spring.annotation.MapperScan.factoryBean()"
2018-10-23 16:51:12 [main] ERROR o.s.boot.SpringApplication - "Application run failed"
java.lang.annotation.AnnotationFormatError: Invalid default: public abstract java.lang.Class org.mybatis.spring.annotation.MapperScan.factoryBean()
	at java.lang.reflect.Method.getDefaultValue(Method.java:612)
	at sun.reflect.annotation.AnnotationType.<init>(AnnotationType.java:128)
	at sun.reflect.annotation.AnnotationType.getInstance(AnnotationType.java:85)
	at sun.reflect.annotation.AnnotationParser.parseAnnotation2(AnnotationParser.java:266)
	at sun.reflect.annotation.AnnotationParser.parseAnnotations2(AnnotationParser.java:120)
	at sun.reflect.annotation.AnnotationParser.parseAnnotations(AnnotationParser.java:72)
	at java.lang.Class.createAnnotationData(Class.java:3521)
	at java.lang.Class.annotationData(Class.java:3510)
	at java.lang.Class.getAnnotations(Class.java:3446)
	at org.springframework.core.type.StandardAnnotationMetadata.<init>(StandardAnnotationMetadata.java:70)
	at org.springframework.beans.factory.annotation.AnnotatedGenericBeanDefinition.<init>(AnnotatedGenericBeanDefinition.java:58)
	at org.springframework.context.annotation.AnnotatedBeanDefinitionReader.doRegisterBean(AnnotatedBeanDefinitionReader.java:216)
	at org.springframework.context.annotation.AnnotatedBeanDefinitionReader.registerBean(AnnotatedBeanDefinitionReader.java:145)
	at org.springframework.context.annotation.AnnotatedBeanDefinitionReader.register(AnnotatedBeanDefinitionReader.java:135)
	at org.springframework.boot.BeanDefinitionLoader.load(BeanDefinitionLoader.java:158)
	at org.springframework.boot.BeanDefinitionLoader.load(BeanDefinitionLoader.java:135)
	at org.springframework.boot.BeanDefinitionLoader.load(BeanDefinitionLoader.java:127)
	at org.springframework.boot.SpringApplication.load(SpringApplication.java:722)
	at org.springframework.boot.SpringApplication.prepareContext(SpringApplication.java:407)
	at org.springframework.boot.SpringApplication.run(SpringApplication.java:331)
	at org.springframework.boot.SpringApplication.run(SpringApplication.java:1277)
	at org.springframework.boot.SpringApplication.run(SpringApplication.java:1265)
	at cn.edu.bupt.demo.DemoApplication.main(DemoApplication.java:13)
2018-10-23 16:54:44 [main] INFO  cn.edu.bupt.demo.DemoApplication - "Starting DemoApplication on EmmadeMacBook-Pro.local with PID 1665 (/Users/zy/IdeaProjects/demo/target/classes started by zy in /Users/zy/IdeaProjects/demo)"
2018-10-23 16:54:44 [main] INFO  cn.edu.bupt.demo.DemoApplication - "No active profile set, falling back to default profiles: default"
2018-10-23 16:54:44 [main] INFO  o.s.c.a.AnnotationConfigApplicationContext - "Refreshing org.springframework.context.annotation.AnnotationConfigApplicationContext@7586beff: startup date [Tue Oct 23 16:54:44 CST 2018]; root of context hierarchy"
2018-10-23 16:54:44 [main] INFO  o.s.j.e.a.AnnotationMBeanExporter - "Registering beans for JMX exposure on startup"
2018-10-23 16:54:44 [main] INFO  o.s.j.e.a.AnnotationMBeanExporter - "Bean with name 'dataSource' has been autodetected for JMX exposure"
2018-10-23 16:54:44 [main] INFO  o.s.j.e.a.AnnotationMBeanExporter - "Located MBean 'dataSource': registering with JMX server as MBean [com.zaxxer.hikari:name=dataSource,type=HikariDataSource]"
2018-10-23 16:54:44 [main] INFO  cn.edu.bupt.demo.DemoApplication - "Started DemoApplication in 1.281 seconds (JVM running for 1.947)"
2018-10-23 16:54:44 [Thread-5] INFO  o.s.c.a.AnnotationConfigApplicationContext - "Closing org.springframework.context.annotation.AnnotationConfigApplicationContext@7586beff: startup date [Tue Oct 23 16:54:44 CST 2018]; root of context hierarchy"
2018-10-23 16:54:44 [Thread-5] INFO  o.s.j.e.a.AnnotationMBeanExporter - "Unregistering JMX-exposed beans on shutdown"
2018-10-23 16:54:44 [Thread-5] INFO  o.s.j.e.a.AnnotationMBeanExporter - "Unregistering JMX-exposed beans"
2018-10-23 16:57:51 [main] INFO  cn.edu.bupt.demo.DemoApplication - "Starting DemoApplication on EmmadeMacBook-Pro.local with PID 1673 (/Users/zy/IdeaProjects/demo/target/classes started by zy in /Users/zy/IdeaProjects/demo)"
2018-10-23 16:57:51 [main] INFO  cn.edu.bupt.demo.DemoApplication - "No active profile set, falling back to default profiles: default"
2018-10-23 16:57:51 [main] INFO  o.s.b.w.s.c.AnnotationConfigServletWebServerApplicationContext - "Refreshing org.springframework.boot.web.servlet.context.AnnotationConfigServletWebServerApplicationContext@65fb9ffc: startup date [Tue Oct 23 16:57:51 CST 2018]; root of context hierarchy"
2018-10-23 16:57:52 [main] INFO  o.s.b.w.e.tomcat.TomcatWebServer - "Tomcat initialized with port(s): 8100 (http)"
2018-10-23 16:57:52 [main] INFO  o.a.coyote.http11.Http11NioProtocol - "Initializing ProtocolHandler ["http-nio-8100"]"
2018-10-23 16:57:52 [main] INFO  o.a.catalina.core.StandardService - "Starting service [Tomcat]"
2018-10-23 16:57:52 [main] INFO  o.a.catalina.core.StandardEngine - "Starting Servlet Engine: Apache Tomcat/8.5.34"
2018-10-23 16:57:52 [localhost-startStop-1] INFO  o.a.c.core.AprLifecycleListener - "The APR based Apache Tomcat Native library which allows optimal performance in production environments was not found on the java.library.path: [/Users/zy/Library/Java/Extensions:/Library/Java/Extensions:/Network/Library/Java/Extensions:/System/Library/Java/Extensions:/usr/lib/java:.]"
2018-10-23 16:57:52 [localhost-startStop-1] INFO  o.a.c.c.C.[Tomcat].[localhost].[/] - "Initializing Spring embedded WebApplicationContext"
2018-10-23 16:57:52 [localhost-startStop-1] INFO  o.s.web.context.ContextLoader - "Root WebApplicationContext: initialization completed in 1101 ms"
2018-10-23 16:57:52 [localhost-startStop-1] INFO  o.s.b.w.s.ServletRegistrationBean - "Servlet dispatcherServlet mapped to [/]"
2018-10-23 16:57:52 [localhost-startStop-1] INFO  o.s.b.w.s.FilterRegistrationBean - "Mapping filter: 'characterEncodingFilter' to: [/*]"
2018-10-23 16:57:52 [localhost-startStop-1] INFO  o.s.b.w.s.FilterRegistrationBean - "Mapping filter: 'hiddenHttpMethodFilter' to: [/*]"
2018-10-23 16:57:52 [localhost-startStop-1] INFO  o.s.b.w.s.FilterRegistrationBean - "Mapping filter: 'httpPutFormContentFilter' to: [/*]"
2018-10-23 16:57:52 [localhost-startStop-1] INFO  o.s.b.w.s.FilterRegistrationBean - "Mapping filter: 'requestContextFilter' to: [/*]"
2018-10-23 16:57:53 [main] INFO  o.s.w.s.h.SimpleUrlHandlerMapping - "Mapped URL path [/**/favicon.ico] onto handler of type [class org.springframework.web.servlet.resource.ResourceHttpRequestHandler]"
2018-10-23 16:57:53 [main] INFO  o.s.w.s.m.m.a.RequestMappingHandlerAdapter - "Looking for @ControllerAdvice: org.springframework.boot.web.servlet.context.AnnotationConfigServletWebServerApplicationContext@65fb9ffc: startup date [Tue Oct 23 16:57:51 CST 2018]; root of context hierarchy"
2018-10-23 16:57:53 [main] INFO  o.s.w.s.m.m.a.RequestMappingHandlerMapping - "Mapped "{[/api/v1/demo/staffById],methods=[GET],params=[staffId],produces=[text/html;charset=UTF-8]}" onto public cn.edu.bupt.demo.entity.StaffNumber cn.edu.bupt.demo.controller.StaffController.getStaffById(java.lang.Integer) throws java.lang.Exception"
2018-10-23 16:57:53 [main] INFO  o.s.w.s.m.m.a.RequestMappingHandlerMapping - "Mapped "{[/api/v1/demo/staffByName],methods=[GET],params=[staffName],produces=[text/html;charset=UTF-8]}" onto public java.util.List<cn.edu.bupt.demo.entity.StaffNumber> cn.edu.bupt.demo.controller.StaffController.getStaffByName(java.lang.String) throws java.lang.Exception"
2018-10-23 16:57:53 [main] INFO  o.s.w.s.m.m.a.RequestMappingHandlerMapping - "Mapped "{[/api/v1/demo/staff],methods=[POST],produces=[text/html;charset=UTF-8]}" onto public java.lang.String cn.edu.bupt.demo.controller.StaffController.createStaff(java.lang.String) throws java.lang.Exception"
2018-10-23 16:57:53 [main] INFO  o.s.w.s.m.m.a.RequestMappingHandlerMapping - "Mapped "{[/api/v1/demo/staff],methods=[PUT],produces=[text/html;charset=UTF-8]}" onto public java.lang.String cn.edu.bupt.demo.controller.StaffController.updateStaff(java.lang.String) throws java.lang.Exception"
2018-10-23 16:57:53 [main] INFO  o.s.w.s.m.m.a.RequestMappingHandlerMapping - "Mapped "{[/api/v1/demo/staffId],methods=[GET],params=[staffId],produces=[text/html;charset=UTF-8]}" onto public java.lang.Integer cn.edu.bupt.demo.controller.StaffController.staffCountById(java.lang.Integer) throws java.lang.Exception"
2018-10-23 16:57:53 [main] INFO  o.s.w.s.m.m.a.RequestMappingHandlerMapping - "Mapped "{[/api/v1/demo/staffName],methods=[GET],params=[staffId],produces=[text/html;charset=UTF-8]}" onto public java.lang.String cn.edu.bupt.demo.controller.StaffController.findStaffName(java.lang.Integer) throws java.lang.Exception"
2018-10-23 16:57:53 [main] INFO  o.s.w.s.m.m.a.RequestMappingHandlerMapping - "Mapped "{[/api/v1/demo/staffName],methods=[DELETE],params=[staffName]}" onto public void cn.edu.bupt.demo.controller.StaffController.deleteStaffById(java.lang.String)"
2018-10-23 16:57:53 [main] INFO  o.s.w.s.m.m.a.RequestMappingHandlerMapping - "Mapped "{[/api/v1/demo/staffId],methods=[DELETE],params=[staffId]}" onto public void cn.edu.bupt.demo.controller.StaffController.deleteStaffById(java.lang.Integer)"
2018-10-23 16:57:53 [main] INFO  o.s.w.s.m.m.a.RequestMappingHandlerMapping - "Mapped "{[/error]}" onto public org.springframework.http.ResponseEntity<java.util.Map<java.lang.String, java.lang.Object>> org.springframework.boot.autoconfigure.web.servlet.error.BasicErrorController.error(javax.servlet.http.HttpServletRequest)"
2018-10-23 16:57:53 [main] INFO  o.s.w.s.m.m.a.RequestMappingHandlerMapping - "Mapped "{[/error],produces=[text/html]}" onto public org.springframework.web.servlet.ModelAndView org.springframework.boot.autoconfigure.web.servlet.error.BasicErrorController.errorHtml(javax.servlet.http.HttpServletRequest,javax.servlet.http.HttpServletResponse)"
2018-10-23 16:57:53 [main] INFO  o.s.w.s.h.SimpleUrlHandlerMapping - "Mapped URL path [/webjars/**] onto handler of type [class org.springframework.web.servlet.resource.ResourceHttpRequestHandler]"
2018-10-23 16:57:53 [main] INFO  o.s.w.s.h.SimpleUrlHandlerMapping - "Mapped URL path [/**] onto handler of type [class org.springframework.web.servlet.resource.ResourceHttpRequestHandler]"
2018-10-23 16:57:53 [main] INFO  o.s.j.e.a.AnnotationMBeanExporter - "Registering beans for JMX exposure on startup"
2018-10-23 16:57:53 [main] INFO  o.s.j.e.a.AnnotationMBeanExporter - "Bean with name 'dataSource' has been autodetected for JMX exposure"
2018-10-23 16:57:53 [main] INFO  o.s.j.e.a.AnnotationMBeanExporter - "Located MBean 'dataSource': registering with JMX server as MBean [com.zaxxer.hikari:name=dataSource,type=HikariDataSource]"
2018-10-23 16:57:53 [main] INFO  o.a.coyote.http11.Http11NioProtocol - "Starting ProtocolHandler ["http-nio-8100"]"
2018-10-23 16:57:53 [main] INFO  o.a.tomcat.util.net.NioSelectorPool - "Using a shared selector for servlet write/read"
2018-10-23 16:57:53 [main] INFO  o.s.b.w.e.tomcat.TomcatWebServer - "Tomcat started on port(s): 8100 (http) with context path ''"
2018-10-23 16:57:53 [main] INFO  cn.edu.bupt.demo.DemoApplication - "Started DemoApplication in 2.189 seconds (JVM running for 2.841)"
2018-10-23 17:05:09 [http-nio-8100-exec-2] INFO  o.a.c.c.C.[Tomcat].[localhost].[/] - "Initializing Spring FrameworkServlet 'dispatcherServlet'"
2018-10-23 17:05:09 [http-nio-8100-exec-2] INFO  o.s.web.servlet.DispatcherServlet - "FrameworkServlet 'dispatcherServlet': initialization started"
2018-10-23 17:05:09 [http-nio-8100-exec-2] INFO  o.s.web.servlet.DispatcherServlet - "FrameworkServlet 'dispatcherServlet': initialization completed in 12 ms"
2018-10-23 17:05:09 [http-nio-8100-exec-2] WARN  o.s.w.s.m.s.DefaultHandlerExceptionResolver - "Resolved [org.springframework.http.converter.HttpMessageNotReadableException: Required request body is missing: public java.lang.String cn.edu.bupt.demo.controller.StaffController.createStaff(java.lang.String) throws java.lang.Exception]"
2018-10-23 17:05:09 [http-nio-8100-exec-2] WARN  o.s.w.s.m.s.DefaultHandlerExceptionResolver - "Resolved [org.springframework.web.HttpMediaTypeNotAcceptableException: Could not find acceptable representation]"
2018-10-23 17:07:29 [http-nio-8100-exec-5] INFO  com.zaxxer.hikari.HikariDataSource - "HikariPool-1 - Starting..."
2018-10-23 17:07:29 [http-nio-8100-exec-5] INFO  com.zaxxer.hikari.HikariDataSource - "HikariPool-1 - Start completed."
2018-10-23 17:07:29 [http-nio-8100-exec-5] INFO  o.s.b.f.xml.XmlBeanDefinitionReader - "Loading XML bean definitions from class path resource [org/springframework/jdbc/support/sql-error-codes.xml]"
2018-10-23 17:07:29 [http-nio-8100-exec-5] ERROR o.a.c.c.C.[.[.[.[dispatcherServlet] - "Servlet.service() for servlet [dispatcherServlet] in context with path [] threw exception [Request processing failed; nested exception is java.lang.Exception: createStaff error!] with root cause"
java.lang.Exception: createStaff error!
	at cn.edu.bupt.demo.controller.StaffController.createStaff(StaffController.java:59)
	at sun.reflect.NativeMethodAccessorImpl.invoke0(Native Method)
	at sun.reflect.NativeMethodAccessorImpl.invoke(NativeMethodAccessorImpl.java:62)
	at sun.reflect.DelegatingMethodAccessorImpl.invoke(DelegatingMethodAccessorImpl.java:43)
	at java.lang.reflect.Method.invoke(Method.java:498)
	at org.springframework.web.method.support.InvocableHandlerMethod.doInvoke(InvocableHandlerMethod.java:209)
	at org.springframework.web.method.support.InvocableHandlerMethod.invokeForRequest(InvocableHandlerMethod.java:136)
	at org.springframework.web.servlet.mvc.method.annotation.ServletInvocableHandlerMethod.invokeAndHandle(ServletInvocableHandlerMethod.java:102)
	at org.springframework.web.servlet.mvc.method.annotation.RequestMappingHandlerAdapter.invokeHandlerMethod(RequestMappingHandlerAdapter.java:891)
	at org.springframework.web.servlet.mvc.method.annotation.RequestMappingHandlerAdapter.handleInternal(RequestMappingHandlerAdapter.java:797)
	at org.springframework.web.servlet.mvc.method.AbstractHandlerMethodAdapter.handle(AbstractHandlerMethodAdapter.java:87)
	at org.springframework.web.servlet.DispatcherServlet.doDispatch(DispatcherServlet.java:991)
	at org.springframework.web.servlet.DispatcherServlet.doService(DispatcherServlet.java:925)
	at org.springframework.web.servlet.FrameworkServlet.processRequest(FrameworkServlet.java:974)
	at org.springframework.web.servlet.FrameworkServlet.doPost(FrameworkServlet.java:877)
	at javax.servlet.http.HttpServlet.service(HttpServlet.java:661)
	at org.springframework.web.servlet.FrameworkServlet.service(FrameworkServlet.java:851)
	at javax.servlet.http.HttpServlet.service(HttpServlet.java:742)
	at org.apache.catalina.core.ApplicationFilterChain.internalDoFilter(ApplicationFilterChain.java:231)
	at org.apache.catalina.core.ApplicationFilterChain.doFilter(ApplicationFilterChain.java:166)
	at org.apache.tomcat.websocket.server.WsFilter.doFilter(WsFilter.java:52)
	at org.apache.catalina.core.ApplicationFilterChain.internalDoFilter(ApplicationFilterChain.java:193)
	at org.apache.catalina.core.ApplicationFilterChain.doFilter(ApplicationFilterChain.java:166)
	at org.springframework.web.filter.RequestContextFilter.doFilterInternal(RequestContextFilter.java:99)
	at org.springframework.web.filter.OncePerRequestFilter.doFilter(OncePerRequestFilter.java:107)
	at org.apache.catalina.core.ApplicationFilterChain.internalDoFilter(ApplicationFilterChain.java:193)
	at org.apache.catalina.core.ApplicationFilterChain.doFilter(ApplicationFilterChain.java:166)
	at org.springframework.web.filter.HttpPutFormContentFilter.doFilterInternal(HttpPutFormContentFilter.java:109)
	at org.springframework.web.filter.OncePerRequestFilter.doFilter(OncePerRequestFilter.java:107)
	at org.apache.catalina.core.ApplicationFilterChain.internalDoFilter(ApplicationFilterChain.java:193)
	at org.apache.catalina.core.ApplicationFilterChain.doFilter(ApplicationFilterChain.java:166)
	at org.springframework.web.filter.HiddenHttpMethodFilter.doFilterInternal(HiddenHttpMethodFilter.java:81)
	at org.springframework.web.filter.OncePerRequestFilter.doFilter(OncePerRequestFilter.java:107)
	at org.apache.catalina.core.ApplicationFilterChain.internalDoFilter(ApplicationFilterChain.java:193)
	at org.apache.catalina.core.ApplicationFilterChain.doFilter(ApplicationFilterChain.java:166)
	at org.springframework.web.filter.CharacterEncodingFilter.doFilterInternal(CharacterEncodingFilter.java:200)
	at org.springframework.web.filter.OncePerRequestFilter.doFilter(OncePerRequestFilter.java:107)
	at org.apache.catalina.core.ApplicationFilterChain.internalDoFilter(ApplicationFilterChain.java:193)
	at org.apache.catalina.core.ApplicationFilterChain.doFilter(ApplicationFilterChain.java:166)
	at org.apache.catalina.core.StandardWrapperValve.invoke(StandardWrapperValve.java:198)
	at org.apache.catalina.core.StandardContextValve.invoke(StandardContextValve.java:96)
	at org.apache.catalina.authenticator.AuthenticatorBase.invoke(AuthenticatorBase.java:493)
	at org.apache.catalina.core.StandardHostValve.invoke(StandardHostValve.java:140)
	at org.apache.catalina.valves.ErrorReportValve.invoke(ErrorReportValve.java:81)
	at org.apache.catalina.core.StandardEngineValve.invoke(StandardEngineValve.java:87)
	at org.apache.catalina.connector.CoyoteAdapter.service(CoyoteAdapter.java:342)
	at org.apache.coyote.http11.Http11Processor.service(Http11Processor.java:800)
	at org.apache.coyote.AbstractProcessorLight.process(AbstractProcessorLight.java:66)
	at org.apache.coyote.AbstractProtocol$ConnectionHandler.process(AbstractProtocol.java:806)
	at org.apache.tomcat.util.net.NioEndpoint$SocketProcessor.doRun(NioEndpoint.java:1498)
	at org.apache.tomcat.util.net.SocketProcessorBase.run(SocketProcessorBase.java:49)
	at java.util.concurrent.ThreadPoolExecutor.runWorker(ThreadPoolExecutor.java:1142)
	at java.util.concurrent.ThreadPoolExecutor$Worker.run(ThreadPoolExecutor.java:617)
	at org.apache.tomcat.util.threads.TaskThread$WrappingRunnable.run(TaskThread.java:61)
	at java.lang.Thread.run(Thread.java:745)
2018-10-23 17:07:29 [http-nio-8100-exec-5] WARN  o.s.w.s.m.s.DefaultHandlerExceptionResolver - "Resolved [org.springframework.web.HttpMediaTypeNotAcceptableException: Could not find acceptable representation]"
2018-10-23 17:09:28 [Thread-8] INFO  o.s.b.w.s.c.AnnotationConfigServletWebServerApplicationContext - "Closing org.springframework.boot.web.servlet.context.AnnotationConfigServletWebServerApplicationContext@65fb9ffc: startup date [Tue Oct 23 16:57:51 CST 2018]; root of context hierarchy"
2018-10-23 17:09:28 [Thread-8] INFO  o.s.j.e.a.AnnotationMBeanExporter - "Unregistering JMX-exposed beans on shutdown"
2018-10-23 17:09:28 [Thread-8] INFO  o.s.j.e.a.AnnotationMBeanExporter - "Unregistering JMX-exposed beans"
2018-10-23 17:09:28 [Thread-8] INFO  com.zaxxer.hikari.HikariDataSource - "HikariPool-1 - Shutdown initiated..."
2018-10-23 17:09:28 [Thread-8] INFO  com.zaxxer.hikari.HikariDataSource - "HikariPool-1 - Shutdown completed."
2018-10-23 17:09:32 [main] INFO  cn.edu.bupt.demo.DemoApplication - "Starting DemoApplication on EmmadeMacBook-Pro.local with PID 1705 (/Users/zy/IdeaProjects/demo/target/classes started by zy in /Users/zy/IdeaProjects/demo)"
2018-10-23 17:09:32 [main] INFO  cn.edu.bupt.demo.DemoApplication - "No active profile set, falling back to default profiles: default"
2018-10-23 17:09:32 [main] INFO  o.s.b.w.s.c.AnnotationConfigServletWebServerApplicationContext - "Refreshing org.springframework.boot.web.servlet.context.AnnotationConfigServletWebServerApplicationContext@65fb9ffc: startup date [Tue Oct 23 17:09:32 CST 2018]; root of context hierarchy"
2018-10-23 17:09:33 [main] INFO  o.s.b.w.e.tomcat.TomcatWebServer - "Tomcat initialized with port(s): 8100 (http)"
2018-10-23 17:09:33 [main] INFO  o.a.coyote.http11.Http11NioProtocol - "Initializing ProtocolHandler ["http-nio-8100"]"
2018-10-23 17:09:34 [main] INFO  o.a.catalina.core.StandardService - "Starting service [Tomcat]"
2018-10-23 17:09:34 [main] INFO  o.a.catalina.core.StandardEngine - "Starting Servlet Engine: Apache Tomcat/8.5.34"
2018-10-23 17:09:34 [localhost-startStop-1] INFO  o.a.c.core.AprLifecycleListener - "The APR based Apache Tomcat Native library which allows optimal performance in production environments was not found on the java.library.path: [/Users/zy/Library/Java/Extensions:/Library/Java/Extensions:/Network/Library/Java/Extensions:/System/Library/Java/Extensions:/usr/lib/java:.]"
2018-10-23 17:09:34 [localhost-startStop-1] INFO  o.a.c.c.C.[Tomcat].[localhost].[/] - "Initializing Spring embedded WebApplicationContext"
2018-10-23 17:09:34 [localhost-startStop-1] INFO  o.s.web.context.ContextLoader - "Root WebApplicationContext: initialization completed in 1106 ms"
2018-10-23 17:09:34 [localhost-startStop-1] INFO  o.s.b.w.s.ServletRegistrationBean - "Servlet dispatcherServlet mapped to [/]"
2018-10-23 17:09:34 [localhost-startStop-1] INFO  o.s.b.w.s.FilterRegistrationBean - "Mapping filter: 'characterEncodingFilter' to: [/*]"
2018-10-23 17:09:34 [localhost-startStop-1] INFO  o.s.b.w.s.FilterRegistrationBean - "Mapping filter: 'hiddenHttpMethodFilter' to: [/*]"
2018-10-23 17:09:34 [localhost-startStop-1] INFO  o.s.b.w.s.FilterRegistrationBean - "Mapping filter: 'httpPutFormContentFilter' to: [/*]"
2018-10-23 17:09:34 [localhost-startStop-1] INFO  o.s.b.w.s.FilterRegistrationBean - "Mapping filter: 'requestContextFilter' to: [/*]"
2018-10-23 17:09:34 [main] INFO  o.s.w.s.h.SimpleUrlHandlerMapping - "Mapped URL path [/**/favicon.ico] onto handler of type [class org.springframework.web.servlet.resource.ResourceHttpRequestHandler]"
2018-10-23 17:09:34 [main] INFO  o.s.w.s.m.m.a.RequestMappingHandlerAdapter - "Looking for @ControllerAdvice: org.springframework.boot.web.servlet.context.AnnotationConfigServletWebServerApplicationContext@65fb9ffc: startup date [Tue Oct 23 17:09:32 CST 2018]; root of context hierarchy"
2018-10-23 17:09:34 [main] INFO  o.s.w.s.m.m.a.RequestMappingHandlerMapping - "Mapped "{[/api/v1/demo/staffById],methods=[GET],params=[staffId],produces=[text/html;charset=UTF-8]}" onto public cn.edu.bupt.demo.entity.StaffNumber cn.edu.bupt.demo.controller.StaffController.getStaffById(java.lang.Integer) throws java.lang.Exception"
2018-10-23 17:09:34 [main] INFO  o.s.w.s.m.m.a.RequestMappingHandlerMapping - "Mapped "{[/api/v1/demo/staffByName],methods=[GET],params=[staffName],produces=[text/html;charset=UTF-8]}" onto public java.util.List<cn.edu.bupt.demo.entity.StaffNumber> cn.edu.bupt.demo.controller.StaffController.getStaffByName(java.lang.String) throws java.lang.Exception"
2018-10-23 17:09:34 [main] INFO  o.s.w.s.m.m.a.RequestMappingHandlerMapping - "Mapped "{[/api/v1/demo/staff],methods=[POST],produces=[text/html;charset=UTF-8]}" onto public java.lang.String cn.edu.bupt.demo.controller.StaffController.createStaff(java.lang.String) throws java.lang.Exception"
2018-10-23 17:09:34 [main] INFO  o.s.w.s.m.m.a.RequestMappingHandlerMapping - "Mapped "{[/api/v1/demo/staff],methods=[PUT],produces=[text/html;charset=UTF-8]}" onto public java.lang.String cn.edu.bupt.demo.controller.StaffController.updateStaff(java.lang.String) throws java.lang.Exception"
2018-10-23 17:09:34 [main] INFO  o.s.w.s.m.m.a.RequestMappingHandlerMapping - "Mapped "{[/api/v1/demo/staffId],methods=[GET],params=[staffId],produces=[text/html;charset=UTF-8]}" onto public java.lang.Integer cn.edu.bupt.demo.controller.StaffController.staffCountById(java.lang.Integer) throws java.lang.Exception"
2018-10-23 17:09:34 [main] INFO  o.s.w.s.m.m.a.RequestMappingHandlerMapping - "Mapped "{[/api/v1/demo/staffName],methods=[GET],params=[staffId],produces=[text/html;charset=UTF-8]}" onto public java.lang.String cn.edu.bupt.demo.controller.StaffController.findStaffName(java.lang.Integer) throws java.lang.Exception"
2018-10-23 17:09:34 [main] INFO  o.s.w.s.m.m.a.RequestMappingHandlerMapping - "Mapped "{[/api/v1/demo/staffName],methods=[DELETE],params=[staffName]}" onto public void cn.edu.bupt.demo.controller.StaffController.deleteStaffById(java.lang.String)"
2018-10-23 17:09:34 [main] INFO  o.s.w.s.m.m.a.RequestMappingHandlerMapping - "Mapped "{[/api/v1/demo/staffId],methods=[DELETE],params=[staffId]}" onto public void cn.edu.bupt.demo.controller.StaffController.deleteStaffById(java.lang.Integer)"
2018-10-23 17:09:34 [main] INFO  o.s.w.s.m.m.a.RequestMappingHandlerMapping - "Mapped "{[/error]}" onto public org.springframework.http.ResponseEntity<java.util.Map<java.lang.String, java.lang.Object>> org.springframework.boot.autoconfigure.web.servlet.error.BasicErrorController.error(javax.servlet.http.HttpServletRequest)"
2018-10-23 17:09:34 [main] INFO  o.s.w.s.m.m.a.RequestMappingHandlerMapping - "Mapped "{[/error],produces=[text/html]}" onto public org.springframework.web.servlet.ModelAndView org.springframework.boot.autoconfigure.web.servlet.error.BasicErrorController.errorHtml(javax.servlet.http.HttpServletRequest,javax.servlet.http.HttpServletResponse)"
2018-10-23 17:09:34 [main] INFO  o.s.w.s.h.SimpleUrlHandlerMapping - "Mapped URL path [/webjars/**] onto handler of type [class org.springframework.web.servlet.resource.ResourceHttpRequestHandler]"
2018-10-23 17:09:34 [main] INFO  o.s.w.s.h.SimpleUrlHandlerMapping - "Mapped URL path [/**] onto handler of type [class org.springframework.web.servlet.resource.ResourceHttpRequestHandler]"
2018-10-23 17:09:34 [main] INFO  o.s.j.e.a.AnnotationMBeanExporter - "Registering beans for JMX exposure on startup"
2018-10-23 17:09:34 [main] INFO  o.s.j.e.a.AnnotationMBeanExporter - "Bean with name 'dataSource' has been autodetected for JMX exposure"
2018-10-23 17:09:34 [main] INFO  o.s.j.e.a.AnnotationMBeanExporter - "Located MBean 'dataSource': registering with JMX server as MBean [com.zaxxer.hikari:name=dataSource,type=HikariDataSource]"
2018-10-23 17:09:34 [main] INFO  o.a.coyote.http11.Http11NioProtocol - "Starting ProtocolHandler ["http-nio-8100"]"
2018-10-23 17:09:34 [main] INFO  o.a.tomcat.util.net.NioSelectorPool - "Using a shared selector for servlet write/read"
2018-10-23 17:09:34 [main] INFO  o.s.b.w.e.tomcat.TomcatWebServer - "Tomcat started on port(s): 8100 (http) with context path ''"
2018-10-23 17:09:34 [main] INFO  cn.edu.bupt.demo.DemoApplication - "Started DemoApplication in 2.202 seconds (JVM running for 2.87)"
2018-10-23 17:09:49 [http-nio-8100-exec-2] INFO  o.a.c.c.C.[Tomcat].[localhost].[/] - "Initializing Spring FrameworkServlet 'dispatcherServlet'"
2018-10-23 17:09:49 [http-nio-8100-exec-2] INFO  o.s.web.servlet.DispatcherServlet - "FrameworkServlet 'dispatcherServlet': initialization started"
2018-10-23 17:09:49 [http-nio-8100-exec-2] INFO  o.s.web.servlet.DispatcherServlet - "FrameworkServlet 'dispatcherServlet': initialization completed in 13 ms"
2018-10-23 17:09:49 [http-nio-8100-exec-2] INFO  com.zaxxer.hikari.HikariDataSource - "HikariPool-1 - Starting..."
2018-10-23 17:09:49 [http-nio-8100-exec-2] INFO  com.zaxxer.hikari.HikariDataSource - "HikariPool-1 - Start completed."
2018-10-23 17:09:49 [http-nio-8100-exec-2] INFO  o.s.b.f.xml.XmlBeanDefinitionReader - "Loading XML bean definitions from class path resource [org/springframework/jdbc/support/sql-error-codes.xml]"
2018-10-23 17:09:49 [http-nio-8100-exec-2] ERROR o.a.c.c.C.[.[.[.[dispatcherServlet] - "Servlet.service() for servlet [dispatcherServlet] in context with path [] threw exception [Request processing failed; nested exception is java.lang.Exception: createStaff error!] with root cause"
java.lang.Exception: createStaff error!
	at cn.edu.bupt.demo.controller.StaffController.createStaff(StaffController.java:59)
	at sun.reflect.NativeMethodAccessorImpl.invoke0(Native Method)
	at sun.reflect.NativeMethodAccessorImpl.invoke(NativeMethodAccessorImpl.java:62)
	at sun.reflect.DelegatingMethodAccessorImpl.invoke(DelegatingMethodAccessorImpl.java:43)
	at java.lang.reflect.Method.invoke(Method.java:498)
	at org.springframework.web.method.support.InvocableHandlerMethod.doInvoke(InvocableHandlerMethod.java:209)
	at org.springframework.web.method.support.InvocableHandlerMethod.invokeForRequest(InvocableHandlerMethod.java:136)
	at org.springframework.web.servlet.mvc.method.annotation.ServletInvocableHandlerMethod.invokeAndHandle(ServletInvocableHandlerMethod.java:102)
	at org.springframework.web.servlet.mvc.method.annotation.RequestMappingHandlerAdapter.invokeHandlerMethod(RequestMappingHandlerAdapter.java:891)
	at org.springframework.web.servlet.mvc.method.annotation.RequestMappingHandlerAdapter.handleInternal(RequestMappingHandlerAdapter.java:797)
	at org.springframework.web.servlet.mvc.method.AbstractHandlerMethodAdapter.handle(AbstractHandlerMethodAdapter.java:87)
	at org.springframework.web.servlet.DispatcherServlet.doDispatch(DispatcherServlet.java:991)
	at org.springframework.web.servlet.DispatcherServlet.doService(DispatcherServlet.java:925)
	at org.springframework.web.servlet.FrameworkServlet.processRequest(FrameworkServlet.java:974)
	at org.springframework.web.servlet.FrameworkServlet.doPost(FrameworkServlet.java:877)
	at javax.servlet.http.HttpServlet.service(HttpServlet.java:661)
	at org.springframework.web.servlet.FrameworkServlet.service(FrameworkServlet.java:851)
	at javax.servlet.http.HttpServlet.service(HttpServlet.java:742)
	at org.apache.catalina.core.ApplicationFilterChain.internalDoFilter(ApplicationFilterChain.java:231)
	at org.apache.catalina.core.ApplicationFilterChain.doFilter(ApplicationFilterChain.java:166)
	at org.apache.tomcat.websocket.server.WsFilter.doFilter(WsFilter.java:52)
	at org.apache.catalina.core.ApplicationFilterChain.internalDoFilter(ApplicationFilterChain.java:193)
	at org.apache.catalina.core.ApplicationFilterChain.doFilter(ApplicationFilterChain.java:166)
	at org.springframework.web.filter.RequestContextFilter.doFilterInternal(RequestContextFilter.java:99)
	at org.springframework.web.filter.OncePerRequestFilter.doFilter(OncePerRequestFilter.java:107)
	at org.apache.catalina.core.ApplicationFilterChain.internalDoFilter(ApplicationFilterChain.java:193)
	at org.apache.catalina.core.ApplicationFilterChain.doFilter(ApplicationFilterChain.java:166)
	at org.springframework.web.filter.HttpPutFormContentFilter.doFilterInternal(HttpPutFormContentFilter.java:109)
	at org.springframework.web.filter.OncePerRequestFilter.doFilter(OncePerRequestFilter.java:107)
	at org.apache.catalina.core.ApplicationFilterChain.internalDoFilter(ApplicationFilterChain.java:193)
	at org.apache.catalina.core.ApplicationFilterChain.doFilter(ApplicationFilterChain.java:166)
	at org.springframework.web.filter.HiddenHttpMethodFilter.doFilterInternal(HiddenHttpMethodFilter.java:81)
	at org.springframework.web.filter.OncePerRequestFilter.doFilter(OncePerRequestFilter.java:107)
	at org.apache.catalina.core.ApplicationFilterChain.internalDoFilter(ApplicationFilterChain.java:193)
	at org.apache.catalina.core.ApplicationFilterChain.doFilter(ApplicationFilterChain.java:166)
	at org.springframework.web.filter.CharacterEncodingFilter.doFilterInternal(CharacterEncodingFilter.java:200)
	at org.springframework.web.filter.OncePerRequestFilter.doFilter(OncePerRequestFilter.java:107)
	at org.apache.catalina.core.ApplicationFilterChain.internalDoFilter(ApplicationFilterChain.java:193)
	at org.apache.catalina.core.ApplicationFilterChain.doFilter(ApplicationFilterChain.java:166)
	at org.apache.catalina.core.StandardWrapperValve.invoke(StandardWrapperValve.java:198)
	at org.apache.catalina.core.StandardContextValve.invoke(StandardContextValve.java:96)
	at org.apache.catalina.authenticator.AuthenticatorBase.invoke(AuthenticatorBase.java:493)
	at org.apache.catalina.core.StandardHostValve.invoke(StandardHostValve.java:140)
	at org.apache.catalina.valves.ErrorReportValve.invoke(ErrorReportValve.java:81)
	at org.apache.catalina.core.StandardEngineValve.invoke(StandardEngineValve.java:87)
	at org.apache.catalina.connector.CoyoteAdapter.service(CoyoteAdapter.java:342)
	at org.apache.coyote.http11.Http11Processor.service(Http11Processor.java:800)
	at org.apache.coyote.AbstractProcessorLight.process(AbstractProcessorLight.java:66)
	at org.apache.coyote.AbstractProtocol$ConnectionHandler.process(AbstractProtocol.java:806)
	at org.apache.tomcat.util.net.NioEndpoint$SocketProcessor.doRun(NioEndpoint.java:1498)
	at org.apache.tomcat.util.net.SocketProcessorBase.run(SocketProcessorBase.java:49)
	at java.util.concurrent.ThreadPoolExecutor.runWorker(ThreadPoolExecutor.java:1142)
	at java.util.concurrent.ThreadPoolExecutor$Worker.run(ThreadPoolExecutor.java:617)
	at org.apache.tomcat.util.threads.TaskThread$WrappingRunnable.run(TaskThread.java:61)
	at java.lang.Thread.run(Thread.java:745)
2018-10-23 17:09:49 [http-nio-8100-exec-2] WARN  o.s.w.s.m.s.DefaultHandlerExceptionResolver - "Resolved [org.springframework.web.HttpMediaTypeNotAcceptableException: Could not find acceptable representation]"
2018-10-23 17:10:15 [Thread-8] INFO  o.s.b.w.s.c.AnnotationConfigServletWebServerApplicationContext - "Closing org.springframework.boot.web.servlet.context.AnnotationConfigServletWebServerApplicationContext@65fb9ffc: startup date [Tue Oct 23 17:09:32 CST 2018]; root of context hierarchy"
2018-10-23 17:10:15 [Thread-8] INFO  o.s.j.e.a.AnnotationMBeanExporter - "Unregistering JMX-exposed beans on shutdown"
2018-10-23 17:10:15 [Thread-8] INFO  o.s.j.e.a.AnnotationMBeanExporter - "Unregistering JMX-exposed beans"
2018-10-23 17:10:15 [Thread-8] INFO  com.zaxxer.hikari.HikariDataSource - "HikariPool-1 - Shutdown initiated..."
2018-10-23 17:10:15 [Thread-8] INFO  com.zaxxer.hikari.HikariDataSource - "HikariPool-1 - Shutdown completed."
2018-10-23 17:10:19 [main] INFO  cn.edu.bupt.demo.DemoApplication - "Starting DemoApplication on EmmadeMacBook-Pro.local with PID 1709 (/Users/zy/IdeaProjects/demo/target/classes started by zy in /Users/zy/IdeaProjects/demo)"
2018-10-23 17:10:19 [main] INFO  cn.edu.bupt.demo.DemoApplication - "No active profile set, falling back to default profiles: default"
2018-10-23 17:10:19 [main] INFO  o.s.b.w.s.c.AnnotationConfigServletWebServerApplicationContext - "Refreshing org.springframework.boot.web.servlet.context.AnnotationConfigServletWebServerApplicationContext@7ca33c24: startup date [Tue Oct 23 17:10:19 CST 2018]; root of context hierarchy"
2018-10-23 17:10:20 [main] INFO  o.s.b.w.e.tomcat.TomcatWebServer - "Tomcat initialized with port(s): 8100 (http)"
2018-10-23 17:10:20 [main] INFO  o.a.coyote.http11.Http11NioProtocol - "Initializing ProtocolHandler ["http-nio-8100"]"
2018-10-23 17:10:20 [main] INFO  o.a.catalina.core.StandardService - "Starting service [Tomcat]"
2018-10-23 17:10:20 [main] INFO  o.a.catalina.core.StandardEngine - "Starting Servlet Engine: Apache Tomcat/8.5.34"
2018-10-23 17:10:20 [localhost-startStop-1] INFO  o.a.c.core.AprLifecycleListener - "The APR based Apache Tomcat Native library which allows optimal performance in production environments was not found on the java.library.path: [/Users/zy/Library/Java/Extensions:/Library/Java/Extensions:/Network/Library/Java/Extensions:/System/Library/Java/Extensions:/usr/lib/java:.]"
2018-10-23 17:10:20 [localhost-startStop-1] INFO  o.a.c.c.C.[Tomcat].[localhost].[/] - "Initializing Spring embedded WebApplicationContext"
2018-10-23 17:10:20 [localhost-startStop-1] INFO  o.s.web.context.ContextLoader - "Root WebApplicationContext: initialization completed in 1183 ms"
2018-10-23 17:10:20 [localhost-startStop-1] INFO  o.s.b.w.s.ServletRegistrationBean - "Servlet dispatcherServlet mapped to [/]"
2018-10-23 17:10:20 [localhost-startStop-1] INFO  o.s.b.w.s.FilterRegistrationBean - "Mapping filter: 'characterEncodingFilter' to: [/*]"
2018-10-23 17:10:20 [localhost-startStop-1] INFO  o.s.b.w.s.FilterRegistrationBean - "Mapping filter: 'hiddenHttpMethodFilter' to: [/*]"
2018-10-23 17:10:20 [localhost-startStop-1] INFO  o.s.b.w.s.FilterRegistrationBean - "Mapping filter: 'httpPutFormContentFilter' to: [/*]"
2018-10-23 17:10:20 [localhost-startStop-1] INFO  o.s.b.w.s.FilterRegistrationBean - "Mapping filter: 'requestContextFilter' to: [/*]"
2018-10-23 17:10:21 [main] INFO  o.s.w.s.h.SimpleUrlHandlerMapping - "Mapped URL path [/**/favicon.ico] onto handler of type [class org.springframework.web.servlet.resource.ResourceHttpRequestHandler]"
2018-10-23 17:10:21 [main] INFO  o.s.w.s.m.m.a.RequestMappingHandlerAdapter - "Looking for @ControllerAdvice: org.springframework.boot.web.servlet.context.AnnotationConfigServletWebServerApplicationContext@7ca33c24: startup date [Tue Oct 23 17:10:19 CST 2018]; root of context hierarchy"
2018-10-23 17:10:21 [main] INFO  o.s.w.s.m.m.a.RequestMappingHandlerMapping - "Mapped "{[/api/v1/demo/staffById],methods=[GET],params=[staffId],produces=[text/html;charset=UTF-8]}" onto public cn.edu.bupt.demo.entity.StaffNumber cn.edu.bupt.demo.controller.StaffController.getStaffById(java.lang.Integer) throws java.lang.Exception"
2018-10-23 17:10:21 [main] INFO  o.s.w.s.m.m.a.RequestMappingHandlerMapping - "Mapped "{[/api/v1/demo/staffByName],methods=[GET],params=[staffName],produces=[text/html;charset=UTF-8]}" onto public java.util.List<cn.edu.bupt.demo.entity.StaffNumber> cn.edu.bupt.demo.controller.StaffController.getStaffByName(java.lang.String) throws java.lang.Exception"
2018-10-23 17:10:21 [main] INFO  o.s.w.s.m.m.a.RequestMappingHandlerMapping - "Mapped "{[/api/v1/demo/staff],methods=[POST],produces=[text/html;charset=UTF-8]}" onto public java.lang.String cn.edu.bupt.demo.controller.StaffController.createStaff(java.lang.String) throws java.lang.Exception"
2018-10-23 17:10:21 [main] INFO  o.s.w.s.m.m.a.RequestMappingHandlerMapping - "Mapped "{[/api/v1/demo/staff],methods=[PUT],produces=[text/html;charset=UTF-8]}" onto public java.lang.String cn.edu.bupt.demo.controller.StaffController.updateStaff(java.lang.String) throws java.lang.Exception"
2018-10-23 17:10:21 [main] INFO  o.s.w.s.m.m.a.RequestMappingHandlerMapping - "Mapped "{[/api/v1/demo/staffId],methods=[GET],params=[staffId],produces=[text/html;charset=UTF-8]}" onto public java.lang.Integer cn.edu.bupt.demo.controller.StaffController.staffCountById(java.lang.Integer) throws java.lang.Exception"
2018-10-23 17:10:21 [main] INFO  o.s.w.s.m.m.a.RequestMappingHandlerMapping - "Mapped "{[/api/v1/demo/staffName],methods=[GET],params=[staffId],produces=[text/html;charset=UTF-8]}" onto public java.lang.String cn.edu.bupt.demo.controller.StaffController.findStaffName(java.lang.Integer) throws java.lang.Exception"
2018-10-23 17:10:21 [main] INFO  o.s.w.s.m.m.a.RequestMappingHandlerMapping - "Mapped "{[/api/v1/demo/staffName],methods=[DELETE],params=[staffName]}" onto public void cn.edu.bupt.demo.controller.StaffController.deleteStaffById(java.lang.String)"
2018-10-23 17:10:21 [main] INFO  o.s.w.s.m.m.a.RequestMappingHandlerMapping - "Mapped "{[/api/v1/demo/staffId],methods=[DELETE],params=[staffId]}" onto public void cn.edu.bupt.demo.controller.StaffController.deleteStaffById(java.lang.Integer)"
2018-10-23 17:10:21 [main] INFO  o.s.w.s.m.m.a.RequestMappingHandlerMapping - "Mapped "{[/error]}" onto public org.springframework.http.ResponseEntity<java.util.Map<java.lang.String, java.lang.Object>> org.springframework.boot.autoconfigure.web.servlet.error.BasicErrorController.error(javax.servlet.http.HttpServletRequest)"
2018-10-23 17:10:21 [main] INFO  o.s.w.s.m.m.a.RequestMappingHandlerMapping - "Mapped "{[/error],produces=[text/html]}" onto public org.springframework.web.servlet.ModelAndView org.springframework.boot.autoconfigure.web.servlet.error.BasicErrorController.errorHtml(javax.servlet.http.HttpServletRequest,javax.servlet.http.HttpServletResponse)"
2018-10-23 17:10:21 [main] INFO  o.s.w.s.h.SimpleUrlHandlerMapping - "Mapped URL path [/webjars/**] onto handler of type [class org.springframework.web.servlet.resource.ResourceHttpRequestHandler]"
2018-10-23 17:10:21 [main] INFO  o.s.w.s.h.SimpleUrlHandlerMapping - "Mapped URL path [/**] onto handler of type [class org.springframework.web.servlet.resource.ResourceHttpRequestHandler]"
2018-10-23 17:10:21 [main] INFO  o.s.j.e.a.AnnotationMBeanExporter - "Registering beans for JMX exposure on startup"
2018-10-23 17:10:21 [main] INFO  o.s.j.e.a.AnnotationMBeanExporter - "Bean with name 'dataSource' has been autodetected for JMX exposure"
2018-10-23 17:10:21 [main] INFO  o.s.j.e.a.AnnotationMBeanExporter - "Located MBean 'dataSource': registering with JMX server as MBean [com.zaxxer.hikari:name=dataSource,type=HikariDataSource]"
2018-10-23 17:10:21 [main] INFO  o.a.coyote.http11.Http11NioProtocol - "Starting ProtocolHandler ["http-nio-8100"]"
2018-10-23 17:10:21 [main] INFO  o.a.tomcat.util.net.NioSelectorPool - "Using a shared selector for servlet write/read"
2018-10-23 17:10:21 [main] INFO  o.s.b.w.e.tomcat.TomcatWebServer - "Tomcat started on port(s): 8100 (http) with context path ''"
2018-10-23 17:10:21 [main] INFO  cn.edu.bupt.demo.DemoApplication - "Started DemoApplication in 2.675 seconds (JVM running for 3.611)"
2018-10-23 17:10:36 [http-nio-8100-exec-1] INFO  o.a.c.c.C.[Tomcat].[localhost].[/] - "Initializing Spring FrameworkServlet 'dispatcherServlet'"
2018-10-23 17:10:36 [http-nio-8100-exec-1] INFO  o.s.web.servlet.DispatcherServlet - "FrameworkServlet 'dispatcherServlet': initialization started"
2018-10-23 17:10:36 [http-nio-8100-exec-1] INFO  o.s.web.servlet.DispatcherServlet - "FrameworkServlet 'dispatcherServlet': initialization completed in 15 ms"
2018-10-23 17:10:48 [http-nio-8100-exec-1] INFO  com.zaxxer.hikari.HikariDataSource - "HikariPool-1 - Starting..."
2018-10-23 17:10:48 [http-nio-8100-exec-1] INFO  com.zaxxer.hikari.HikariDataSource - "HikariPool-1 - Start completed."
2018-10-23 17:10:48 [http-nio-8100-exec-1] INFO  o.s.b.f.xml.XmlBeanDefinitionReader - "Loading XML bean definitions from class path resource [org/springframework/jdbc/support/sql-error-codes.xml]"
2018-10-23 17:10:59 [http-nio-8100-exec-1] ERROR o.a.c.c.C.[.[.[.[dispatcherServlet] - "Servlet.service() for servlet [dispatcherServlet] in context with path [] threw exception [Request processing failed; nested exception is java.lang.Exception: createStaff error!] with root cause"
java.lang.Exception: createStaff error!
	at cn.edu.bupt.demo.controller.StaffController.createStaff(StaffController.java:59)
	at sun.reflect.NativeMethodAccessorImpl.invoke0(Native Method)
	at sun.reflect.NativeMethodAccessorImpl.invoke(NativeMethodAccessorImpl.java:62)
	at sun.reflect.DelegatingMethodAccessorImpl.invoke(DelegatingMethodAccessorImpl.java:43)
	at java.lang.reflect.Method.invoke(Method.java:498)
	at org.springframework.web.method.support.InvocableHandlerMethod.doInvoke(InvocableHandlerMethod.java:209)
	at org.springframework.web.method.support.InvocableHandlerMethod.invokeForRequest(InvocableHandlerMethod.java:136)
	at org.springframework.web.servlet.mvc.method.annotation.ServletInvocableHandlerMethod.invokeAndHandle(ServletInvocableHandlerMethod.java:102)
	at org.springframework.web.servlet.mvc.method.annotation.RequestMappingHandlerAdapter.invokeHandlerMethod(RequestMappingHandlerAdapter.java:891)
	at org.springframework.web.servlet.mvc.method.annotation.RequestMappingHandlerAdapter.handleInternal(RequestMappingHandlerAdapter.java:797)
	at org.springframework.web.servlet.mvc.method.AbstractHandlerMethodAdapter.handle(AbstractHandlerMethodAdapter.java:87)
	at org.springframework.web.servlet.DispatcherServlet.doDispatch(DispatcherServlet.java:991)
	at org.springframework.web.servlet.DispatcherServlet.doService(DispatcherServlet.java:925)
	at org.springframework.web.servlet.FrameworkServlet.processRequest(FrameworkServlet.java:974)
	at org.springframework.web.servlet.FrameworkServlet.doPost(FrameworkServlet.java:877)
	at javax.servlet.http.HttpServlet.service(HttpServlet.java:661)
	at org.springframework.web.servlet.FrameworkServlet.service(FrameworkServlet.java:851)
	at javax.servlet.http.HttpServlet.service(HttpServlet.java:742)
	at org.apache.catalina.core.ApplicationFilterChain.internalDoFilter(ApplicationFilterChain.java:231)
	at org.apache.catalina.core.ApplicationFilterChain.doFilter(ApplicationFilterChain.java:166)
	at org.apache.tomcat.websocket.server.WsFilter.doFilter(WsFilter.java:52)
	at org.apache.catalina.core.ApplicationFilterChain.internalDoFilter(ApplicationFilterChain.java:193)
	at org.apache.catalina.core.ApplicationFilterChain.doFilter(ApplicationFilterChain.java:166)
	at org.springframework.web.filter.RequestContextFilter.doFilterInternal(RequestContextFilter.java:99)
	at org.springframework.web.filter.OncePerRequestFilter.doFilter(OncePerRequestFilter.java:107)
	at org.apache.catalina.core.ApplicationFilterChain.internalDoFilter(ApplicationFilterChain.java:193)
	at org.apache.catalina.core.ApplicationFilterChain.doFilter(ApplicationFilterChain.java:166)
	at org.springframework.web.filter.HttpPutFormContentFilter.doFilterInternal(HttpPutFormContentFilter.java:109)
	at org.springframework.web.filter.OncePerRequestFilter.doFilter(OncePerRequestFilter.java:107)
	at org.apache.catalina.core.ApplicationFilterChain.internalDoFilter(ApplicationFilterChain.java:193)
	at org.apache.catalina.core.ApplicationFilterChain.doFilter(ApplicationFilterChain.java:166)
	at org.springframework.web.filter.HiddenHttpMethodFilter.doFilterInternal(HiddenHttpMethodFilter.java:81)
	at org.springframework.web.filter.OncePerRequestFilter.doFilter(OncePerRequestFilter.java:107)
	at org.apache.catalina.core.ApplicationFilterChain.internalDoFilter(ApplicationFilterChain.java:193)
	at org.apache.catalina.core.ApplicationFilterChain.doFilter(ApplicationFilterChain.java:166)
	at org.springframework.web.filter.CharacterEncodingFilter.doFilterInternal(CharacterEncodingFilter.java:200)
	at org.springframework.web.filter.OncePerRequestFilter.doFilter(OncePerRequestFilter.java:107)
	at org.apache.catalina.core.ApplicationFilterChain.internalDoFilter(ApplicationFilterChain.java:193)
	at org.apache.catalina.core.ApplicationFilterChain.doFilter(ApplicationFilterChain.java:166)
	at org.apache.catalina.core.StandardWrapperValve.invoke(StandardWrapperValve.java:198)
	at org.apache.catalina.core.StandardContextValve.invoke(StandardContextValve.java:96)
	at org.apache.catalina.authenticator.AuthenticatorBase.invoke(AuthenticatorBase.java:493)
	at org.apache.catalina.core.StandardHostValve.invoke(StandardHostValve.java:140)
	at org.apache.catalina.valves.ErrorReportValve.invoke(ErrorReportValve.java:81)
	at org.apache.catalina.core.StandardEngineValve.invoke(StandardEngineValve.java:87)
	at org.apache.catalina.connector.CoyoteAdapter.service(CoyoteAdapter.java:342)
	at org.apache.coyote.http11.Http11Processor.service(Http11Processor.java:800)
	at org.apache.coyote.AbstractProcessorLight.process(AbstractProcessorLight.java:66)
	at org.apache.coyote.AbstractProtocol$ConnectionHandler.process(AbstractProtocol.java:806)
	at org.apache.tomcat.util.net.NioEndpoint$SocketProcessor.doRun(NioEndpoint.java:1498)
	at org.apache.tomcat.util.net.SocketProcessorBase.run(SocketProcessorBase.java:49)
	at java.util.concurrent.ThreadPoolExecutor.runWorker(ThreadPoolExecutor.java:1142)
	at java.util.concurrent.ThreadPoolExecutor$Worker.run(ThreadPoolExecutor.java:617)
	at org.apache.tomcat.util.threads.TaskThread$WrappingRunnable.run(TaskThread.java:61)
	at java.lang.Thread.run(Thread.java:745)
2018-10-23 17:10:59 [http-nio-8100-exec-1] WARN  o.s.w.s.m.s.DefaultHandlerExceptionResolver - "Resolved [org.springframework.web.HttpMediaTypeNotAcceptableException: Could not find acceptable representation]"
2018-10-23 17:11:38 [Thread-9] INFO  o.s.b.w.s.c.AnnotationConfigServletWebServerApplicationContext - "Closing org.springframework.boot.web.servlet.context.AnnotationConfigServletWebServerApplicationContext@7ca33c24: startup date [Tue Oct 23 17:10:19 CST 2018]; root of context hierarchy"
2018-10-23 17:11:38 [Thread-9] INFO  o.s.j.e.a.AnnotationMBeanExporter - "Unregistering JMX-exposed beans on shutdown"
2018-10-23 17:11:38 [Thread-9] INFO  o.s.j.e.a.AnnotationMBeanExporter - "Unregistering JMX-exposed beans"
2018-10-23 17:11:38 [Thread-9] INFO  com.zaxxer.hikari.HikariDataSource - "HikariPool-1 - Shutdown initiated..."
2018-10-23 17:11:38 [Thread-9] INFO  com.zaxxer.hikari.HikariDataSource - "HikariPool-1 - Shutdown completed."
2018-10-23 17:11:43 [main] INFO  cn.edu.bupt.demo.DemoApplication - "Starting DemoApplication on EmmadeMacBook-Pro.local with PID 1713 (/Users/zy/IdeaProjects/demo/target/classes started by zy in /Users/zy/IdeaProjects/demo)"
2018-10-23 17:11:43 [main] INFO  cn.edu.bupt.demo.DemoApplication - "No active profile set, falling back to default profiles: default"
2018-10-23 17:11:43 [main] INFO  o.s.b.w.s.c.AnnotationConfigServletWebServerApplicationContext - "Refreshing org.springframework.boot.web.servlet.context.AnnotationConfigServletWebServerApplicationContext@327514f: startup date [Tue Oct 23 17:11:43 CST 2018]; root of context hierarchy"
2018-10-23 17:11:44 [main] INFO  o.s.b.w.e.tomcat.TomcatWebServer - "Tomcat initialized with port(s): 8100 (http)"
2018-10-23 17:11:44 [main] INFO  o.a.coyote.http11.Http11NioProtocol - "Initializing ProtocolHandler ["http-nio-8100"]"
2018-10-23 17:11:44 [main] INFO  o.a.catalina.core.StandardService - "Starting service [Tomcat]"
2018-10-23 17:11:44 [main] INFO  o.a.catalina.core.StandardEngine - "Starting Servlet Engine: Apache Tomcat/8.5.34"
2018-10-23 17:11:44 [localhost-startStop-1] INFO  o.a.c.core.AprLifecycleListener - "The APR based Apache Tomcat Native library which allows optimal performance in production environments was not found on the java.library.path: [/Users/zy/Library/Java/Extensions:/Library/Java/Extensions:/Network/Library/Java/Extensions:/System/Library/Java/Extensions:/usr/lib/java:.]"
2018-10-23 17:11:44 [localhost-startStop-1] INFO  o.a.c.c.C.[Tomcat].[localhost].[/] - "Initializing Spring embedded WebApplicationContext"
2018-10-23 17:11:44 [localhost-startStop-1] INFO  o.s.web.context.ContextLoader - "Root WebApplicationContext: initialization completed in 1144 ms"
2018-10-23 17:11:45 [localhost-startStop-1] INFO  o.s.b.w.s.ServletRegistrationBean - "Servlet dispatcherServlet mapped to [/]"
2018-10-23 17:11:45 [localhost-startStop-1] INFO  o.s.b.w.s.FilterRegistrationBean - "Mapping filter: 'characterEncodingFilter' to: [/*]"
2018-10-23 17:11:45 [localhost-startStop-1] INFO  o.s.b.w.s.FilterRegistrationBean - "Mapping filter: 'hiddenHttpMethodFilter' to: [/*]"
2018-10-23 17:11:45 [localhost-startStop-1] INFO  o.s.b.w.s.FilterRegistrationBean - "Mapping filter: 'httpPutFormContentFilter' to: [/*]"
2018-10-23 17:11:45 [localhost-startStop-1] INFO  o.s.b.w.s.FilterRegistrationBean - "Mapping filter: 'requestContextFilter' to: [/*]"
2018-10-23 17:11:45 [main] INFO  o.s.w.s.h.SimpleUrlHandlerMapping - "Mapped URL path [/**/favicon.ico] onto handler of type [class org.springframework.web.servlet.resource.ResourceHttpRequestHandler]"
2018-10-23 17:11:45 [main] INFO  o.s.w.s.m.m.a.RequestMappingHandlerAdapter - "Looking for @ControllerAdvice: org.springframework.boot.web.servlet.context.AnnotationConfigServletWebServerApplicationContext@327514f: startup date [Tue Oct 23 17:11:43 CST 2018]; root of context hierarchy"
2018-10-23 17:11:45 [main] INFO  o.s.w.s.m.m.a.RequestMappingHandlerMapping - "Mapped "{[/api/v1/demo/staffById],methods=[GET],params=[staffId],produces=[text/html;charset=UTF-8]}" onto public cn.edu.bupt.demo.entity.StaffNumber cn.edu.bupt.demo.controller.StaffController.getStaffById(java.lang.Integer) throws java.lang.Exception"
2018-10-23 17:11:45 [main] INFO  o.s.w.s.m.m.a.RequestMappingHandlerMapping - "Mapped "{[/api/v1/demo/staffByName],methods=[GET],params=[staffName],produces=[text/html;charset=UTF-8]}" onto public java.util.List<cn.edu.bupt.demo.entity.StaffNumber> cn.edu.bupt.demo.controller.StaffController.getStaffByName(java.lang.String) throws java.lang.Exception"
2018-10-23 17:11:45 [main] INFO  o.s.w.s.m.m.a.RequestMappingHandlerMapping - "Mapped "{[/api/v1/demo/staff],methods=[POST],produces=[text/html;charset=UTF-8]}" onto public java.lang.String cn.edu.bupt.demo.controller.StaffController.createStaff(java.lang.String) throws java.lang.Exception"
2018-10-23 17:11:45 [main] INFO  o.s.w.s.m.m.a.RequestMappingHandlerMapping - "Mapped "{[/api/v1/demo/staff],methods=[PUT],produces=[text/html;charset=UTF-8]}" onto public java.lang.String cn.edu.bupt.demo.controller.StaffController.updateStaff(java.lang.String) throws java.lang.Exception"
2018-10-23 17:11:45 [main] INFO  o.s.w.s.m.m.a.RequestMappingHandlerMapping - "Mapped "{[/api/v1/demo/staffId],methods=[GET],params=[staffId],produces=[text/html;charset=UTF-8]}" onto public java.lang.Integer cn.edu.bupt.demo.controller.StaffController.staffCountById(java.lang.Integer) throws java.lang.Exception"
2018-10-23 17:11:45 [main] INFO  o.s.w.s.m.m.a.RequestMappingHandlerMapping - "Mapped "{[/api/v1/demo/staffName],methods=[GET],params=[staffId],produces=[text/html;charset=UTF-8]}" onto public java.lang.String cn.edu.bupt.demo.controller.StaffController.findStaffName(java.lang.Integer) throws java.lang.Exception"
2018-10-23 17:11:45 [main] INFO  o.s.w.s.m.m.a.RequestMappingHandlerMapping - "Mapped "{[/api/v1/demo/staffName],methods=[DELETE],params=[staffName]}" onto public void cn.edu.bupt.demo.controller.StaffController.deleteStaffById(java.lang.String)"
2018-10-23 17:11:45 [main] INFO  o.s.w.s.m.m.a.RequestMappingHandlerMapping - "Mapped "{[/api/v1/demo/staffId],methods=[DELETE],params=[staffId]}" onto public void cn.edu.bupt.demo.controller.StaffController.deleteStaffById(java.lang.Integer)"
2018-10-23 17:11:45 [main] INFO  o.s.w.s.m.m.a.RequestMappingHandlerMapping - "Mapped "{[/error]}" onto public org.springframework.http.ResponseEntity<java.util.Map<java.lang.String, java.lang.Object>> org.springframework.boot.autoconfigure.web.servlet.error.BasicErrorController.error(javax.servlet.http.HttpServletRequest)"
2018-10-23 17:11:45 [main] INFO  o.s.w.s.m.m.a.RequestMappingHandlerMapping - "Mapped "{[/error],produces=[text/html]}" onto public org.springframework.web.servlet.ModelAndView org.springframework.boot.autoconfigure.web.servlet.error.BasicErrorController.errorHtml(javax.servlet.http.HttpServletRequest,javax.servlet.http.HttpServletResponse)"
2018-10-23 17:11:45 [main] INFO  o.s.w.s.h.SimpleUrlHandlerMapping - "Mapped URL path [/webjars/**] onto handler of type [class org.springframework.web.servlet.resource.ResourceHttpRequestHandler]"
2018-10-23 17:11:45 [main] INFO  o.s.w.s.h.SimpleUrlHandlerMapping - "Mapped URL path [/**] onto handler of type [class org.springframework.web.servlet.resource.ResourceHttpRequestHandler]"
2018-10-23 17:11:45 [main] INFO  o.s.j.e.a.AnnotationMBeanExporter - "Registering beans for JMX exposure on startup"
2018-10-23 17:11:45 [main] INFO  o.s.j.e.a.AnnotationMBeanExporter - "Bean with name 'dataSource' has been autodetected for JMX exposure"
2018-10-23 17:11:45 [main] INFO  o.s.j.e.a.AnnotationMBeanExporter - "Located MBean 'dataSource': registering with JMX server as MBean [com.zaxxer.hikari:name=dataSource,type=HikariDataSource]"
2018-10-23 17:11:45 [main] INFO  o.a.coyote.http11.Http11NioProtocol - "Starting ProtocolHandler ["http-nio-8100"]"
2018-10-23 17:11:45 [main] INFO  o.a.tomcat.util.net.NioSelectorPool - "Using a shared selector for servlet write/read"
2018-10-23 17:11:45 [main] INFO  o.s.b.w.e.tomcat.TomcatWebServer - "Tomcat started on port(s): 8100 (http) with context path ''"
2018-10-23 17:11:45 [main] INFO  cn.edu.bupt.demo.DemoApplication - "Started DemoApplication in 2.342 seconds (JVM running for 2.924)"
2018-10-23 17:11:50 [http-nio-8100-exec-1] INFO  o.a.c.c.C.[Tomcat].[localhost].[/] - "Initializing Spring FrameworkServlet 'dispatcherServlet'"
2018-10-23 17:11:50 [http-nio-8100-exec-1] INFO  o.s.web.servlet.DispatcherServlet - "FrameworkServlet 'dispatcherServlet': initialization started"
2018-10-23 17:11:50 [http-nio-8100-exec-1] INFO  o.s.web.servlet.DispatcherServlet - "FrameworkServlet 'dispatcherServlet': initialization completed in 13 ms"
2018-10-23 17:11:50 [http-nio-8100-exec-1] INFO  com.zaxxer.hikari.HikariDataSource - "HikariPool-1 - Starting..."
2018-10-23 17:11:51 [http-nio-8100-exec-1] INFO  com.zaxxer.hikari.HikariDataSource - "HikariPool-1 - Start completed."
2018-10-23 17:11:51 [http-nio-8100-exec-1] INFO  o.s.b.f.xml.XmlBeanDefinitionReader - "Loading XML bean definitions from class path resource [org/springframework/jdbc/support/sql-error-codes.xml]"
2018-10-23 17:11:51 [http-nio-8100-exec-1] ERROR o.a.c.c.C.[.[.[.[dispatcherServlet] - "Servlet.service() for servlet [dispatcherServlet] in context with path [] threw exception [Request processing failed; nested exception is java.lang.Exception: createStaff error!] with root cause"
java.lang.Exception: createStaff error!
	at cn.edu.bupt.demo.controller.StaffController.createStaff(StaffController.java:59)
	at sun.reflect.NativeMethodAccessorImpl.invoke0(Native Method)
	at sun.reflect.NativeMethodAccessorImpl.invoke(NativeMethodAccessorImpl.java:62)
	at sun.reflect.DelegatingMethodAccessorImpl.invoke(DelegatingMethodAccessorImpl.java:43)
	at java.lang.reflect.Method.invoke(Method.java:498)
	at org.springframework.web.method.support.InvocableHandlerMethod.doInvoke(InvocableHandlerMethod.java:209)
	at org.springframework.web.method.support.InvocableHandlerMethod.invokeForRequest(InvocableHandlerMethod.java:136)
	at org.springframework.web.servlet.mvc.method.annotation.ServletInvocableHandlerMethod.invokeAndHandle(ServletInvocableHandlerMethod.java:102)
	at org.springframework.web.servlet.mvc.method.annotation.RequestMappingHandlerAdapter.invokeHandlerMethod(RequestMappingHandlerAdapter.java:891)
	at org.springframework.web.servlet.mvc.method.annotation.RequestMappingHandlerAdapter.handleInternal(RequestMappingHandlerAdapter.java:797)
	at org.springframework.web.servlet.mvc.method.AbstractHandlerMethodAdapter.handle(AbstractHandlerMethodAdapter.java:87)
	at org.springframework.web.servlet.DispatcherServlet.doDispatch(DispatcherServlet.java:991)
	at org.springframework.web.servlet.DispatcherServlet.doService(DispatcherServlet.java:925)
	at org.springframework.web.servlet.FrameworkServlet.processRequest(FrameworkServlet.java:974)
	at org.springframework.web.servlet.FrameworkServlet.doPost(FrameworkServlet.java:877)
	at javax.servlet.http.HttpServlet.service(HttpServlet.java:661)
	at org.springframework.web.servlet.FrameworkServlet.service(FrameworkServlet.java:851)
	at javax.servlet.http.HttpServlet.service(HttpServlet.java:742)
	at org.apache.catalina.core.ApplicationFilterChain.internalDoFilter(ApplicationFilterChain.java:231)
	at org.apache.catalina.core.ApplicationFilterChain.doFilter(ApplicationFilterChain.java:166)
	at org.apache.tomcat.websocket.server.WsFilter.doFilter(WsFilter.java:52)
	at org.apache.catalina.core.ApplicationFilterChain.internalDoFilter(ApplicationFilterChain.java:193)
	at org.apache.catalina.core.ApplicationFilterChain.doFilter(ApplicationFilterChain.java:166)
	at org.springframework.web.filter.RequestContextFilter.doFilterInternal(RequestContextFilter.java:99)
	at org.springframework.web.filter.OncePerRequestFilter.doFilter(OncePerRequestFilter.java:107)
	at org.apache.catalina.core.ApplicationFilterChain.internalDoFilter(ApplicationFilterChain.java:193)
	at org.apache.catalina.core.ApplicationFilterChain.doFilter(ApplicationFilterChain.java:166)
	at org.springframework.web.filter.HttpPutFormContentFilter.doFilterInternal(HttpPutFormContentFilter.java:109)
	at org.springframework.web.filter.OncePerRequestFilter.doFilter(OncePerRequestFilter.java:107)
	at org.apache.catalina.core.ApplicationFilterChain.internalDoFilter(ApplicationFilterChain.java:193)
	at org.apache.catalina.core.ApplicationFilterChain.doFilter(ApplicationFilterChain.java:166)
	at org.springframework.web.filter.HiddenHttpMethodFilter.doFilterInternal(HiddenHttpMethodFilter.java:81)
	at org.springframework.web.filter.OncePerRequestFilter.doFilter(OncePerRequestFilter.java:107)
	at org.apache.catalina.core.ApplicationFilterChain.internalDoFilter(ApplicationFilterChain.java:193)
	at org.apache.catalina.core.ApplicationFilterChain.doFilter(ApplicationFilterChain.java:166)
	at org.springframework.web.filter.CharacterEncodingFilter.doFilterInternal(CharacterEncodingFilter.java:200)
	at org.springframework.web.filter.OncePerRequestFilter.doFilter(OncePerRequestFilter.java:107)
	at org.apache.catalina.core.ApplicationFilterChain.internalDoFilter(ApplicationFilterChain.java:193)
	at org.apache.catalina.core.ApplicationFilterChain.doFilter(ApplicationFilterChain.java:166)
	at org.apache.catalina.core.StandardWrapperValve.invoke(StandardWrapperValve.java:198)
	at org.apache.catalina.core.StandardContextValve.invoke(StandardContextValve.java:96)
	at org.apache.catalina.authenticator.AuthenticatorBase.invoke(AuthenticatorBase.java:493)
	at org.apache.catalina.core.StandardHostValve.invoke(StandardHostValve.java:140)
	at org.apache.catalina.valves.ErrorReportValve.invoke(ErrorReportValve.java:81)
	at org.apache.catalina.core.StandardEngineValve.invoke(StandardEngineValve.java:87)
	at org.apache.catalina.connector.CoyoteAdapter.service(CoyoteAdapter.java:342)
	at org.apache.coyote.http11.Http11Processor.service(Http11Processor.java:800)
	at org.apache.coyote.AbstractProcessorLight.process(AbstractProcessorLight.java:66)
	at org.apache.coyote.AbstractProtocol$ConnectionHandler.process(AbstractProtocol.java:806)
	at org.apache.tomcat.util.net.NioEndpoint$SocketProcessor.doRun(NioEndpoint.java:1498)
	at org.apache.tomcat.util.net.SocketProcessorBase.run(SocketProcessorBase.java:49)
	at java.util.concurrent.ThreadPoolExecutor.runWorker(ThreadPoolExecutor.java:1142)
	at java.util.concurrent.ThreadPoolExecutor$Worker.run(ThreadPoolExecutor.java:617)
	at org.apache.tomcat.util.threads.TaskThread$WrappingRunnable.run(TaskThread.java:61)
	at java.lang.Thread.run(Thread.java:745)
2018-10-23 17:11:51 [http-nio-8100-exec-1] WARN  o.s.w.s.m.s.DefaultHandlerExceptionResolver - "Resolved [org.springframework.web.HttpMediaTypeNotAcceptableException: Could not find acceptable representation]"
2018-10-23 17:12:11 [Thread-8] INFO  o.s.b.w.s.c.AnnotationConfigServletWebServerApplicationContext - "Closing org.springframework.boot.web.servlet.context.AnnotationConfigServletWebServerApplicationContext@327514f: startup date [Tue Oct 23 17:11:43 CST 2018]; root of context hierarchy"
2018-10-23 17:12:11 [Thread-8] INFO  o.s.j.e.a.AnnotationMBeanExporter - "Unregistering JMX-exposed beans on shutdown"
2018-10-23 17:12:11 [Thread-8] INFO  o.s.j.e.a.AnnotationMBeanExporter - "Unregistering JMX-exposed beans"
2018-10-23 17:12:11 [Thread-8] INFO  com.zaxxer.hikari.HikariDataSource - "HikariPool-1 - Shutdown initiated..."
2018-10-23 17:12:12 [Thread-8] INFO  com.zaxxer.hikari.HikariDataSource - "HikariPool-1 - Shutdown completed."
2018-10-23 17:12:13 [main] INFO  cn.edu.bupt.demo.DemoApplication - "Starting DemoApplication on EmmadeMacBook-Pro.local with PID 1717 (/Users/zy/IdeaProjects/demo/target/classes started by zy in /Users/zy/IdeaProjects/demo)"
2018-10-23 17:12:14 [main] INFO  cn.edu.bupt.demo.DemoApplication - "No active profile set, falling back to default profiles: default"
2018-10-23 17:12:14 [main] INFO  o.s.b.w.s.c.AnnotationConfigServletWebServerApplicationContext - "Refreshing org.springframework.boot.web.servlet.context.AnnotationConfigServletWebServerApplicationContext@3b00856b: startup date [Tue Oct 23 17:12:14 CST 2018]; root of context hierarchy"
2018-10-23 17:12:15 [main] INFO  o.s.b.w.e.tomcat.TomcatWebServer - "Tomcat initialized with port(s): 8100 (http)"
2018-10-23 17:12:15 [main] INFO  o.a.coyote.http11.Http11NioProtocol - "Initializing ProtocolHandler ["http-nio-8100"]"
2018-10-23 17:12:15 [main] INFO  o.a.catalina.core.StandardService - "Starting service [Tomcat]"
2018-10-23 17:12:15 [main] INFO  o.a.catalina.core.StandardEngine - "Starting Servlet Engine: Apache Tomcat/8.5.34"
2018-10-23 17:12:15 [localhost-startStop-1] INFO  o.a.c.core.AprLifecycleListener - "The APR based Apache Tomcat Native library which allows optimal performance in production environments was not found on the java.library.path: [/Users/zy/Library/Java/Extensions:/Library/Java/Extensions:/Network/Library/Java/Extensions:/System/Library/Java/Extensions:/usr/lib/java:.]"
2018-10-23 17:12:15 [localhost-startStop-1] INFO  o.a.c.c.C.[Tomcat].[localhost].[/] - "Initializing Spring embedded WebApplicationContext"
2018-10-23 17:12:15 [localhost-startStop-1] INFO  o.s.web.context.ContextLoader - "Root WebApplicationContext: initialization completed in 1146 ms"
2018-10-23 17:12:15 [localhost-startStop-1] INFO  o.s.b.w.s.ServletRegistrationBean - "Servlet dispatcherServlet mapped to [/]"
2018-10-23 17:12:15 [localhost-startStop-1] INFO  o.s.b.w.s.FilterRegistrationBean - "Mapping filter: 'characterEncodingFilter' to: [/*]"
2018-10-23 17:12:15 [localhost-startStop-1] INFO  o.s.b.w.s.FilterRegistrationBean - "Mapping filter: 'hiddenHttpMethodFilter' to: [/*]"
2018-10-23 17:12:15 [localhost-startStop-1] INFO  o.s.b.w.s.FilterRegistrationBean - "Mapping filter: 'httpPutFormContentFilter' to: [/*]"
2018-10-23 17:12:15 [localhost-startStop-1] INFO  o.s.b.w.s.FilterRegistrationBean - "Mapping filter: 'requestContextFilter' to: [/*]"
2018-10-23 17:12:15 [main] INFO  o.s.w.s.h.SimpleUrlHandlerMapping - "Mapped URL path [/**/favicon.ico] onto handler of type [class org.springframework.web.servlet.resource.ResourceHttpRequestHandler]"
2018-10-23 17:12:15 [main] INFO  o.s.w.s.m.m.a.RequestMappingHandlerAdapter - "Looking for @ControllerAdvice: org.springframework.boot.web.servlet.context.AnnotationConfigServletWebServerApplicationContext@3b00856b: startup date [Tue Oct 23 17:12:14 CST 2018]; root of context hierarchy"
2018-10-23 17:12:15 [main] INFO  o.s.w.s.m.m.a.RequestMappingHandlerMapping - "Mapped "{[/api/v1/demo/staffById],methods=[GET],params=[staffId],produces=[text/html;charset=UTF-8]}" onto public cn.edu.bupt.demo.entity.StaffNumber cn.edu.bupt.demo.controller.StaffController.getStaffById(java.lang.Integer) throws java.lang.Exception"
2018-10-23 17:12:15 [main] INFO  o.s.w.s.m.m.a.RequestMappingHandlerMapping - "Mapped "{[/api/v1/demo/staffByName],methods=[GET],params=[staffName],produces=[text/html;charset=UTF-8]}" onto public java.util.List<cn.edu.bupt.demo.entity.StaffNumber> cn.edu.bupt.demo.controller.StaffController.getStaffByName(java.lang.String) throws java.lang.Exception"
2018-10-23 17:12:15 [main] INFO  o.s.w.s.m.m.a.RequestMappingHandlerMapping - "Mapped "{[/api/v1/demo/staff],methods=[POST],produces=[text/html;charset=UTF-8]}" onto public java.lang.String cn.edu.bupt.demo.controller.StaffController.createStaff(java.lang.String) throws java.lang.Exception"
2018-10-23 17:12:15 [main] INFO  o.s.w.s.m.m.a.RequestMappingHandlerMapping - "Mapped "{[/api/v1/demo/staff],methods=[PUT],produces=[text/html;charset=UTF-8]}" onto public java.lang.String cn.edu.bupt.demo.controller.StaffController.updateStaff(java.lang.String) throws java.lang.Exception"
2018-10-23 17:12:15 [main] INFO  o.s.w.s.m.m.a.RequestMappingHandlerMapping - "Mapped "{[/api/v1/demo/staffId],methods=[GET],params=[staffId],produces=[text/html;charset=UTF-8]}" onto public java.lang.Integer cn.edu.bupt.demo.controller.StaffController.staffCountById(java.lang.Integer) throws java.lang.Exception"
2018-10-23 17:12:15 [main] INFO  o.s.w.s.m.m.a.RequestMappingHandlerMapping - "Mapped "{[/api/v1/demo/staffName],methods=[GET],params=[staffId],produces=[text/html;charset=UTF-8]}" onto public java.lang.String cn.edu.bupt.demo.controller.StaffController.findStaffName(java.lang.Integer) throws java.lang.Exception"
2018-10-23 17:12:15 [main] INFO  o.s.w.s.m.m.a.RequestMappingHandlerMapping - "Mapped "{[/api/v1/demo/staffName],methods=[DELETE],params=[staffName]}" onto public void cn.edu.bupt.demo.controller.StaffController.deleteStaffById(java.lang.String)"
2018-10-23 17:12:15 [main] INFO  o.s.w.s.m.m.a.RequestMappingHandlerMapping - "Mapped "{[/api/v1/demo/staffId],methods=[DELETE],params=[staffId]}" onto public void cn.edu.bupt.demo.controller.StaffController.deleteStaffById(java.lang.Integer)"
2018-10-23 17:12:15 [main] INFO  o.s.w.s.m.m.a.RequestMappingHandlerMapping - "Mapped "{[/error]}" onto public org.springframework.http.ResponseEntity<java.util.Map<java.lang.String, java.lang.Object>> org.springframework.boot.autoconfigure.web.servlet.error.BasicErrorController.error(javax.servlet.http.HttpServletRequest)"
2018-10-23 17:12:15 [main] INFO  o.s.w.s.m.m.a.RequestMappingHandlerMapping - "Mapped "{[/error],produces=[text/html]}" onto public org.springframework.web.servlet.ModelAndView org.springframework.boot.autoconfigure.web.servlet.error.BasicErrorController.errorHtml(javax.servlet.http.HttpServletRequest,javax.servlet.http.HttpServletResponse)"
2018-10-23 17:12:15 [main] INFO  o.s.w.s.h.SimpleUrlHandlerMapping - "Mapped URL path [/webjars/**] onto handler of type [class org.springframework.web.servlet.resource.ResourceHttpRequestHandler]"
2018-10-23 17:12:15 [main] INFO  o.s.w.s.h.SimpleUrlHandlerMapping - "Mapped URL path [/**] onto handler of type [class org.springframework.web.servlet.resource.ResourceHttpRequestHandler]"
2018-10-23 17:12:16 [main] INFO  o.s.j.e.a.AnnotationMBeanExporter - "Registering beans for JMX exposure on startup"
2018-10-23 17:12:16 [main] INFO  o.s.j.e.a.AnnotationMBeanExporter - "Bean with name 'dataSource' has been autodetected for JMX exposure"
2018-10-23 17:12:16 [main] INFO  o.s.j.e.a.AnnotationMBeanExporter - "Located MBean 'dataSource': registering with JMX server as MBean [com.zaxxer.hikari:name=dataSource,type=HikariDataSource]"
2018-10-23 17:12:16 [main] INFO  o.a.coyote.http11.Http11NioProtocol - "Starting ProtocolHandler ["http-nio-8100"]"
2018-10-23 17:12:16 [main] INFO  o.a.tomcat.util.net.NioSelectorPool - "Using a shared selector for servlet write/read"
2018-10-23 17:12:16 [main] INFO  o.s.b.w.e.tomcat.TomcatWebServer - "Tomcat started on port(s): 8100 (http) with context path ''"
2018-10-23 17:12:16 [main] INFO  cn.edu.bupt.demo.DemoApplication - "Started DemoApplication in 2.602 seconds (JVM running for 3.496)"
2018-10-23 17:13:04 [http-nio-8100-exec-2] INFO  o.a.c.c.C.[Tomcat].[localhost].[/] - "Initializing Spring FrameworkServlet 'dispatcherServlet'"
2018-10-23 17:13:04 [http-nio-8100-exec-2] INFO  o.s.web.servlet.DispatcherServlet - "FrameworkServlet 'dispatcherServlet': initialization started"
2018-10-23 17:13:04 [http-nio-8100-exec-2] INFO  o.s.web.servlet.DispatcherServlet - "FrameworkServlet 'dispatcherServlet': initialization completed in 15 ms"
2018-10-23 17:13:15 [http-nio-8100-exec-2] INFO  com.zaxxer.hikari.HikariDataSource - "HikariPool-1 - Starting..."
2018-10-23 17:13:15 [http-nio-8100-exec-2] INFO  com.zaxxer.hikari.HikariDataSource - "HikariPool-1 - Start completed."
2018-10-23 17:13:15 [http-nio-8100-exec-2] INFO  o.s.b.f.xml.XmlBeanDefinitionReader - "Loading XML bean definitions from class path resource [org/springframework/jdbc/support/sql-error-codes.xml]"
2018-10-23 17:13:50 [http-nio-8100-exec-2] ERROR o.a.c.c.C.[.[.[.[dispatcherServlet] - "Servlet.service() for servlet [dispatcherServlet] in context with path [] threw exception [Request processing failed; nested exception is java.lang.Exception: createStaff error!] with root cause"
java.lang.Exception: createStaff error!
	at cn.edu.bupt.demo.controller.StaffController.createStaff(StaffController.java:59)
	at sun.reflect.NativeMethodAccessorImpl.invoke0(Native Method)
	at sun.reflect.NativeMethodAccessorImpl.invoke(NativeMethodAccessorImpl.java:62)
	at sun.reflect.DelegatingMethodAccessorImpl.invoke(DelegatingMethodAccessorImpl.java:43)
	at java.lang.reflect.Method.invoke(Method.java:498)
	at org.springframework.web.method.support.InvocableHandlerMethod.doInvoke(InvocableHandlerMethod.java:209)
	at org.springframework.web.method.support.InvocableHandlerMethod.invokeForRequest(InvocableHandlerMethod.java:136)
	at org.springframework.web.servlet.mvc.method.annotation.ServletInvocableHandlerMethod.invokeAndHandle(ServletInvocableHandlerMethod.java:102)
	at org.springframework.web.servlet.mvc.method.annotation.RequestMappingHandlerAdapter.invokeHandlerMethod(RequestMappingHandlerAdapter.java:891)
	at org.springframework.web.servlet.mvc.method.annotation.RequestMappingHandlerAdapter.handleInternal(RequestMappingHandlerAdapter.java:797)
	at org.springframework.web.servlet.mvc.method.AbstractHandlerMethodAdapter.handle(AbstractHandlerMethodAdapter.java:87)
	at org.springframework.web.servlet.DispatcherServlet.doDispatch(DispatcherServlet.java:991)
	at org.springframework.web.servlet.DispatcherServlet.doService(DispatcherServlet.java:925)
	at org.springframework.web.servlet.FrameworkServlet.processRequest(FrameworkServlet.java:974)
	at org.springframework.web.servlet.FrameworkServlet.doPost(FrameworkServlet.java:877)
	at javax.servlet.http.HttpServlet.service(HttpServlet.java:661)
	at org.springframework.web.servlet.FrameworkServlet.service(FrameworkServlet.java:851)
	at javax.servlet.http.HttpServlet.service(HttpServlet.java:742)
	at org.apache.catalina.core.ApplicationFilterChain.internalDoFilter(ApplicationFilterChain.java:231)
	at org.apache.catalina.core.ApplicationFilterChain.doFilter(ApplicationFilterChain.java:166)
	at org.apache.tomcat.websocket.server.WsFilter.doFilter(WsFilter.java:52)
	at org.apache.catalina.core.ApplicationFilterChain.internalDoFilter(ApplicationFilterChain.java:193)
	at org.apache.catalina.core.ApplicationFilterChain.doFilter(ApplicationFilterChain.java:166)
	at org.springframework.web.filter.RequestContextFilter.doFilterInternal(RequestContextFilter.java:99)
	at org.springframework.web.filter.OncePerRequestFilter.doFilter(OncePerRequestFilter.java:107)
	at org.apache.catalina.core.ApplicationFilterChain.internalDoFilter(ApplicationFilterChain.java:193)
	at org.apache.catalina.core.ApplicationFilterChain.doFilter(ApplicationFilterChain.java:166)
	at org.springframework.web.filter.HttpPutFormContentFilter.doFilterInternal(HttpPutFormContentFilter.java:109)
	at org.springframework.web.filter.OncePerRequestFilter.doFilter(OncePerRequestFilter.java:107)
	at org.apache.catalina.core.ApplicationFilterChain.internalDoFilter(ApplicationFilterChain.java:193)
	at org.apache.catalina.core.ApplicationFilterChain.doFilter(ApplicationFilterChain.java:166)
	at org.springframework.web.filter.HiddenHttpMethodFilter.doFilterInternal(HiddenHttpMethodFilter.java:81)
	at org.springframework.web.filter.OncePerRequestFilter.doFilter(OncePerRequestFilter.java:107)
	at org.apache.catalina.core.ApplicationFilterChain.internalDoFilter(ApplicationFilterChain.java:193)
	at org.apache.catalina.core.ApplicationFilterChain.doFilter(ApplicationFilterChain.java:166)
	at org.springframework.web.filter.CharacterEncodingFilter.doFilterInternal(CharacterEncodingFilter.java:200)
	at org.springframework.web.filter.OncePerRequestFilter.doFilter(OncePerRequestFilter.java:107)
	at org.apache.catalina.core.ApplicationFilterChain.internalDoFilter(ApplicationFilterChain.java:193)
	at org.apache.catalina.core.ApplicationFilterChain.doFilter(ApplicationFilterChain.java:166)
	at org.apache.catalina.core.StandardWrapperValve.invoke(StandardWrapperValve.java:198)
	at org.apache.catalina.core.StandardContextValve.invoke(StandardContextValve.java:96)
	at org.apache.catalina.authenticator.AuthenticatorBase.invoke(AuthenticatorBase.java:493)
	at org.apache.catalina.core.StandardHostValve.invoke(StandardHostValve.java:140)
	at org.apache.catalina.valves.ErrorReportValve.invoke(ErrorReportValve.java:81)
	at org.apache.catalina.core.StandardEngineValve.invoke(StandardEngineValve.java:87)
	at org.apache.catalina.connector.CoyoteAdapter.service(CoyoteAdapter.java:342)
	at org.apache.coyote.http11.Http11Processor.service(Http11Processor.java:800)
	at org.apache.coyote.AbstractProcessorLight.process(AbstractProcessorLight.java:66)
	at org.apache.coyote.AbstractProtocol$ConnectionHandler.process(AbstractProtocol.java:806)
	at org.apache.tomcat.util.net.NioEndpoint$SocketProcessor.doRun(NioEndpoint.java:1498)
	at org.apache.tomcat.util.net.SocketProcessorBase.run(SocketProcessorBase.java:49)
	at java.util.concurrent.ThreadPoolExecutor.runWorker(ThreadPoolExecutor.java:1142)
	at java.util.concurrent.ThreadPoolExecutor$Worker.run(ThreadPoolExecutor.java:617)
	at org.apache.tomcat.util.threads.TaskThread$WrappingRunnable.run(TaskThread.java:61)
	at java.lang.Thread.run(Thread.java:745)
2018-10-23 17:13:50 [http-nio-8100-exec-2] WARN  o.s.w.s.m.s.DefaultHandlerExceptionResolver - "Resolved [org.springframework.web.HttpMediaTypeNotAcceptableException: Could not find acceptable representation]"
2018-10-23 19:11:46 [Thread-9] INFO  o.s.b.w.s.c.AnnotationConfigServletWebServerApplicationContext - "Closing org.springframework.boot.web.servlet.context.AnnotationConfigServletWebServerApplicationContext@3b00856b: startup date [Tue Oct 23 17:12:14 CST 2018]; root of context hierarchy"
2018-10-23 19:11:46 [Thread-9] INFO  o.s.j.e.a.AnnotationMBeanExporter - "Unregistering JMX-exposed beans on shutdown"
2018-10-23 19:11:46 [Thread-9] INFO  o.s.j.e.a.AnnotationMBeanExporter - "Unregistering JMX-exposed beans"
2018-10-23 19:11:46 [Thread-9] INFO  com.zaxxer.hikari.HikariDataSource - "HikariPool-1 - Shutdown initiated..."
2018-10-23 19:11:46 [Thread-9] INFO  com.zaxxer.hikari.HikariDataSource - "HikariPool-1 - Shutdown completed."
