2019-05-22 21:51:08 [main] INFO  cn.edu.bupt.demo.DemoApplication - "Starting DemoApplication on DESKTOP-B1B2R43 with PID 7156 (C:\Users\hzq\Desktop\demo\target\classes started by hzq in C:\Users\hzq\Desktop\demo)"
2019-05-22 21:51:08 [main] INFO  cn.edu.bupt.demo.DemoApplication - "No active profile set, falling back to default profiles: default"
2019-05-22 21:51:08 [main] INFO  o.s.b.w.s.c.AnnotationConfigServletWebServerApplicationContext - "Refreshing org.springframework.boot.web.servlet.context.AnnotationConfigServletWebServerApplicationContext@7a8c8dcf: startup date [Wed May 22 21:51:08 CST 2019]; root of context hierarchy"
2019-05-22 21:51:09 [main] INFO  o.s.b.w.e.tomcat.TomcatWebServer - "Tomcat initialized with port(s): 8100 (http)"
2019-05-22 21:51:09 [main] INFO  o.a.coyote.http11.Http11NioProtocol - "Initializing ProtocolHandler ["http-nio-8100"]"
2019-05-22 21:51:09 [main] INFO  o.a.catalina.core.StandardService - "Starting service [Tomcat]"
2019-05-22 21:51:09 [main] INFO  o.a.catalina.core.StandardEngine - "Starting Servlet Engine: Apache Tomcat/8.5.34"
2019-05-22 21:51:09 [localhost-startStop-1] INFO  o.a.c.core.AprLifecycleListener - "The APR based Apache Tomcat Native library which allows optimal performance in production environments was not found on the java.library.path: [C:\Program Files\Java\jdk1.8.0_191\bin;C:\Windows\Sun\Java\bin;C:\Windows\system32;C:\Windows;D:\;C:\Program Files (x86)\Common Files\Oracle\Java\javapath;C:\Windows\system32;C:\Windows;C:\Windows\System32\Wbem;C:\Windows\System32\WindowsPowerShell\v1.0\;C:\Windows\System32\OpenSSH\;C:\Program Files\Java\jdk1.8.0_191\bin;C:\Program Files\Java\jdk1.8.0_191\jre\bin;D:\sqlite;D:\Git\cmd;D:\maven\apache-maven-3.6.1\bin;C:\Users\hzq\AppData\Local\Microsoft\WindowsApps;;.]"
2019-05-22 21:51:09 [localhost-startStop-1] INFO  o.a.c.c.C.[Tomcat].[localhost].[/] - "Initializing Spring embedded WebApplicationContext"
2019-05-22 21:51:09 [localhost-startStop-1] INFO  o.s.web.context.ContextLoader - "Root WebApplicationContext: initialization completed in 1238 ms"
2019-05-22 21:51:09 [localhost-startStop-1] INFO  o.s.b.w.s.ServletRegistrationBean - "Servlet dispatcherServlet mapped to [/]"
2019-05-22 21:51:09 [localhost-startStop-1] INFO  o.s.b.w.s.FilterRegistrationBean - "Mapping filter: 'characterEncodingFilter' to: [/*]"
2019-05-22 21:51:09 [localhost-startStop-1] INFO  o.s.b.w.s.FilterRegistrationBean - "Mapping filter: 'hiddenHttpMethodFilter' to: [/*]"
2019-05-22 21:51:09 [localhost-startStop-1] INFO  o.s.b.w.s.FilterRegistrationBean - "Mapping filter: 'httpPutFormContentFilter' to: [/*]"
2019-05-22 21:51:09 [localhost-startStop-1] INFO  o.s.b.w.s.FilterRegistrationBean - "Mapping filter: 'requestContextFilter' to: [/*]"
2019-05-22 21:51:10 [main] INFO  o.s.w.s.v.f.FreeMarkerConfigurer - "ClassTemplateLoader for Spring macros added to FreeMarker configuration"
2019-05-22 21:51:10 [main] INFO  o.s.w.s.h.SimpleUrlHandlerMapping - "Mapped URL path [/**/favicon.ico] onto handler of type [class org.springframework.web.servlet.resource.ResourceHttpRequestHandler]"
2019-05-22 21:51:10 [main] INFO  o.s.w.s.m.m.a.RequestMappingHandlerAdapter - "Looking for @ControllerAdvice: org.springframework.boot.web.servlet.context.AnnotationConfigServletWebServerApplicationContext@7a8c8dcf: startup date [Wed May 22 21:51:08 CST 2019]; root of context hierarchy"
2019-05-22 21:51:10 [main] INFO  o.s.w.s.m.m.a.RequestMappingHandlerMapping - "Mapped "{[/api/v1/info/allTable],methods=[GET]}" onto public java.lang.String cn.edu.bupt.demo.controller.DaliyController.findAllTable() throws java.lang.Exception"
2019-05-22 21:51:10 [main] INFO  o.s.w.s.m.m.a.RequestMappingHandlerMapping - "Mapped "{[/api/v1/info/daily],methods=[DELETE],params=[id]}" onto public void cn.edu.bupt.demo.controller.DaliyController.deleteTableById(java.lang.Integer)"
2019-05-22 21:51:10 [main] INFO  o.s.w.s.m.m.a.RequestMappingHandlerMapping - "Mapped "{[/api/v1/info/daily],methods=[GET]}" onto public java.lang.Integer cn.edu.bupt.demo.controller.DaliyController.getAllCount() throws java.lang.Exception"
2019-05-22 21:51:10 [main] INFO  o.s.w.s.m.m.a.RequestMappingHandlerMapping - "Mapped "{[/api/v1/info/dailyById],methods=[GET],params=[id],produces=[text/html;charset=UTF-8]}" onto public java.lang.String cn.edu.bupt.demo.controller.DaliyController.getTableById(java.lang.Integer) throws java.lang.Exception"
2019-05-22 21:51:10 [main] INFO  o.s.w.s.m.m.a.RequestMappingHandlerMapping - "Mapped "{[/api/v1/info/daily],methods=[PUT],produces=[text/html;charset=UTF-8]}" onto public java.lang.String cn.edu.bupt.demo.controller.DaliyController.updateDailyInspection(java.lang.String) throws java.lang.Exception"
2019-05-22 21:51:10 [main] INFO  o.s.w.s.m.m.a.RequestMappingHandlerMapping - "Mapped "{[/api/v1/info/daily],methods=[POST],produces=[text/html;charset=UTF-8]}" onto public java.lang.String cn.edu.bupt.demo.controller.DaliyController.createDailyInspection(java.lang.String) throws java.lang.Exception"
2019-05-22 21:51:10 [main] INFO  o.s.w.s.m.m.a.RequestMappingHandlerMapping - "Mapped "{[/api/v1/info/dailyInspectionByPage],methods=[GET],produces=[text/html;charset=UTF-8]}" onto public java.lang.String cn.edu.bupt.demo.controller.DaliyController.getDailyInspectionTableByPage(int,int,java.lang.String) throws java.lang.Exception"
2019-05-22 21:51:10 [main] INFO  o.s.w.s.m.m.a.RequestMappingHandlerMapping - "Mapped "{[/api/v1/info/download/{id}/{type}/{fileName}/{fileType}],methods=[GET]}" onto public void cn.edu.bupt.demo.controller.DocumentsController.downloadFile(java.lang.Integer,java.lang.Integer,java.lang.String,java.lang.String,javax.servlet.http.HttpServletResponse,javax.servlet.http.HttpServletRequest) throws java.io.IOException"
2019-05-22 21:51:10 [main] INFO  o.s.w.s.m.m.a.RequestMappingHandlerMapping - "Mapped "{[/api/v1/info/delete/{id}/{type}/{fileName}/{fileType}],methods=[DELETE]}" onto public void cn.edu.bupt.demo.controller.DocumentsController.deleteFile(java.lang.Integer,java.lang.Integer,java.lang.String,java.lang.String) throws java.io.UnsupportedEncodingException"
2019-05-22 21:51:10 [main] INFO  o.s.w.s.m.m.a.RequestMappingHandlerMapping - "Mapped "{[/api/v1/info/showFile/{id}/{type}],methods=[GET]}" onto public java.lang.String cn.edu.bupt.demo.controller.DocumentsController.getAllFile(java.lang.Integer,java.lang.Integer) throws java.io.IOException"
2019-05-22 21:51:10 [main] INFO  o.s.w.s.m.m.a.RequestMappingHandlerMapping - "Mapped "{[/api/v1/info/uploadFile],methods=[POST]}" onto public java.lang.String cn.edu.bupt.demo.controller.DocumentsController.uploadFile(org.springframework.web.multipart.MultipartFile,java.lang.Integer,java.lang.Integer) throws java.lang.Exception"
2019-05-22 21:51:10 [main] INFO  o.s.w.s.m.m.a.RequestMappingHandlerMapping - "Mapped "{[/api/v1/info/emergencyPages],methods=[GET],params=[limit]}" onto public java.lang.Integer cn.edu.bupt.demo.controller.EmergencyPlanController.getPlanPages(int) throws java.lang.Exception"
2019-05-22 21:51:10 [main] INFO  o.s.w.s.m.m.a.RequestMappingHandlerMapping - "Mapped "{[/api/v1/info/emergencyById],methods=[GET],params=[emergencyId],produces=[text/html;charset=UTF-8]}" onto public java.lang.String cn.edu.bupt.demo.controller.EmergencyPlanController.getPlanById(java.lang.Integer) throws java.lang.Exception"
2019-05-22 21:51:10 [main] INFO  o.s.w.s.m.m.a.RequestMappingHandlerMapping - "Mapped "{[/api/v1/info/emergencyByName],methods=[GET],params=[name],produces=[text/html;charset=UTF-8]}" onto public java.lang.String cn.edu.bupt.demo.controller.EmergencyPlanController.getPlanByName(java.lang.String) throws java.lang.Exception"
2019-05-22 21:51:10 [main] INFO  o.s.w.s.m.m.a.RequestMappingHandlerMapping - "Mapped "{[/api/v1/info/emergencyBySigner],methods=[GET],params=[signer],produces=[text/html;charset=UTF-8]}" onto public java.lang.String cn.edu.bupt.demo.controller.EmergencyPlanController.getPlanBySigner(java.lang.String) throws java.lang.Exception"
2019-05-22 21:51:10 [main] INFO  o.s.w.s.m.m.a.RequestMappingHandlerMapping - "Mapped "{[/api/v1/info/emergencyByLevel],methods=[GET],params=[level],produces=[text/html;charset=UTF-8]}" onto public java.lang.String cn.edu.bupt.demo.controller.EmergencyPlanController.getPlanByLevel(java.lang.Integer) throws java.lang.Exception"
2019-05-22 21:51:10 [main] INFO  o.s.w.s.m.m.a.RequestMappingHandlerMapping - "Mapped "{[/api/v1/info/emergencyPlanByPage],methods=[GET],produces=[text/html;charset=UTF-8]}" onto public java.lang.String cn.edu.bupt.demo.controller.EmergencyPlanController.getEmergencyPlanByPage(int,int,java.lang.Integer) throws java.lang.Exception"
2019-05-22 21:51:10 [main] INFO  o.s.w.s.m.m.a.RequestMappingHandlerMapping - "Mapped "{[/api/v1/info/emergency],methods=[POST],produces=[text/html;charset=UTF-8]}" onto public java.lang.String cn.edu.bupt.demo.controller.EmergencyPlanController.createEmergencyPlan(java.lang.String) throws java.lang.Exception"
2019-05-22 21:51:10 [main] INFO  o.s.w.s.m.m.a.RequestMappingHandlerMapping - "Mapped "{[/api/v1/info/emergency],methods=[PUT],produces=[text/html;charset=UTF-8]}" onto public java.lang.String cn.edu.bupt.demo.controller.EmergencyPlanController.updateEmergencyPlan(java.lang.String) throws java.lang.Exception"
2019-05-22 21:51:10 [main] INFO  o.s.w.s.m.m.a.RequestMappingHandlerMapping - "Mapped "{[/api/v1/info/emergency],methods=[DELETE],params=[id]}" onto public void cn.edu.bupt.demo.controller.EmergencyPlanController.deletePlanById(java.lang.Integer)"
2019-05-22 21:51:10 [main] INFO  o.s.w.s.m.m.a.RequestMappingHandlerMapping - "Mapped "{[/api/v1/info/emergencyALL],methods=[GET],produces=[text/html;charset=UTF-8]}" onto public java.lang.String cn.edu.bupt.demo.controller.EmergencyPlanController.getAllPlan() throws java.lang.Exception"
2019-05-22 21:51:10 [main] INFO  o.s.w.s.m.m.a.RequestMappingHandlerMapping - "Mapped "{[/api/v1/info/entranceWorkById],methods=[GET],params=[entranceId],produces=[text/html;charset=UTF-8]}" onto public java.lang.String cn.edu.bupt.demo.controller.EntranceWorkController.getEntranceWorkById(java.lang.Integer) throws java.lang.Exception"
2019-05-22 21:51:10 [main] INFO  o.s.w.s.m.m.a.RequestMappingHandlerMapping - "Mapped "{[/api/v1/info/entranceWork],methods=[POST],produces=[text/html;charset=UTF-8]}" onto public java.lang.String cn.edu.bupt.demo.controller.EntranceWorkController.createEntranceWork(java.lang.String) throws java.lang.Exception"
2019-05-22 21:51:10 [main] INFO  o.s.w.s.m.m.a.RequestMappingHandlerMapping - "Mapped "{[/api/v1/info/entranceWork],methods=[PUT],produces=[text/html;charset=UTF-8]}" onto public java.lang.String cn.edu.bupt.demo.controller.EntranceWorkController.updateEntranceWork(java.lang.String) throws java.lang.Exception"
2019-05-22 21:51:10 [main] INFO  o.s.w.s.m.m.a.RequestMappingHandlerMapping - "Mapped "{[/api/v1/info/entranceWork],methods=[GET],produces=[text/html;charset=UTF-8]}" onto public java.lang.String cn.edu.bupt.demo.controller.EntranceWorkController.getAllEntranceWork() throws java.lang.Exception"
2019-05-22 21:51:10 [main] INFO  o.s.w.s.m.m.a.RequestMappingHandlerMapping - "Mapped "{[/api/v1/info/entranceWorkByPage],methods=[GET],produces=[text/html;charset=UTF-8]}" onto public java.lang.String cn.edu.bupt.demo.controller.EntranceWorkController.getEntranceWorkByPage(int,int,java.lang.String) throws java.lang.Exception"
2019-05-22 21:51:10 [main] INFO  o.s.w.s.m.m.a.RequestMappingHandlerMapping - "Mapped "{[/api/v1/info/entranceWorkById],methods=[DELETE],params=[WorkId]}" onto public void cn.edu.bupt.demo.controller.EntranceWorkController.deleteWorkById(java.lang.Integer)"
2019-05-22 21:51:10 [main] INFO  o.s.w.s.m.m.a.RequestMappingHandlerMapping - "Mapped "{[/api/v1/info/entranceWorkEvaluation],methods=[PUT],produces=[text/html;charset=UTF-8]}" onto public java.lang.String cn.edu.bupt.demo.controller.EntranceWorkController.updateEvaluation(java.lang.String) throws java.lang.Exception"
2019-05-22 21:51:10 [main] INFO  o.s.w.s.m.m.a.RequestMappingHandlerMapping - "Mapped "{[/api/v1/info/entranceWorkByDate],methods=[DELETE],params=[date]}" onto public void cn.edu.bupt.demo.controller.EntranceWorkController.deleteWorkByDate(java.lang.Long)"
2019-05-22 21:51:10 [main] INFO  o.s.w.s.m.m.a.RequestMappingHandlerMapping - "Mapped "{[/api/v1/info/emergencyEquisByPage],methods=[GET],produces=[text/html;charset=UTF-8]}" onto public java.lang.String cn.edu.bupt.demo.controller.EquisController.getInspectionEquisByPage(int,int,java.lang.String) throws java.lang.Exception"
2019-05-22 21:51:10 [main] INFO  o.s.w.s.m.m.a.RequestMappingHandlerMapping - "Mapped "{[/api/v1/info/equis],methods=[DELETE],params=[equisId]}" onto public void cn.edu.bupt.demo.controller.EquisController.deleteEquisById(java.lang.Integer)"
2019-05-22 21:51:10 [main] INFO  o.s.w.s.m.m.a.RequestMappingHandlerMapping - "Mapped "{[/api/v1/info/equis],methods=[PUT],produces=[text/html;charset=UTF-8]}" onto public java.lang.String cn.edu.bupt.demo.controller.EquisController.updateEquis(java.lang.String) throws java.lang.Exception"
2019-05-22 21:51:10 [main] INFO  o.s.w.s.m.m.a.RequestMappingHandlerMapping - "Mapped "{[/api/v1/info/equisPage],methods=[GET],params=[limit]}" onto public java.lang.Integer cn.edu.bupt.demo.controller.EquisController.getEquisPages(int) throws java.lang.Exception"
2019-05-22 21:51:10 [main] INFO  o.s.w.s.m.m.a.RequestMappingHandlerMapping - "Mapped "{[/api/v1/info/equis],methods=[POST],produces=[text/html;charset=UTF-8]}" onto public java.lang.String cn.edu.bupt.demo.controller.EquisController.createEquis(java.lang.String) throws java.lang.Exception"
2019-05-22 21:51:10 [main] INFO  o.s.w.s.m.m.a.RequestMappingHandlerMapping - "Mapped "{[/api/v1/info/equis],methods=[GET],params=[equisId],produces=[text/html;charset=UTF-8]}" onto public java.lang.String cn.edu.bupt.demo.controller.EquisController.getEquisById(java.lang.Integer) throws java.lang.Exception"
2019-05-22 21:51:10 [main] INFO  o.s.w.s.m.m.a.RequestMappingHandlerMapping - "Mapped "{[/api/v1/info/equisALL],methods=[GET],produces=[text/html;charset=UTF-8]}" onto public java.lang.String cn.edu.bupt.demo.controller.EquisController.getAllEquis() throws java.lang.Exception"
2019-05-22 21:51:10 [main] INFO  o.s.w.s.m.m.a.RequestMappingHandlerMapping - "Mapped "{[/api/v1/info/project],methods=[GET],params=[location],produces=[text/html;charset=UTF-8]}" onto public java.lang.String cn.edu.bupt.demo.controller.InformationController.getProjectByLocation(java.lang.String) throws java.lang.Exception"
2019-05-22 21:51:10 [main] INFO  o.s.w.s.m.m.a.RequestMappingHandlerMapping - "Mapped "{[/api/v1/info/project],methods=[GET],params=[department],produces=[text/html;charset=UTF-8]}" onto public java.lang.String cn.edu.bupt.demo.controller.InformationController.getProjectByDepartment(java.lang.String) throws java.lang.Exception"
2019-05-22 21:51:10 [main] INFO  o.s.w.s.m.m.a.RequestMappingHandlerMapping - "Mapped "{[/api/v1/info/projectByPage],methods=[GET],params=[limit && page],produces=[text/html;charset=UTF-8]}" onto public java.lang.String cn.edu.bupt.demo.controller.InformationController.getProjectByPage(int,int) throws java.lang.Exception"
2019-05-22 21:51:10 [main] INFO  o.s.w.s.m.m.a.RequestMappingHandlerMapping - "Mapped "{[/api/v1/info/projectPage],methods=[GET],params=[limit]}" onto public java.lang.Integer cn.edu.bupt.demo.controller.InformationController.getProjectPages(int) throws java.lang.Exception"
2019-05-22 21:51:10 [main] INFO  o.s.w.s.m.m.a.RequestMappingHandlerMapping - "Mapped "{[/api/v1/info/project],methods=[GET],params=[projectId],produces=[text/html;charset=UTF-8]}" onto public java.lang.String cn.edu.bupt.demo.controller.InformationController.getProjectById(java.lang.Integer) throws java.lang.Exception"
2019-05-22 21:51:10 [main] INFO  o.s.w.s.m.m.a.RequestMappingHandlerMapping - "Mapped "{[/api/v1/info/projectCount],methods=[GET]}" onto public java.lang.Integer cn.edu.bupt.demo.controller.InformationController.getProjectCount() throws java.lang.Exception"
2019-05-22 21:51:10 [main] INFO  o.s.w.s.m.m.a.RequestMappingHandlerMapping - "Mapped "{[/api/v1/info/projectALL],methods=[GET],produces=[text/html;charset=UTF-8]}" onto public java.lang.String cn.edu.bupt.demo.controller.InformationController.getAllProject() throws java.lang.Exception"
2019-05-22 21:51:10 [main] INFO  o.s.w.s.m.m.a.RequestMappingHandlerMapping - "Mapped "{[/api/v1/info/project],methods=[POST],produces=[text/html;charset=UTF-8]}" onto public java.lang.String cn.edu.bupt.demo.controller.InformationController.createProject(java.lang.String) throws java.lang.Exception"
2019-05-22 21:51:10 [main] INFO  o.s.w.s.m.m.a.RequestMappingHandlerMapping - "Mapped "{[/api/v1/info/project],methods=[PUT],produces=[text/html;charset=UTF-8]}" onto public java.lang.String cn.edu.bupt.demo.controller.InformationController.updateProject(java.lang.String) throws java.lang.Exception"
2019-05-22 21:51:10 [main] INFO  o.s.w.s.m.m.a.RequestMappingHandlerMapping - "Mapped "{[/api/v1/info/project],methods=[DELETE],params=[id]}" onto public void cn.edu.bupt.demo.controller.InformationController.deleteProjectById(java.lang.Integer)"
2019-05-22 21:51:10 [main] INFO  o.s.w.s.m.m.a.RequestMappingHandlerMapping - "Mapped "{[/api/v1/info/inspection/delete/{id}/{type}/{fileName}/{fileType}],methods=[DELETE]}" onto public void cn.edu.bupt.demo.controller.InspectionController.deleteFile(java.lang.Integer,java.lang.String,java.lang.String,java.lang.String) throws java.io.UnsupportedEncodingException"
2019-05-22 21:51:10 [main] INFO  o.s.w.s.m.m.a.RequestMappingHandlerMapping - "Mapped "{[/api/v1/info/inspection/upload],methods=[POST]}" onto public java.lang.String cn.edu.bupt.demo.controller.InspectionController.uploadFile(org.springframework.web.multipart.MultipartFile,java.lang.String,java.lang.Integer) throws java.lang.Exception"
2019-05-22 21:51:10 [main] INFO  o.s.w.s.m.m.a.RequestMappingHandlerMapping - "Mapped "{[/api/v1/info/inspectionId],methods=[DELETE],params=[inspectionId]}" onto public void cn.edu.bupt.demo.controller.InspectionController.deleteReportById(java.lang.Integer)"
2019-05-22 21:51:10 [main] INFO  o.s.w.s.m.m.a.RequestMappingHandlerMapping - "Mapped "{[/api/v1/info/allReport],methods=[GET]}" onto public java.lang.String cn.edu.bupt.demo.controller.InspectionController.findAllReport() throws java.lang.Exception"
2019-05-22 21:51:10 [main] INFO  o.s.w.s.m.m.a.RequestMappingHandlerMapping - "Mapped "{[/api/v1/info/inspectionByInspectionPerson],methods=[GET],params=[inspectionPerson],produces=[text/html;charset=UTF-8]}" onto public java.lang.String cn.edu.bupt.demo.controller.InspectionController.getInspectionByInspectionPerson(java.lang.String) throws java.lang.Exception"
2019-05-22 21:51:10 [main] INFO  o.s.w.s.m.m.a.RequestMappingHandlerMapping - "Mapped "{[/api/v1/info/inspectionReportByPage],methods=[GET],produces=[text/html;charset=UTF-8]}" onto public java.lang.String cn.edu.bupt.demo.controller.InspectionController.getInspectionReportByPage(int,int,java.lang.Long) throws java.lang.Exception"
2019-05-22 21:51:10 [main] INFO  o.s.w.s.m.m.a.RequestMappingHandlerMapping - "Mapped "{[/api/v1/info/inspectionByDutyPerson],methods=[GET],params=[dutyPerson],produces=[text/html;charset=UTF-8]}" onto public java.lang.String cn.edu.bupt.demo.controller.InspectionController.getInspectionByDutyPerson(java.lang.String) throws java.lang.Exception"
2019-05-22 21:51:10 [main] INFO  o.s.w.s.m.m.a.RequestMappingHandlerMapping - "Mapped "{[/api/v1/info/inspectionById],methods=[GET],params=[reportId],produces=[text/html;charset=UTF-8]}" onto public java.lang.String cn.edu.bupt.demo.controller.InspectionController.getInspectionById(java.lang.Integer) throws java.lang.Exception"
2019-05-22 21:51:10 [main] INFO  o.s.w.s.m.m.a.RequestMappingHandlerMapping - "Mapped "{[/api/v1/info/inspection],methods=[POST],produces=[text/html;charset=UTF-8]}" onto public java.lang.String cn.edu.bupt.demo.controller.InspectionController.createInspectionReport(java.lang.String) throws java.lang.Exception"
2019-05-22 21:51:10 [main] INFO  o.s.w.s.m.m.a.RequestMappingHandlerMapping - "Mapped "{[/api/v1/info/inspection],methods=[PUT],produces=[text/html;charset=UTF-8]}" onto public java.lang.String cn.edu.bupt.demo.controller.InspectionController.updateInspectionReport(java.lang.String) throws java.lang.Exception"
2019-05-22 21:51:10 [main] INFO  o.s.w.s.m.m.a.RequestMappingHandlerMapping - "Mapped "{[/api/v1/info/inspectionPerson],methods=[DELETE],params=[inspectionPerson]}" onto public void cn.edu.bupt.demo.controller.InspectionController.deleteReportByInspectionPerson(java.lang.String)"
2019-05-22 21:51:10 [main] INFO  o.s.w.s.m.m.a.RequestMappingHandlerMapping - "Mapped "{[/api/v1/info/equipPlan],methods=[GET]}" onto public java.lang.Integer cn.edu.bupt.demo.controller.InspectionEquipController.getAllCount() throws java.lang.Exception"
2019-05-22 21:51:10 [main] INFO  o.s.w.s.m.m.a.RequestMappingHandlerMapping - "Mapped "{[/api/v1/info/allEquipPlan],methods=[GET]}" onto public java.lang.String cn.edu.bupt.demo.controller.InspectionEquipController.findAllEquipPlan() throws java.lang.Exception"
2019-05-22 21:51:10 [main] INFO  o.s.w.s.m.m.a.RequestMappingHandlerMapping - "Mapped "{[/api/v1/info/equipPlan],methods=[POST],produces=[text/html;charset=UTF-8]}" onto public java.lang.String cn.edu.bupt.demo.controller.InspectionEquipController.createInspectionEquip(java.lang.String) throws java.lang.Exception"
2019-05-22 21:51:10 [main] INFO  o.s.w.s.m.m.a.RequestMappingHandlerMapping - "Mapped "{[/api/v1/info/inspectionEquipByPage],methods=[GET],produces=[text/html;charset=UTF-8]}" onto public java.lang.String cn.edu.bupt.demo.controller.InspectionEquipController.getInspectionEquipByPage(int,int) throws java.lang.Exception"
2019-05-22 21:51:10 [main] INFO  o.s.w.s.m.m.a.RequestMappingHandlerMapping - "Mapped "{[/api/v1/info/equipPlan],methods=[PUT],produces=[text/html;charset=UTF-8]}" onto public java.lang.String cn.edu.bupt.demo.controller.InspectionEquipController.updateInspectionEquip(java.lang.String) throws java.lang.Exception"
2019-05-22 21:51:10 [main] INFO  o.s.w.s.m.m.a.RequestMappingHandlerMapping - "Mapped "{[/api/v1/info/equipPlanByName],methods=[GET],params=[name],produces=[text/html;charset=UTF-8]}" onto public java.lang.String cn.edu.bupt.demo.controller.InspectionEquipController.getInspecitonEquipByName(java.lang.String) throws java.lang.Exception"
2019-05-22 21:51:10 [main] INFO  o.s.w.s.m.m.a.RequestMappingHandlerMapping - "Mapped "{[/api/v1/info/equipPlan],methods=[DELETE],params=[id]}" onto public void cn.edu.bupt.demo.controller.InspectionEquipController.deleteReportByInspectionPerson(java.lang.Integer)"
2019-05-22 21:51:10 [main] INFO  o.s.w.s.m.m.a.RequestMappingHandlerMapping - "Mapped "{[/api/v1/info/equipPlanById],methods=[GET],params=[id],produces=[text/html;charset=UTF-8]}" onto public java.lang.String cn.edu.bupt.demo.controller.InspectionEquipController.getInspecitonEquipById(java.lang.Integer) throws java.lang.Exception"
2019-05-22 21:51:10 [main] INFO  o.s.w.s.m.m.a.RequestMappingHandlerMapping - "Mapped "{[/api/v1/info/sendDailyMessage],methods=[POST]}" onto public void cn.edu.bupt.demo.controller.MailController.sendDailyMailMessage(java.lang.String) throws java.lang.Exception"
2019-05-22 21:51:10 [main] INFO  o.s.w.s.m.m.a.RequestMappingHandlerMapping - "Mapped "{[/api/v1/info/sendEquipMessage],methods=[POST]}" onto public void cn.edu.bupt.demo.controller.MailController.sendEquipMailMessage(java.lang.String) throws java.lang.Exception"
2019-05-22 21:51:10 [main] INFO  o.s.w.s.m.m.a.RequestMappingHandlerMapping - "Mapped "{[/api/v1/info/place],methods=[DELETE],params=[id]}" onto public void cn.edu.bupt.demo.controller.PlaceController.deletePlanById(java.lang.Integer)"
2019-05-22 21:51:10 [main] INFO  o.s.w.s.m.m.a.RequestMappingHandlerMapping - "Mapped "{[/api/v1/info/placePage],methods=[GET],params=[limit]}" onto public java.lang.Integer cn.edu.bupt.demo.controller.PlaceController.getPlacePages(int) throws java.lang.Exception"
2019-05-22 21:51:10 [main] INFO  o.s.w.s.m.m.a.RequestMappingHandlerMapping - "Mapped "{[/api/v1/info/place],methods=[GET],params=[placeName],produces=[text/html;charset=UTF-8]}" onto public java.lang.String cn.edu.bupt.demo.controller.PlaceController.getPlaceByName(java.lang.String) throws java.lang.Exception"
2019-05-22 21:51:10 [main] INFO  o.s.w.s.m.m.a.RequestMappingHandlerMapping - "Mapped "{[/api/v1/info/place],methods=[GET],params=[placeId],produces=[text/html;charset=UTF-8]}" onto public java.lang.String cn.edu.bupt.demo.controller.PlaceController.getPlaceById(java.lang.Integer) throws java.lang.Exception"
2019-05-22 21:51:10 [main] INFO  o.s.w.s.m.m.a.RequestMappingHandlerMapping - "Mapped "{[/api/v1/info/placeByPage],methods=[GET],params=[limit && page],produces=[text/html;charset=UTF-8]}" onto public java.lang.String cn.edu.bupt.demo.controller.PlaceController.getPlaceByPage(int,int) throws java.lang.Exception"
2019-05-22 21:51:10 [main] INFO  o.s.w.s.m.m.a.RequestMappingHandlerMapping - "Mapped "{[/api/v1/info/placeCount],methods=[GET]}" onto public java.lang.Integer cn.edu.bupt.demo.controller.PlaceController.getPlaceCount() throws java.lang.Exception"
2019-05-22 21:51:10 [main] INFO  o.s.w.s.m.m.a.RequestMappingHandlerMapping - "Mapped "{[/api/v1/info/placeALL],methods=[GET],produces=[text/html;charset=UTF-8]}" onto public java.lang.String cn.edu.bupt.demo.controller.PlaceController.getAllPlace() throws java.lang.Exception"
2019-05-22 21:51:10 [main] INFO  o.s.w.s.m.m.a.RequestMappingHandlerMapping - "Mapped "{[/api/v1/info/place],methods=[POST],produces=[text/html;charset=UTF-8]}" onto public java.lang.String cn.edu.bupt.demo.controller.PlaceController.createPlace(java.lang.String) throws java.lang.Exception"
2019-05-22 21:51:10 [main] INFO  o.s.w.s.m.m.a.RequestMappingHandlerMapping - "Mapped "{[/api/v1/info/place],methods=[PUT],produces=[text/html;charset=UTF-8]}" onto public java.lang.String cn.edu.bupt.demo.controller.PlaceController.updatePlace(java.lang.String) throws java.lang.Exception"
2019-05-22 21:51:10 [main] INFO  o.s.w.s.m.m.a.RequestMappingHandlerMapping - "Mapped "{[/api/v1/info/place],methods=[GET],params=[location],produces=[text/html;charset=UTF-8]}" onto public java.lang.String cn.edu.bupt.demo.controller.PlaceController.getPlaceByLocation(java.lang.String) throws java.lang.Exception"
2019-05-22 21:51:10 [main] INFO  o.s.w.s.m.m.a.RequestMappingHandlerMapping - "Mapped "{[/api/v1/info/place],methods=[GET],params=[affiliation],produces=[text/html;charset=UTF-8]}" onto public java.lang.String cn.edu.bupt.demo.controller.PlaceController.getPlaceByAffiliation(java.lang.String) throws java.lang.Exception"
2019-05-22 21:51:10 [main] INFO  o.s.w.s.m.m.a.RequestMappingHandlerMapping - "Mapped "{[/api/v1/info/planById],methods=[GET],params=[id],produces=[text/html;charset=UTF-8]}" onto public java.lang.String cn.edu.bupt.demo.controller.PlanController.getPlanById(java.lang.Integer) throws java.lang.Exception"
2019-05-22 21:51:10 [main] INFO  o.s.w.s.m.m.a.RequestMappingHandlerMapping - "Mapped "{[/api/v1/info/plan],methods=[GET]}" onto public java.lang.Integer cn.edu.bupt.demo.controller.PlanController.getAllCount() throws java.lang.Exception"
2019-05-22 21:51:10 [main] INFO  o.s.w.s.m.m.a.RequestMappingHandlerMapping - "Mapped "{[/api/v1/info/allPlan],methods=[GET]}" onto public java.lang.String cn.edu.bupt.demo.controller.PlanController.findAllReport() throws java.lang.Exception"
2019-05-22 21:51:10 [main] INFO  o.s.w.s.m.m.a.RequestMappingHandlerMapping - "Mapped "{[/api/v1/info/inspectionPlanByPage],methods=[GET],produces=[text/html;charset=UTF-8]}" onto public java.lang.String cn.edu.bupt.demo.controller.PlanController.getInspectionReportByPage(int,int,java.lang.String) throws java.lang.Exception"
2019-05-22 21:51:10 [main] INFO  o.s.w.s.m.m.a.RequestMappingHandlerMapping - "Mapped "{[/api/v1/info/plan],methods=[DELETE],params=[id]}" onto public void cn.edu.bupt.demo.controller.PlanController.deleteReportByInspectionPerson(java.lang.Integer)"
2019-05-22 21:51:10 [main] INFO  o.s.w.s.m.m.a.RequestMappingHandlerMapping - "Mapped "{[/api/v1/info/planByInspectionDate],methods=[GET],params=[date],produces=[text/html;charset=UTF-8]}" onto public java.lang.String cn.edu.bupt.demo.controller.PlanController.getPlanByInspectionDate(java.lang.Long) throws java.lang.Exception"
2019-05-22 21:51:10 [main] INFO  o.s.w.s.m.m.a.RequestMappingHandlerMapping - "Mapped "{[/api/v1/info/plan],methods=[POST],produces=[text/html;charset=UTF-8]}" onto public java.lang.String cn.edu.bupt.demo.controller.PlanController.createInspectionPlan(java.lang.String) throws java.lang.Exception"
2019-05-22 21:51:10 [main] INFO  o.s.w.s.m.m.a.RequestMappingHandlerMapping - "Mapped "{[/api/v1/info/plan],methods=[PUT],produces=[text/html;charset=UTF-8]}" onto public java.lang.String cn.edu.bupt.demo.controller.PlanController.updateInspectionPlan(java.lang.String) throws java.lang.Exception"
2019-05-22 21:51:10 [main] INFO  o.s.w.s.m.m.a.RequestMappingHandlerMapping - "Mapped "{[/api/v1/info/staff],methods=[POST],produces=[text/html;charset=UTF-8]}" onto public java.lang.String cn.edu.bupt.demo.controller.StaffController.createStaff(java.lang.String) throws java.lang.Exception"
2019-05-22 21:51:10 [main] INFO  o.s.w.s.m.m.a.RequestMappingHandlerMapping - "Mapped "{[/api/v1/info/staffCount],methods=[GET]}" onto public java.lang.Integer cn.edu.bupt.demo.controller.StaffController.staffCountById() throws java.lang.Exception"
2019-05-22 21:51:10 [main] INFO  o.s.w.s.m.m.a.RequestMappingHandlerMapping - "Mapped "{[/api/v1/info/staffId],methods=[DELETE],params=[staffId]}" onto public void cn.edu.bupt.demo.controller.StaffController.deleteStaffById(java.lang.Integer)"
2019-05-22 21:51:10 [main] INFO  o.s.w.s.m.m.a.RequestMappingHandlerMapping - "Mapped "{[/api/v1/info/staffName],methods=[DELETE],params=[staffName]}" onto public void cn.edu.bupt.demo.controller.StaffController.deleteStaffById(java.lang.String)"
2019-05-22 21:51:10 [main] INFO  o.s.w.s.m.m.a.RequestMappingHandlerMapping - "Mapped "{[/api/v1/info/staffById],methods=[GET],params=[staffId],produces=[text/html;charset=UTF-8]}" onto public java.lang.String cn.edu.bupt.demo.controller.StaffController.getStaffById(java.lang.Integer) throws java.lang.Exception"
2019-05-22 21:51:10 [main] INFO  o.s.w.s.m.m.a.RequestMappingHandlerMapping - "Mapped "{[/api/v1/info/staff],methods=[PUT],produces=[text/html;charset=UTF-8]}" onto public java.lang.String cn.edu.bupt.demo.controller.StaffController.updateStaff(java.lang.String) throws java.lang.Exception"
2019-05-22 21:51:10 [main] INFO  o.s.w.s.m.m.a.RequestMappingHandlerMapping - "Mapped "{[/api/v1/info/staffByName],methods=[GET],params=[staffName],produces=[text/html;charset=UTF-8]}" onto public java.lang.String cn.edu.bupt.demo.controller.StaffController.getStaffByName(java.lang.String) throws java.lang.Exception"
2019-05-22 21:51:10 [main] INFO  o.s.w.s.m.m.a.RequestMappingHandlerMapping - "Mapped "{[/api/v1/info/allStaff],methods=[GET]}" onto public java.lang.String cn.edu.bupt.demo.controller.StaffController.findAllStaff() throws java.lang.Exception"
2019-05-22 21:51:10 [main] INFO  o.s.w.s.m.m.a.RequestMappingHandlerMapping - "Mapped "{[/api/v1/info/staffName],methods=[GET],params=[staffId],produces=[text/html;charset=UTF-8]}" onto public java.lang.String cn.edu.bupt.demo.controller.StaffController.findStaffName(java.lang.Integer) throws java.lang.Exception"
2019-05-22 21:51:10 [main] INFO  o.s.w.s.m.m.a.RequestMappingHandlerMapping - "Mapped "{[/api/v1/info/supplies],methods=[DELETE],params=[id]}" onto public void cn.edu.bupt.demo.controller.SuppliesController.deletePlanById(java.lang.Integer)"
2019-05-22 21:51:10 [main] INFO  o.s.w.s.m.m.a.RequestMappingHandlerMapping - "Mapped "{[/api/v1/info/suppliesPage],methods=[GET],params=[limit]}" onto public java.lang.Integer cn.edu.bupt.demo.controller.SuppliesController.getSuppliesPages(int) throws java.lang.Exception"
2019-05-22 21:51:10 [main] INFO  o.s.w.s.m.m.a.RequestMappingHandlerMapping - "Mapped "{[/api/v1/info/supplies],methods=[GET],params=[supplyId],produces=[text/html;charset=UTF-8]}" onto public java.lang.String cn.edu.bupt.demo.controller.SuppliesController.getSupplyById(java.lang.Integer) throws java.lang.Exception"
2019-05-22 21:51:10 [main] INFO  o.s.w.s.m.m.a.RequestMappingHandlerMapping - "Mapped "{[/api/v1/info/supplies],methods=[PUT],produces=[text/html;charset=UTF-8]}" onto public java.lang.String cn.edu.bupt.demo.controller.SuppliesController.updateSupply(java.lang.String) throws java.lang.Exception"
2019-05-22 21:51:10 [main] INFO  o.s.w.s.m.m.a.RequestMappingHandlerMapping - "Mapped "{[/api/v1/info/supplies],methods=[POST],produces=[text/html;charset=UTF-8]}" onto public java.lang.String cn.edu.bupt.demo.controller.SuppliesController.createSupply(java.lang.String) throws java.lang.Exception"
2019-05-22 21:51:10 [main] INFO  o.s.w.s.m.m.a.RequestMappingHandlerMapping - "Mapped "{[/api/v1/info/emergencySuppliesByPage],methods=[GET],produces=[text/html;charset=UTF-8]}" onto public java.lang.String cn.edu.bupt.demo.controller.SuppliesController.getInspectionEquipByPage(int,int,java.lang.String) throws java.lang.Exception"
2019-05-22 21:51:10 [main] INFO  o.s.w.s.m.m.a.RequestMappingHandlerMapping - "Mapped "{[/api/v1/info/team],methods=[DELETE],params=[id]}" onto public void cn.edu.bupt.demo.controller.TeamController.deletePlanById(java.lang.Integer)"
2019-05-22 21:51:10 [main] INFO  o.s.w.s.m.m.a.RequestMappingHandlerMapping - "Mapped "{[/api/v1/info/teamCount],methods=[GET]}" onto public java.lang.Integer cn.edu.bupt.demo.controller.TeamController.getTeamCount() throws java.lang.Exception"
2019-05-22 21:51:10 [main] INFO  o.s.w.s.m.m.a.RequestMappingHandlerMapping - "Mapped "{[/api/v1/info/team],methods=[PUT],produces=[text/html;charset=UTF-8]}" onto public java.lang.String cn.edu.bupt.demo.controller.TeamController.updateTeam(java.lang.String) throws java.lang.Exception"
2019-05-22 21:51:10 [main] INFO  o.s.w.s.m.m.a.RequestMappingHandlerMapping - "Mapped "{[/api/v1/info/teamPage],methods=[GET],params=[limit]}" onto public java.lang.Integer cn.edu.bupt.demo.controller.TeamController.getTeamPages(int) throws java.lang.Exception"
2019-05-22 21:51:10 [main] INFO  o.s.w.s.m.m.a.RequestMappingHandlerMapping - "Mapped "{[/api/v1/info/team],methods=[POST],produces=[text/html;charset=UTF-8]}" onto public java.lang.String cn.edu.bupt.demo.controller.TeamController.createTeam(java.lang.String) throws java.lang.Exception"
2019-05-22 21:51:10 [main] INFO  o.s.w.s.m.m.a.RequestMappingHandlerMapping - "Mapped "{[/api/v1/info/teamALL],methods=[GET],produces=[text/html;charset=UTF-8]}" onto public java.lang.String cn.edu.bupt.demo.controller.TeamController.getAllTeam() throws java.lang.Exception"
2019-05-22 21:51:10 [main] INFO  o.s.w.s.m.m.a.RequestMappingHandlerMapping - "Mapped "{[/api/v1/info/team],methods=[GET],params=[teamId],produces=[text/html;charset=UTF-8]}" onto public java.lang.String cn.edu.bupt.demo.controller.TeamController.getTeamById(java.lang.Integer) throws java.lang.Exception"
2019-05-22 21:51:10 [main] INFO  o.s.w.s.m.m.a.RequestMappingHandlerMapping - "Mapped "{[/api/v1/info/teamByPage],methods=[GET],params=[limit && page],produces=[text/html;charset=UTF-8]}" onto public java.lang.String cn.edu.bupt.demo.controller.TeamController.getTeamByPage(int,int) throws java.lang.Exception"
2019-05-22 21:51:10 [main] INFO  o.s.w.s.m.m.a.RequestMappingHandlerMapping - "Mapped "{[/api/v1/info/team],methods=[GET],params=[teamName],produces=[text/html;charset=UTF-8]}" onto public java.lang.String cn.edu.bupt.demo.controller.TeamController.getTeamByName(java.lang.String) throws java.lang.Exception"
2019-05-22 21:51:10 [main] INFO  o.s.w.s.m.m.a.RequestMappingHandlerMapping - "Mapped "{[/api/v1/info/team],methods=[GET],params=[location],produces=[text/html;charset=UTF-8]}" onto public java.lang.String cn.edu.bupt.demo.controller.TeamController.getTeamByLocation(java.lang.String) throws java.lang.Exception"
2019-05-22 21:51:10 [main] INFO  o.s.w.s.m.m.a.RequestMappingHandlerMapping - "Mapped "{[/api/v1/info/team],methods=[GET],params=[affiliation],produces=[text/html;charset=UTF-8]}" onto public java.lang.String cn.edu.bupt.demo.controller.TeamController.getTeamByAffiliation(java.lang.String) throws java.lang.Exception"
2019-05-22 21:51:10 [main] INFO  o.s.w.s.m.m.a.RequestMappingHandlerMapping - "Mapped "{[/error]}" onto public org.springframework.http.ResponseEntity<java.util.Map<java.lang.String, java.lang.Object>> org.springframework.boot.autoconfigure.web.servlet.error.BasicErrorController.error(javax.servlet.http.HttpServletRequest)"
2019-05-22 21:51:10 [main] INFO  o.s.w.s.m.m.a.RequestMappingHandlerMapping - "Mapped "{[/error],produces=[text/html]}" onto public org.springframework.web.servlet.ModelAndView org.springframework.boot.autoconfigure.web.servlet.error.BasicErrorController.errorHtml(javax.servlet.http.HttpServletRequest,javax.servlet.http.HttpServletResponse)"
2019-05-22 21:51:10 [main] INFO  o.s.w.s.h.SimpleUrlHandlerMapping - "Mapped URL path [/webjars/**] onto handler of type [class org.springframework.web.servlet.resource.ResourceHttpRequestHandler]"
2019-05-22 21:51:10 [main] INFO  o.s.w.s.h.SimpleUrlHandlerMapping - "Mapped URL path [/**] onto handler of type [class org.springframework.web.servlet.resource.ResourceHttpRequestHandler]"
2019-05-22 21:51:10 [main] INFO  o.s.w.s.h.SimpleUrlHandlerMapping - "Mapped URL path [/static/**] onto handler of type [class org.springframework.web.servlet.resource.ResourceHttpRequestHandler]"
2019-05-22 21:51:10 [main] INFO  o.s.w.s.h.SimpleUrlHandlerMapping - "Mapped URL path [/file/**] onto handler of type [class org.springframework.web.servlet.resource.ResourceHttpRequestHandler]"
2019-05-22 21:51:10 [main] INFO  o.s.j.e.a.AnnotationMBeanExporter - "Registering beans for JMX exposure on startup"
2019-05-22 21:51:10 [main] INFO  o.s.j.e.a.AnnotationMBeanExporter - "Bean with name 'dataSource' has been autodetected for JMX exposure"
2019-05-22 21:51:10 [main] INFO  o.s.j.e.a.AnnotationMBeanExporter - "Located MBean 'dataSource': registering with JMX server as MBean [com.zaxxer.hikari:name=dataSource,type=HikariDataSource]"
2019-05-22 21:51:10 [main] INFO  o.a.coyote.http11.Http11NioProtocol - "Starting ProtocolHandler ["http-nio-8100"]"
2019-05-22 21:51:10 [main] INFO  o.a.tomcat.util.net.NioSelectorPool - "Using a shared selector for servlet write/read"
2019-05-22 21:51:10 [main] INFO  o.s.b.w.e.tomcat.TomcatWebServer - "Tomcat started on port(s): 8100 (http) with context path ''"
2019-05-22 21:51:10 [main] INFO  cn.edu.bupt.demo.DemoApplication - "Started DemoApplication in 2.79 seconds (JVM running for 3.773)"
2019-05-22 21:51:28 [http-nio-8100-exec-2] INFO  o.a.c.c.C.[Tomcat].[localhost].[/] - "Initializing Spring FrameworkServlet 'dispatcherServlet'"
2019-05-22 21:51:28 [http-nio-8100-exec-2] INFO  o.s.web.servlet.DispatcherServlet - "FrameworkServlet 'dispatcherServlet': initialization started"
2019-05-22 21:51:28 [http-nio-8100-exec-2] INFO  o.s.web.servlet.DispatcherServlet - "FrameworkServlet 'dispatcherServlet': initialization completed in 10 ms"
2019-05-22 21:51:28 [http-nio-8100-exec-2] INFO  com.zaxxer.hikari.HikariDataSource - "HikariPool-1 - Starting..."
2019-05-22 21:51:28 [http-nio-8100-exec-2] INFO  com.zaxxer.hikari.HikariDataSource - "HikariPool-1 - Start completed."
